Using 1 GPU(s)...
Reading pre-processed data=/hdd3/jiayi/kaggle/kaggleAdDisplayChallenge_processed.npz
Sparse fea = 26, Dense fea = 13
Defined train indices...
Randomized indices across days ...
Split data according to indices...
Reading pre-processed data=/hdd3/jiayi/kaggle/kaggleAdDisplayChallenge_processed.npz
Sparse fea = 26, Dense fea = 13
Defined test indices...
Randomized indices across days ...
Split data according to indices...
Loading saved model results/224-112-1_lr0.1/model.pth
Saved at: epoch = 0/1, batch = 306176/306969, ntbatch = 200
Training state: loss = 0.447906, accuracy = 79.185 %
Testing state: loss = 0.453687, accuracy = 78.777 %
time/loss/accuracy (if enabled):
skip_upto_epoch: 0
args.nepochs: 3
k: 0
Finished training it 306969/306969 of epoch 0, 14.82 ms/it, loss 0.449599, accuracy 79.216 %
Testing at - 306969/306969 of epoch 0, loss 0.454787, accuracy 78.717 %, best 78.777 %
Finished training it 1024/306969 of epoch 1, 14.48 ms/it, loss 0.449304, accuracy 79.134 %
Saving model to results/224-112-1_lr0.1/model.pth
Testing at - 1024/306969 of epoch 0, loss 0.453936, accuracy 78.790 %, best 78.790 %
Finished training it 2048/306969 of epoch 1, 15.33 ms/it, loss 0.445957, accuracy 79.258 %
Testing at - 2048/306969 of epoch 0, loss 0.454100, accuracy 78.770 %, best 78.790 %
Finished training it 3072/306969 of epoch 1, 16.15 ms/it, loss 0.448801, accuracy 79.104 %
Saving model to results/224-112-1_lr0.1/model.pth
Testing at - 3072/306969 of epoch 0, loss 0.453582, accuracy 78.792 %, best 78.792 %
Finished training it 4096/306969 of epoch 1, 15.47 ms/it, loss 0.445812, accuracy 79.336 %
Testing at - 4096/306969 of epoch 0, loss 0.455007, accuracy 78.684 %, best 78.792 %
Finished training it 5120/306969 of epoch 1, 17.01 ms/it, loss 0.449210, accuracy 79.163 %
Testing at - 5120/306969 of epoch 0, loss 0.454619, accuracy 78.743 %, best 78.792 %
Finished training it 6144/306969 of epoch 1, 15.74 ms/it, loss 0.448486, accuracy 79.247 %
Testing at - 6144/306969 of epoch 0, loss 0.454042, accuracy 78.774 %, best 78.792 %
Finished training it 7168/306969 of epoch 1, 17.61 ms/it, loss 0.446248, accuracy 79.346 %
Testing at - 7168/306969 of epoch 0, loss 0.455315, accuracy 78.674 %, best 78.792 %
Finished training it 8192/306969 of epoch 1, 15.22 ms/it, loss 0.447270, accuracy 79.235 %
Testing at - 8192/306969 of epoch 0, loss 0.453868, accuracy 78.773 %, best 78.792 %
Finished training it 9216/306969 of epoch 1, 14.87 ms/it, loss 0.446668, accuracy 79.243 %
Saving model to results/224-112-1_lr0.1/model.pth
Testing at - 9216/306969 of epoch 0, loss 0.453512, accuracy 78.797 %, best 78.797 %
Finished training it 10240/306969 of epoch 1, 18.44 ms/it, loss 0.447104, accuracy 79.166 %
Testing at - 10240/306969 of epoch 0, loss 0.454759, accuracy 78.741 %, best 78.797 %
Finished training it 11264/306969 of epoch 1, 17.02 ms/it, loss 0.445772, accuracy 79.299 %
Testing at - 11264/306969 of epoch 0, loss 0.453914, accuracy 78.769 %, best 78.797 %
Finished training it 12288/306969 of epoch 1, 17.64 ms/it, loss 0.442363, accuracy 79.550 %
Testing at - 12288/306969 of epoch 0, loss 0.454630, accuracy 78.726 %, best 78.797 %
Finished training it 13312/306969 of epoch 1, 19.12 ms/it, loss 0.448831, accuracy 79.169 %
Testing at - 13312/306969 of epoch 0, loss 0.454514, accuracy 78.762 %, best 78.797 %
Finished training it 14336/306969 of epoch 1, 17.32 ms/it, loss 0.446104, accuracy 79.324 %
Testing at - 14336/306969 of epoch 0, loss 0.454718, accuracy 78.725 %, best 78.797 %
Finished training it 15360/306969 of epoch 1, 14.64 ms/it, loss 0.445669, accuracy 79.244 %
Testing at - 15360/306969 of epoch 0, loss 0.454284, accuracy 78.762 %, best 78.797 %
Finished training it 16384/306969 of epoch 1, 18.51 ms/it, loss 0.445533, accuracy 79.287 %
Testing at - 16384/306969 of epoch 0, loss 0.453480, accuracy 78.781 %, best 78.797 %
Finished training it 17408/306969 of epoch 1, 15.07 ms/it, loss 0.444482, accuracy 79.292 %
Testing at - 17408/306969 of epoch 0, loss 0.454519, accuracy 78.715 %, best 78.797 %
Finished training it 18432/306969 of epoch 1, 17.02 ms/it, loss 0.446455, accuracy 79.385 %
Testing at - 18432/306969 of epoch 0, loss 0.453644, accuracy 78.785 %, best 78.797 %
Finished training it 19456/306969 of epoch 1, 15.97 ms/it, loss 0.445431, accuracy 79.331 %
Testing at - 19456/306969 of epoch 0, loss 0.456335, accuracy 78.654 %, best 78.797 %
Finished training it 20480/306969 of epoch 1, 15.76 ms/it, loss 0.446643, accuracy 79.151 %
Testing at - 20480/306969 of epoch 0, loss 0.454791, accuracy 78.768 %, best 78.797 %
Finished training it 21504/306969 of epoch 1, 16.21 ms/it, loss 0.447124, accuracy 79.143 %
Testing at - 21504/306969 of epoch 0, loss 0.454703, accuracy 78.769 %, best 78.797 %
Finished training it 22528/306969 of epoch 1, 15.05 ms/it, loss 0.445722, accuracy 79.195 %
Saving model to results/224-112-1_lr0.1/model.pth
Testing at - 22528/306969 of epoch 0, loss 0.453501, accuracy 78.804 %, best 78.804 %
Finished training it 23552/306969 of epoch 1, 15.44 ms/it, loss 0.448719, accuracy 79.198 %
Saving model to results/224-112-1_lr0.1/model.pth
Testing at - 23552/306969 of epoch 0, loss 0.453696, accuracy 78.813 %, best 78.813 %
Finished training it 24576/306969 of epoch 1, 14.15 ms/it, loss 0.444692, accuracy 79.408 %
Testing at - 24576/306969 of epoch 0, loss 0.454739, accuracy 78.709 %, best 78.813 %
Finished training it 25600/306969 of epoch 1, 14.94 ms/it, loss 0.443415, accuracy 79.409 %
Testing at - 25600/306969 of epoch 0, loss 0.453676, accuracy 78.763 %, best 78.813 %
Finished training it 26624/306969 of epoch 1, 15.44 ms/it, loss 0.445018, accuracy 79.405 %
Testing at - 26624/306969 of epoch 0, loss 0.453853, accuracy 78.780 %, best 78.813 %
Finished training it 27648/306969 of epoch 1, 15.60 ms/it, loss 0.443176, accuracy 79.432 %
Testing at - 27648/306969 of epoch 0, loss 0.453658, accuracy 78.787 %, best 78.813 %
Finished training it 28672/306969 of epoch 1, 15.24 ms/it, loss 0.446158, accuracy 79.261 %
Testing at - 28672/306969 of epoch 0, loss 0.453540, accuracy 78.793 %, best 78.813 %
Finished training it 29696/306969 of epoch 1, 14.74 ms/it, loss 0.447740, accuracy 79.025 %
Testing at - 29696/306969 of epoch 0, loss 0.453479, accuracy 78.799 %, best 78.813 %
Finished training it 30720/306969 of epoch 1, 14.59 ms/it, loss 0.445713, accuracy 79.240 %
Testing at - 30720/306969 of epoch 0, loss 0.454562, accuracy 78.770 %, best 78.813 %
Finished training it 31744/306969 of epoch 1, 15.00 ms/it, loss 0.447372, accuracy 79.130 %
Testing at - 31744/306969 of epoch 0, loss 0.455995, accuracy 78.631 %, best 78.813 %
Finished training it 32768/306969 of epoch 1, 15.79 ms/it, loss 0.446476, accuracy 79.181 %
Testing at - 32768/306969 of epoch 0, loss 0.453376, accuracy 78.804 %, best 78.813 %
Finished training it 33792/306969 of epoch 1, 17.23 ms/it, loss 0.444584, accuracy 79.340 %
Saving model to results/224-112-1_lr0.1/model.pth
Testing at - 33792/306969 of epoch 0, loss 0.453275, accuracy 78.818 %, best 78.818 %
Finished training it 34816/306969 of epoch 1, 16.68 ms/it, loss 0.442509, accuracy 79.442 %
Testing at - 34816/306969 of epoch 0, loss 0.453825, accuracy 78.792 %, best 78.818 %
Finished training it 35840/306969 of epoch 1, 14.93 ms/it, loss 0.447942, accuracy 79.193 %
Testing at - 35840/306969 of epoch 0, loss 0.453468, accuracy 78.810 %, best 78.818 %
Finished training it 36864/306969 of epoch 1, 15.26 ms/it, loss 0.444710, accuracy 79.422 %
Testing at - 36864/306969 of epoch 0, loss 0.454091, accuracy 78.796 %, best 78.818 %
Finished training it 37888/306969 of epoch 1, 15.68 ms/it, loss 0.443172, accuracy 79.385 %
Testing at - 37888/306969 of epoch 0, loss 0.454894, accuracy 78.689 %, best 78.818 %
Finished training it 38912/306969 of epoch 1, 16.85 ms/it, loss 0.446599, accuracy 79.170 %
Saving model to results/224-112-1_lr0.1/model.pth
Testing at - 38912/306969 of epoch 0, loss 0.453370, accuracy 78.818 %, best 78.818 %
Finished training it 39936/306969 of epoch 1, 14.79 ms/it, loss 0.445708, accuracy 79.292 %
Saving model to results/224-112-1_lr0.1/model.pth
Testing at - 39936/306969 of epoch 0, loss 0.453083, accuracy 78.827 %, best 78.827 %
Finished training it 40960/306969 of epoch 1, 17.24 ms/it, loss 0.445359, accuracy 79.282 %
Testing at - 40960/306969 of epoch 0, loss 0.453439, accuracy 78.804 %, best 78.827 %
Finished training it 41984/306969 of epoch 1, 18.45 ms/it, loss 0.445262, accuracy 79.365 %
Testing at - 41984/306969 of epoch 0, loss 0.453363, accuracy 78.804 %, best 78.827 %
Finished training it 43008/306969 of epoch 1, 16.45 ms/it, loss 0.445202, accuracy 79.355 %
Testing at - 43008/306969 of epoch 0, loss 0.453707, accuracy 78.806 %, best 78.827 %
Finished training it 44032/306969 of epoch 1, 14.92 ms/it, loss 0.446103, accuracy 79.307 %
Testing at - 44032/306969 of epoch 0, loss 0.454544, accuracy 78.792 %, best 78.827 %
Finished training it 45056/306969 of epoch 1, 16.69 ms/it, loss 0.446825, accuracy 79.276 %
Testing at - 45056/306969 of epoch 0, loss 0.453405, accuracy 78.818 %, best 78.827 %
Finished training it 46080/306969 of epoch 1, 17.06 ms/it, loss 0.444980, accuracy 79.368 %
Testing at - 46080/306969 of epoch 0, loss 0.453626, accuracy 78.772 %, best 78.827 %
Finished training it 47104/306969 of epoch 1, 14.99 ms/it, loss 0.448856, accuracy 78.983 %
Testing at - 47104/306969 of epoch 0, loss 0.455359, accuracy 78.725 %, best 78.827 %
Finished training it 48128/306969 of epoch 1, 15.61 ms/it, loss 0.446482, accuracy 79.141 %
Testing at - 48128/306969 of epoch 0, loss 0.454209, accuracy 78.744 %, best 78.827 %
Finished training it 49152/306969 of epoch 1, 16.81 ms/it, loss 0.442241, accuracy 79.459 %
Testing at - 49152/306969 of epoch 0, loss 0.453221, accuracy 78.787 %, best 78.827 %
Finished training it 50176/306969 of epoch 1, 17.89 ms/it, loss 0.444090, accuracy 79.348 %
Testing at - 50176/306969 of epoch 0, loss 0.455591, accuracy 78.697 %, best 78.827 %
Finished training it 51200/306969 of epoch 1, 16.12 ms/it, loss 0.446298, accuracy 79.310 %
Testing at - 51200/306969 of epoch 0, loss 0.454041, accuracy 78.787 %, best 78.827 %
Finished training it 52224/306969 of epoch 1, 14.29 ms/it, loss 0.446798, accuracy 79.241 %
Testing at - 52224/306969 of epoch 0, loss 0.453029, accuracy 78.822 %, best 78.827 %
Finished training it 53248/306969 of epoch 1, 16.60 ms/it, loss 0.446154, accuracy 79.446 %
Testing at - 53248/306969 of epoch 0, loss 0.453037, accuracy 78.813 %, best 78.827 %
Finished training it 54272/306969 of epoch 1, 16.67 ms/it, loss 0.445991, accuracy 79.292 %
Testing at - 54272/306969 of epoch 0, loss 0.453798, accuracy 78.791 %, best 78.827 %
Finished training it 55296/306969 of epoch 1, 17.12 ms/it, loss 0.445042, accuracy 79.372 %
Testing at - 55296/306969 of epoch 0, loss 0.453964, accuracy 78.793 %, best 78.827 %
Finished training it 56320/306969 of epoch 1, 17.64 ms/it, loss 0.444993, accuracy 79.345 %
Testing at - 56320/306969 of epoch 0, loss 0.453352, accuracy 78.795 %, best 78.827 %
Finished training it 57344/306969 of epoch 1, 16.29 ms/it, loss 0.443001, accuracy 79.346 %
Testing at - 57344/306969 of epoch 0, loss 0.453254, accuracy 78.808 %, best 78.827 %
Finished training it 58368/306969 of epoch 1, 15.55 ms/it, loss 0.443325, accuracy 79.552 %
Testing at - 58368/306969 of epoch 0, loss 0.453175, accuracy 78.797 %, best 78.827 %
Finished training it 59392/306969 of epoch 1, 17.06 ms/it, loss 0.445101, accuracy 79.320 %
Testing at - 59392/306969 of epoch 0, loss 0.453144, accuracy 78.812 %, best 78.827 %
Finished training it 60416/306969 of epoch 1, 16.23 ms/it, loss 0.445720, accuracy 79.286 %
Testing at - 60416/306969 of epoch 0, loss 0.456566, accuracy 78.656 %, best 78.827 %
Finished training it 61440/306969 of epoch 1, 15.18 ms/it, loss 0.447843, accuracy 79.175 %
Testing at - 61440/306969 of epoch 0, loss 0.453592, accuracy 78.793 %, best 78.827 %
Finished training it 62464/306969 of epoch 1, 14.68 ms/it, loss 0.445665, accuracy 79.253 %
Testing at - 62464/306969 of epoch 0, loss 0.454249, accuracy 78.719 %, best 78.827 %
Finished training it 63488/306969 of epoch 1, 14.83 ms/it, loss 0.444243, accuracy 79.301 %
Testing at - 63488/306969 of epoch 0, loss 0.453122, accuracy 78.821 %, best 78.827 %
Finished training it 64512/306969 of epoch 1, 16.36 ms/it, loss 0.446354, accuracy 79.217 %
Testing at - 64512/306969 of epoch 0, loss 0.453936, accuracy 78.780 %, best 78.827 %
Finished training it 65536/306969 of epoch 1, 14.69 ms/it, loss 0.448019, accuracy 79.089 %
Testing at - 65536/306969 of epoch 0, loss 0.453216, accuracy 78.801 %, best 78.827 %
Finished training it 66560/306969 of epoch 1, 13.88 ms/it, loss 0.444983, accuracy 79.411 %
Testing at - 66560/306969 of epoch 0, loss 0.453216, accuracy 78.802 %, best 78.827 %
Finished training it 67584/306969 of epoch 1, 15.58 ms/it, loss 0.443144, accuracy 79.494 %
Testing at - 67584/306969 of epoch 0, loss 0.453848, accuracy 78.766 %, best 78.827 %
Finished training it 68608/306969 of epoch 1, 13.32 ms/it, loss 0.445479, accuracy 79.358 %
Testing at - 68608/306969 of epoch 0, loss 0.453917, accuracy 78.775 %, best 78.827 %
Finished training it 69632/306969 of epoch 1, 14.53 ms/it, loss 0.445223, accuracy 79.265 %
Testing at - 69632/306969 of epoch 0, loss 0.453089, accuracy 78.798 %, best 78.827 %
Finished training it 70656/306969 of epoch 1, 14.36 ms/it, loss 0.444653, accuracy 79.358 %
Testing at - 70656/306969 of epoch 0, loss 0.453789, accuracy 78.802 %, best 78.827 %
Finished training it 71680/306969 of epoch 1, 14.28 ms/it, loss 0.446129, accuracy 79.298 %
Testing at - 71680/306969 of epoch 0, loss 0.453218, accuracy 78.822 %, best 78.827 %
Finished training it 72704/306969 of epoch 1, 15.42 ms/it, loss 0.443001, accuracy 79.457 %
Testing at - 72704/306969 of epoch 0, loss 0.454433, accuracy 78.686 %, best 78.827 %
Finished training it 73728/306969 of epoch 1, 15.06 ms/it, loss 0.445081, accuracy 79.482 %
Testing at - 73728/306969 of epoch 0, loss 0.453828, accuracy 78.772 %, best 78.827 %
Finished training it 74752/306969 of epoch 1, 14.71 ms/it, loss 0.444934, accuracy 79.367 %
Testing at - 74752/306969 of epoch 0, loss 0.455018, accuracy 78.629 %, best 78.827 %
Finished training it 75776/306969 of epoch 1, 14.31 ms/it, loss 0.444787, accuracy 79.280 %
Testing at - 75776/306969 of epoch 0, loss 0.453098, accuracy 78.803 %, best 78.827 %
Finished training it 76800/306969 of epoch 1, 15.96 ms/it, loss 0.444785, accuracy 79.327 %
Testing at - 76800/306969 of epoch 0, loss 0.454399, accuracy 78.736 %, best 78.827 %
Finished training it 77824/306969 of epoch 1, 15.40 ms/it, loss 0.445278, accuracy 79.430 %
Saving model to results/224-112-1_lr0.1/model.pth
Testing at - 77824/306969 of epoch 0, loss 0.452971, accuracy 78.845 %, best 78.845 %
Finished training it 78848/306969 of epoch 1, 15.84 ms/it, loss 0.444871, accuracy 79.324 %
Saving model to results/224-112-1_lr0.1/model.pth
Testing at - 78848/306969 of epoch 0, loss 0.452384, accuracy 78.871 %, best 78.871 %
Finished training it 79872/306969 of epoch 1, 14.10 ms/it, loss 0.444038, accuracy 79.266 %
Testing at - 79872/306969 of epoch 0, loss 0.453603, accuracy 78.815 %, best 78.871 %
Finished training it 80896/306969 of epoch 1, 14.27 ms/it, loss 0.444250, accuracy 79.395 %
Testing at - 80896/306969 of epoch 0, loss 0.453201, accuracy 78.837 %, best 78.871 %
Finished training it 81920/306969 of epoch 1, 15.73 ms/it, loss 0.445313, accuracy 79.243 %
Saving model to results/224-112-1_lr0.1/model.pth
Testing at - 81920/306969 of epoch 0, loss 0.452201, accuracy 78.875 %, best 78.875 %
Finished training it 82944/306969 of epoch 1, 16.92 ms/it, loss 0.443573, accuracy 79.356 %
Testing at - 82944/306969 of epoch 0, loss 0.453910, accuracy 78.744 %, best 78.875 %
Finished training it 83968/306969 of epoch 1, 15.61 ms/it, loss 0.443349, accuracy 79.362 %
Testing at - 83968/306969 of epoch 0, loss 0.453654, accuracy 78.846 %, best 78.875 %
Finished training it 84992/306969 of epoch 1, 15.78 ms/it, loss 0.443945, accuracy 79.411 %
Testing at - 84992/306969 of epoch 0, loss 0.452845, accuracy 78.843 %, best 78.875 %
Finished training it 86016/306969 of epoch 1, 16.09 ms/it, loss 0.445774, accuracy 79.277 %
Testing at - 86016/306969 of epoch 0, loss 0.453269, accuracy 78.800 %, best 78.875 %
Finished training it 87040/306969 of epoch 1, 17.88 ms/it, loss 0.444588, accuracy 79.294 %
Testing at - 87040/306969 of epoch 0, loss 0.453458, accuracy 78.818 %, best 78.875 %
Finished training it 88064/306969 of epoch 1, 17.96 ms/it, loss 0.442610, accuracy 79.498 %
Testing at - 88064/306969 of epoch 0, loss 0.452662, accuracy 78.831 %, best 78.875 %
Finished training it 89088/306969 of epoch 1, 16.01 ms/it, loss 0.444390, accuracy 79.314 %
Testing at - 89088/306969 of epoch 0, loss 0.453460, accuracy 78.802 %, best 78.875 %
Finished training it 90112/306969 of epoch 1, 16.23 ms/it, loss 0.444092, accuracy 79.507 %
Testing at - 90112/306969 of epoch 0, loss 0.453061, accuracy 78.810 %, best 78.875 %
Finished training it 91136/306969 of epoch 1, 17.50 ms/it, loss 0.444085, accuracy 79.271 %
Testing at - 91136/306969 of epoch 0, loss 0.453723, accuracy 78.778 %, best 78.875 %
Finished training it 92160/306969 of epoch 1, 16.12 ms/it, loss 0.445612, accuracy 79.237 %
Testing at - 92160/306969 of epoch 0, loss 0.454092, accuracy 78.788 %, best 78.875 %
Finished training it 93184/306969 of epoch 1, 17.98 ms/it, loss 0.444466, accuracy 79.320 %
Testing at - 93184/306969 of epoch 0, loss 0.453116, accuracy 78.831 %, best 78.875 %
Finished training it 94208/306969 of epoch 1, 17.67 ms/it, loss 0.444132, accuracy 79.401 %
Testing at - 94208/306969 of epoch 0, loss 0.452704, accuracy 78.833 %, best 78.875 %
Finished training it 95232/306969 of epoch 1, 18.33 ms/it, loss 0.442537, accuracy 79.487 %
Testing at - 95232/306969 of epoch 0, loss 0.452303, accuracy 78.834 %, best 78.875 %
Finished training it 96256/306969 of epoch 1, 16.60 ms/it, loss 0.442437, accuracy 79.438 %
Testing at - 96256/306969 of epoch 0, loss 0.455098, accuracy 78.716 %, best 78.875 %
Finished training it 97280/306969 of epoch 1, 17.76 ms/it, loss 0.442467, accuracy 79.456 %
Testing at - 97280/306969 of epoch 0, loss 0.452803, accuracy 78.848 %, best 78.875 %
Finished training it 98304/306969 of epoch 1, 15.22 ms/it, loss 0.442314, accuracy 79.442 %
Testing at - 98304/306969 of epoch 0, loss 0.452868, accuracy 78.838 %, best 78.875 %
Finished training it 99328/306969 of epoch 1, 15.25 ms/it, loss 0.445254, accuracy 79.407 %
Testing at - 99328/306969 of epoch 0, loss 0.454191, accuracy 78.774 %, best 78.875 %
Finished training it 100352/306969 of epoch 1, 15.07 ms/it, loss 0.443777, accuracy 79.377 %
Testing at - 100352/306969 of epoch 0, loss 0.452492, accuracy 78.833 %, best 78.875 %
Finished training it 101376/306969 of epoch 1, 14.84 ms/it, loss 0.443414, accuracy 79.407 %
Testing at - 101376/306969 of epoch 0, loss 0.453135, accuracy 78.851 %, best 78.875 %
Finished training it 102400/306969 of epoch 1, 14.71 ms/it, loss 0.444328, accuracy 79.362 %
Testing at - 102400/306969 of epoch 0, loss 0.453938, accuracy 78.752 %, best 78.875 %
Finished training it 103424/306969 of epoch 1, 15.29 ms/it, loss 0.445308, accuracy 79.412 %
Testing at - 103424/306969 of epoch 0, loss 0.452994, accuracy 78.831 %, best 78.875 %
Finished training it 104448/306969 of epoch 1, 15.25 ms/it, loss 0.445456, accuracy 79.278 %
Testing at - 104448/306969 of epoch 0, loss 0.453340, accuracy 78.780 %, best 78.875 %
Finished training it 105472/306969 of epoch 1, 13.99 ms/it, loss 0.445098, accuracy 79.332 %
Testing at - 105472/306969 of epoch 0, loss 0.453091, accuracy 78.852 %, best 78.875 %
Finished training it 106496/306969 of epoch 1, 14.87 ms/it, loss 0.442878, accuracy 79.386 %
Testing at - 106496/306969 of epoch 0, loss 0.456715, accuracy 78.640 %, best 78.875 %
Finished training it 107520/306969 of epoch 1, 14.30 ms/it, loss 0.443509, accuracy 79.375 %
Testing at - 107520/306969 of epoch 0, loss 0.453159, accuracy 78.817 %, best 78.875 %
Finished training it 108544/306969 of epoch 1, 14.76 ms/it, loss 0.443748, accuracy 79.286 %
Saving model to results/224-112-1_lr0.1/model.pth
Testing at - 108544/306969 of epoch 0, loss 0.452389, accuracy 78.880 %, best 78.880 %
Finished training it 109568/306969 of epoch 1, 16.23 ms/it, loss 0.443460, accuracy 79.439 %
Testing at - 109568/306969 of epoch 0, loss 0.452606, accuracy 78.832 %, best 78.880 %
Finished training it 110592/306969 of epoch 1, 17.20 ms/it, loss 0.444071, accuracy 79.276 %
Testing at - 110592/306969 of epoch 0, loss 0.452520, accuracy 78.880 %, best 78.880 %
Finished training it 111616/306969 of epoch 1, 15.56 ms/it, loss 0.446277, accuracy 79.201 %
Testing at - 111616/306969 of epoch 0, loss 0.452939, accuracy 78.830 %, best 78.880 %
Finished training it 112640/306969 of epoch 1, 14.65 ms/it, loss 0.445576, accuracy 79.333 %
Testing at - 112640/306969 of epoch 0, loss 0.452288, accuracy 78.869 %, best 78.880 %
Finished training it 113664/306969 of epoch 1, 15.99 ms/it, loss 0.444825, accuracy 79.294 %
Testing at - 113664/306969 of epoch 0, loss 0.452790, accuracy 78.870 %, best 78.880 %
Finished training it 114688/306969 of epoch 1, 14.85 ms/it, loss 0.443218, accuracy 79.395 %
Testing at - 114688/306969 of epoch 0, loss 0.454559, accuracy 78.783 %, best 78.880 %
Finished training it 115712/306969 of epoch 1, 17.16 ms/it, loss 0.442369, accuracy 79.482 %
Testing at - 115712/306969 of epoch 0, loss 0.453902, accuracy 78.847 %, best 78.880 %
Finished training it 116736/306969 of epoch 1, 15.47 ms/it, loss 0.445274, accuracy 79.345 %
Testing at - 116736/306969 of epoch 0, loss 0.452803, accuracy 78.867 %, best 78.880 %
Finished training it 117760/306969 of epoch 1, 15.42 ms/it, loss 0.442188, accuracy 79.526 %
Testing at - 117760/306969 of epoch 0, loss 0.453109, accuracy 78.766 %, best 78.880 %
Finished training it 118784/306969 of epoch 1, 15.98 ms/it, loss 0.444108, accuracy 79.323 %
Testing at - 118784/306969 of epoch 0, loss 0.452813, accuracy 78.778 %, best 78.880 %
Finished training it 119808/306969 of epoch 1, 14.81 ms/it, loss 0.446229, accuracy 79.242 %
Testing at - 119808/306969 of epoch 0, loss 0.455433, accuracy 78.667 %, best 78.880 %
Finished training it 120832/306969 of epoch 1, 16.46 ms/it, loss 0.441745, accuracy 79.523 %
Testing at - 120832/306969 of epoch 0, loss 0.452241, accuracy 78.869 %, best 78.880 %
Finished training it 121856/306969 of epoch 1, 15.14 ms/it, loss 0.443378, accuracy 79.546 %
Testing at - 121856/306969 of epoch 0, loss 0.452880, accuracy 78.828 %, best 78.880 %
Finished training it 122880/306969 of epoch 1, 14.61 ms/it, loss 0.444081, accuracy 79.218 %
Testing at - 122880/306969 of epoch 0, loss 0.452548, accuracy 78.855 %, best 78.880 %
Finished training it 123904/306969 of epoch 1, 15.03 ms/it, loss 0.446525, accuracy 79.202 %
Testing at - 123904/306969 of epoch 0, loss 0.452457, accuracy 78.871 %, best 78.880 %
Finished training it 124928/306969 of epoch 1, 15.55 ms/it, loss 0.443146, accuracy 79.389 %
Testing at - 124928/306969 of epoch 0, loss 0.452770, accuracy 78.822 %, best 78.880 %
Finished training it 125952/306969 of epoch 1, 14.47 ms/it, loss 0.445437, accuracy 79.350 %
Testing at - 125952/306969 of epoch 0, loss 0.453190, accuracy 78.827 %, best 78.880 %
Finished training it 126976/306969 of epoch 1, 15.02 ms/it, loss 0.446038, accuracy 79.232 %
Testing at - 126976/306969 of epoch 0, loss 0.452309, accuracy 78.856 %, best 78.880 %
Finished training it 128000/306969 of epoch 1, 15.21 ms/it, loss 0.442140, accuracy 79.499 %
Testing at - 128000/306969 of epoch 0, loss 0.452327, accuracy 78.845 %, best 78.880 %
Finished training it 129024/306969 of epoch 1, 15.55 ms/it, loss 0.444525, accuracy 79.310 %
Testing at - 129024/306969 of epoch 0, loss 0.452728, accuracy 78.835 %, best 78.880 %
Finished training it 130048/306969 of epoch 1, 14.53 ms/it, loss 0.446534, accuracy 79.157 %
Testing at - 130048/306969 of epoch 0, loss 0.452694, accuracy 78.850 %, best 78.880 %
Finished training it 131072/306969 of epoch 1, 14.60 ms/it, loss 0.444965, accuracy 79.243 %
Testing at - 131072/306969 of epoch 0, loss 0.452712, accuracy 78.855 %, best 78.880 %
Finished training it 132096/306969 of epoch 1, 17.56 ms/it, loss 0.445446, accuracy 79.279 %
Testing at - 132096/306969 of epoch 0, loss 0.452838, accuracy 78.827 %, best 78.880 %
Finished training it 133120/306969 of epoch 1, 18.39 ms/it, loss 0.441952, accuracy 79.566 %
Testing at - 133120/306969 of epoch 0, loss 0.453209, accuracy 78.776 %, best 78.880 %
Finished training it 134144/306969 of epoch 1, 17.15 ms/it, loss 0.442869, accuracy 79.365 %
Testing at - 134144/306969 of epoch 0, loss 0.452636, accuracy 78.853 %, best 78.880 %
Finished training it 135168/306969 of epoch 1, 14.56 ms/it, loss 0.440868, accuracy 79.501 %
Testing at - 135168/306969 of epoch 0, loss 0.452685, accuracy 78.831 %, best 78.880 %
Finished training it 136192/306969 of epoch 1, 17.31 ms/it, loss 0.444746, accuracy 79.385 %
Testing at - 136192/306969 of epoch 0, loss 0.452867, accuracy 78.868 %, best 78.880 %
Finished training it 137216/306969 of epoch 1, 15.27 ms/it, loss 0.443850, accuracy 79.466 %
Saving model to results/224-112-1_lr0.1/model.pth
Testing at - 137216/306969 of epoch 0, loss 0.451748, accuracy 78.899 %, best 78.899 %
Finished training it 138240/306969 of epoch 1, 14.32 ms/it, loss 0.444994, accuracy 79.306 %
Testing at - 138240/306969 of epoch 0, loss 0.451822, accuracy 78.887 %, best 78.899 %
Finished training it 139264/306969 of epoch 1, 15.11 ms/it, loss 0.444229, accuracy 79.274 %
Testing at - 139264/306969 of epoch 0, loss 0.453470, accuracy 78.792 %, best 78.899 %
Finished training it 140288/306969 of epoch 1, 14.97 ms/it, loss 0.440042, accuracy 79.601 %
Testing at - 140288/306969 of epoch 0, loss 0.453992, accuracy 78.847 %, best 78.899 %
Finished training it 141312/306969 of epoch 1, 14.64 ms/it, loss 0.443048, accuracy 79.428 %
Testing at - 141312/306969 of epoch 0, loss 0.453461, accuracy 78.728 %, best 78.899 %
Finished training it 142336/306969 of epoch 1, 14.91 ms/it, loss 0.440767, accuracy 79.602 %
Testing at - 142336/306969 of epoch 0, loss 0.452455, accuracy 78.876 %, best 78.899 %
Finished training it 143360/306969 of epoch 1, 14.82 ms/it, loss 0.442806, accuracy 79.470 %
Testing at - 143360/306969 of epoch 0, loss 0.457786, accuracy 78.443 %, best 78.899 %
Finished training it 144384/306969 of epoch 1, 14.98 ms/it, loss 0.443183, accuracy 79.398 %
Testing at - 144384/306969 of epoch 0, loss 0.452135, accuracy 78.891 %, best 78.899 %
Finished training it 145408/306969 of epoch 1, 15.16 ms/it, loss 0.445722, accuracy 79.195 %
Testing at - 145408/306969 of epoch 0, loss 0.453248, accuracy 78.856 %, best 78.899 %
Finished training it 146432/306969 of epoch 1, 15.53 ms/it, loss 0.441797, accuracy 79.524 %
Testing at - 146432/306969 of epoch 0, loss 0.452279, accuracy 78.885 %, best 78.899 %
Finished training it 147456/306969 of epoch 1, 16.48 ms/it, loss 0.441811, accuracy 79.449 %
Testing at - 147456/306969 of epoch 0, loss 0.453646, accuracy 78.789 %, best 78.899 %
Finished training it 148480/306969 of epoch 1, 15.59 ms/it, loss 0.440477, accuracy 79.495 %
Testing at - 148480/306969 of epoch 0, loss 0.452538, accuracy 78.845 %, best 78.899 %
Finished training it 149504/306969 of epoch 1, 17.68 ms/it, loss 0.441781, accuracy 79.546 %
Testing at - 149504/306969 of epoch 0, loss 0.453833, accuracy 78.754 %, best 78.899 %
Finished training it 150528/306969 of epoch 1, 14.71 ms/it, loss 0.442770, accuracy 79.405 %
Testing at - 150528/306969 of epoch 0, loss 0.452115, accuracy 78.845 %, best 78.899 %
Finished training it 151552/306969 of epoch 1, 13.93 ms/it, loss 0.439875, accuracy 79.611 %
Testing at - 151552/306969 of epoch 0, loss 0.456577, accuracy 78.473 %, best 78.899 %
Finished training it 152576/306969 of epoch 1, 14.40 ms/it, loss 0.440745, accuracy 79.547 %
Testing at - 152576/306969 of epoch 0, loss 0.452682, accuracy 78.829 %, best 78.899 %
Finished training it 153600/306969 of epoch 1, 14.12 ms/it, loss 0.442739, accuracy 79.433 %
Testing at - 153600/306969 of epoch 0, loss 0.453604, accuracy 78.714 %, best 78.899 %
Finished training it 154624/306969 of epoch 1, 14.82 ms/it, loss 0.442572, accuracy 79.495 %
Testing at - 154624/306969 of epoch 0, loss 0.451919, accuracy 78.869 %, best 78.899 %
Finished training it 155648/306969 of epoch 1, 14.58 ms/it, loss 0.441606, accuracy 79.465 %
Testing at - 155648/306969 of epoch 0, loss 0.452089, accuracy 78.885 %, best 78.899 %
Finished training it 156672/306969 of epoch 1, 15.18 ms/it, loss 0.442019, accuracy 79.423 %
Testing at - 156672/306969 of epoch 0, loss 0.451709, accuracy 78.892 %, best 78.899 %
Finished training it 157696/306969 of epoch 1, 14.96 ms/it, loss 0.440323, accuracy 79.643 %
Testing at - 157696/306969 of epoch 0, loss 0.451969, accuracy 78.878 %, best 78.899 %
Finished training it 158720/306969 of epoch 1, 14.38 ms/it, loss 0.443424, accuracy 79.459 %
Testing at - 158720/306969 of epoch 0, loss 0.451970, accuracy 78.890 %, best 78.899 %
Finished training it 159744/306969 of epoch 1, 15.17 ms/it, loss 0.442801, accuracy 79.482 %
Testing at - 159744/306969 of epoch 0, loss 0.454632, accuracy 78.725 %, best 78.899 %
Finished training it 160768/306969 of epoch 1, 14.45 ms/it, loss 0.443351, accuracy 79.467 %
Testing at - 160768/306969 of epoch 0, loss 0.452829, accuracy 78.833 %, best 78.899 %
Finished training it 161792/306969 of epoch 1, 16.49 ms/it, loss 0.444477, accuracy 79.314 %
Testing at - 161792/306969 of epoch 0, loss 0.451837, accuracy 78.888 %, best 78.899 %
Finished training it 162816/306969 of epoch 1, 15.27 ms/it, loss 0.444628, accuracy 79.403 %
Testing at - 162816/306969 of epoch 0, loss 0.451776, accuracy 78.874 %, best 78.899 %
Finished training it 163840/306969 of epoch 1, 13.43 ms/it, loss 0.443888, accuracy 79.465 %
Testing at - 163840/306969 of epoch 0, loss 0.452973, accuracy 78.773 %, best 78.899 %
Finished training it 164864/306969 of epoch 1, 14.69 ms/it, loss 0.443584, accuracy 79.388 %
Testing at - 164864/306969 of epoch 0, loss 0.451743, accuracy 78.876 %, best 78.899 %
Finished training it 165888/306969 of epoch 1, 14.59 ms/it, loss 0.443148, accuracy 79.510 %
Testing at - 165888/306969 of epoch 0, loss 0.453064, accuracy 78.850 %, best 78.899 %
Finished training it 166912/306969 of epoch 1, 14.91 ms/it, loss 0.444659, accuracy 79.287 %
Testing at - 166912/306969 of epoch 0, loss 0.452336, accuracy 78.802 %, best 78.899 %
Finished training it 167936/306969 of epoch 1, 15.11 ms/it, loss 0.444721, accuracy 79.395 %
Testing at - 167936/306969 of epoch 0, loss 0.452050, accuracy 78.876 %, best 78.899 %
Finished training it 168960/306969 of epoch 1, 16.24 ms/it, loss 0.441879, accuracy 79.391 %
Testing at - 168960/306969 of epoch 0, loss 0.451669, accuracy 78.874 %, best 78.899 %
Finished training it 169984/306969 of epoch 1, 14.60 ms/it, loss 0.442921, accuracy 79.385 %
Testing at - 169984/306969 of epoch 0, loss 0.452888, accuracy 78.832 %, best 78.899 %
Finished training it 171008/306969 of epoch 1, 14.84 ms/it, loss 0.439608, accuracy 79.556 %
Testing at - 171008/306969 of epoch 0, loss 0.453030, accuracy 78.796 %, best 78.899 %
Finished training it 172032/306969 of epoch 1, 15.59 ms/it, loss 0.441980, accuracy 79.560 %
Saving model to results/224-112-1_lr0.1/model.pth
Testing at - 172032/306969 of epoch 0, loss 0.451495, accuracy 78.906 %, best 78.906 %
Finished training it 173056/306969 of epoch 1, 15.16 ms/it, loss 0.444423, accuracy 79.312 %
Testing at - 173056/306969 of epoch 0, loss 0.451556, accuracy 78.895 %, best 78.906 %
Finished training it 174080/306969 of epoch 1, 14.67 ms/it, loss 0.442074, accuracy 79.406 %
Testing at - 174080/306969 of epoch 0, loss 0.452719, accuracy 78.859 %, best 78.906 %
Finished training it 175104/306969 of epoch 1, 14.59 ms/it, loss 0.442256, accuracy 79.564 %
Testing at - 175104/306969 of epoch 0, loss 0.452174, accuracy 78.823 %, best 78.906 %
Finished training it 176128/306969 of epoch 1, 14.72 ms/it, loss 0.442044, accuracy 79.509 %
Testing at - 176128/306969 of epoch 0, loss 0.452561, accuracy 78.871 %, best 78.906 %
Finished training it 177152/306969 of epoch 1, 15.02 ms/it, loss 0.439671, accuracy 79.670 %
Testing at - 177152/306969 of epoch 0, loss 0.452301, accuracy 78.878 %, best 78.906 %
Finished training it 178176/306969 of epoch 1, 14.94 ms/it, loss 0.441408, accuracy 79.552 %
Testing at - 178176/306969 of epoch 0, loss 0.451823, accuracy 78.848 %, best 78.906 %
Finished training it 179200/306969 of epoch 1, 14.97 ms/it, loss 0.441608, accuracy 79.441 %
Testing at - 179200/306969 of epoch 0, loss 0.452223, accuracy 78.899 %, best 78.906 %
Finished training it 180224/306969 of epoch 1, 14.55 ms/it, loss 0.443579, accuracy 79.382 %
Testing at - 180224/306969 of epoch 0, loss 0.451784, accuracy 78.885 %, best 78.906 %
Finished training it 181248/306969 of epoch 1, 14.57 ms/it, loss 0.444617, accuracy 79.293 %
Testing at - 181248/306969 of epoch 0, loss 0.451318, accuracy 78.901 %, best 78.906 %
Finished training it 182272/306969 of epoch 1, 16.10 ms/it, loss 0.444624, accuracy 79.298 %
Testing at - 182272/306969 of epoch 0, loss 0.453022, accuracy 78.807 %, best 78.906 %
Finished training it 183296/306969 of epoch 1, 14.32 ms/it, loss 0.443153, accuracy 79.413 %
Testing at - 183296/306969 of epoch 0, loss 0.452196, accuracy 78.856 %, best 78.906 %
Finished training it 184320/306969 of epoch 1, 14.99 ms/it, loss 0.442630, accuracy 79.381 %
Testing at - 184320/306969 of epoch 0, loss 0.451582, accuracy 78.905 %, best 78.906 %
Finished training it 185344/306969 of epoch 1, 14.30 ms/it, loss 0.444370, accuracy 79.326 %
Testing at - 185344/306969 of epoch 0, loss 0.451434, accuracy 78.900 %, best 78.906 %
Finished training it 186368/306969 of epoch 1, 14.53 ms/it, loss 0.442373, accuracy 79.453 %
Testing at - 186368/306969 of epoch 0, loss 0.452606, accuracy 78.825 %, best 78.906 %
Finished training it 187392/306969 of epoch 1, 14.68 ms/it, loss 0.443754, accuracy 79.372 %
Testing at - 187392/306969 of epoch 0, loss 0.452012, accuracy 78.899 %, best 78.906 %
Finished training it 188416/306969 of epoch 1, 14.90 ms/it, loss 0.440007, accuracy 79.633 %
Testing at - 188416/306969 of epoch 0, loss 0.451658, accuracy 78.892 %, best 78.906 %
Finished training it 189440/306969 of epoch 1, 14.58 ms/it, loss 0.446208, accuracy 79.308 %
Saving model to results/224-112-1_lr0.1/model.pth
Testing at - 189440/306969 of epoch 0, loss 0.451480, accuracy 78.919 %, best 78.919 %
Finished training it 190464/306969 of epoch 1, 14.18 ms/it, loss 0.443182, accuracy 79.408 %
Testing at - 190464/306969 of epoch 0, loss 0.451581, accuracy 78.876 %, best 78.919 %
Finished training it 191488/306969 of epoch 1, 14.89 ms/it, loss 0.442193, accuracy 79.643 %
Testing at - 191488/306969 of epoch 0, loss 0.452168, accuracy 78.861 %, best 78.919 %
Finished training it 192512/306969 of epoch 1, 14.06 ms/it, loss 0.438905, accuracy 79.726 %
Testing at - 192512/306969 of epoch 0, loss 0.451977, accuracy 78.876 %, best 78.919 %
Finished training it 193536/306969 of epoch 1, 13.85 ms/it, loss 0.443038, accuracy 79.454 %
Testing at - 193536/306969 of epoch 0, loss 0.451666, accuracy 78.902 %, best 78.919 %
Finished training it 194560/306969 of epoch 1, 14.71 ms/it, loss 0.442119, accuracy 79.470 %
Testing at - 194560/306969 of epoch 0, loss 0.452945, accuracy 78.854 %, best 78.919 %
Finished training it 195584/306969 of epoch 1, 15.99 ms/it, loss 0.446043, accuracy 79.225 %
Testing at - 195584/306969 of epoch 0, loss 0.451613, accuracy 78.893 %, best 78.919 %
Finished training it 196608/306969 of epoch 1, 15.14 ms/it, loss 0.442777, accuracy 79.533 %
Testing at - 196608/306969 of epoch 0, loss 0.453696, accuracy 78.788 %, best 78.919 %
Finished training it 197632/306969 of epoch 1, 14.59 ms/it, loss 0.442715, accuracy 79.458 %
Testing at - 197632/306969 of epoch 0, loss 0.452580, accuracy 78.895 %, best 78.919 %
Finished training it 198656/306969 of epoch 1, 15.29 ms/it, loss 0.441999, accuracy 79.465 %
Testing at - 198656/306969 of epoch 0, loss 0.451501, accuracy 78.919 %, best 78.919 %
Finished training it 199680/306969 of epoch 1, 14.40 ms/it, loss 0.444274, accuracy 79.449 %
Testing at - 199680/306969 of epoch 0, loss 0.451927, accuracy 78.874 %, best 78.919 %
Finished training it 200704/306969 of epoch 1, 15.11 ms/it, loss 0.442460, accuracy 79.524 %
Testing at - 200704/306969 of epoch 0, loss 0.453905, accuracy 78.626 %, best 78.919 %
Finished training it 201728/306969 of epoch 1, 16.58 ms/it, loss 0.442952, accuracy 79.395 %
Testing at - 201728/306969 of epoch 0, loss 0.453355, accuracy 78.775 %, best 78.919 %
Finished training it 202752/306969 of epoch 1, 12.52 ms/it, loss 0.441899, accuracy 79.462 %
Testing at - 202752/306969 of epoch 0, loss 0.450997, accuracy 78.918 %, best 78.919 %
Finished training it 203776/306969 of epoch 1, 14.58 ms/it, loss 0.441477, accuracy 79.700 %
Testing at - 203776/306969 of epoch 0, loss 0.451655, accuracy 78.881 %, best 78.919 %
Finished training it 204800/306969 of epoch 1, 14.87 ms/it, loss 0.440381, accuracy 79.630 %
Testing at - 204800/306969 of epoch 0, loss 0.452112, accuracy 78.882 %, best 78.919 %
Finished training it 205824/306969 of epoch 1, 15.04 ms/it, loss 0.442763, accuracy 79.490 %
Testing at - 205824/306969 of epoch 0, loss 0.452690, accuracy 78.815 %, best 78.919 %
Finished training it 206848/306969 of epoch 1, 15.19 ms/it, loss 0.440565, accuracy 79.578 %
Testing at - 206848/306969 of epoch 0, loss 0.451693, accuracy 78.890 %, best 78.919 %
Finished training it 207872/306969 of epoch 1, 14.26 ms/it, loss 0.441462, accuracy 79.504 %
Testing at - 207872/306969 of epoch 0, loss 0.452408, accuracy 78.825 %, best 78.919 %
Finished training it 208896/306969 of epoch 1, 14.80 ms/it, loss 0.443745, accuracy 79.372 %
Saving model to results/224-112-1_lr0.1/model.pth
Testing at - 208896/306969 of epoch 0, loss 0.451320, accuracy 78.920 %, best 78.920 %
Finished training it 209920/306969 of epoch 1, 14.74 ms/it, loss 0.441123, accuracy 79.541 %
Testing at - 209920/306969 of epoch 0, loss 0.451777, accuracy 78.889 %, best 78.920 %
Finished training it 210944/306969 of epoch 1, 15.28 ms/it, loss 0.441788, accuracy 79.414 %
Testing at - 210944/306969 of epoch 0, loss 0.451783, accuracy 78.850 %, best 78.920 %
Finished training it 211968/306969 of epoch 1, 13.00 ms/it, loss 0.441330, accuracy 79.536 %
Testing at - 211968/306969 of epoch 0, loss 0.451889, accuracy 78.869 %, best 78.920 %
Finished training it 212992/306969 of epoch 1, 14.43 ms/it, loss 0.439942, accuracy 79.613 %
Testing at - 212992/306969 of epoch 0, loss 0.453152, accuracy 78.819 %, best 78.920 %
Finished training it 214016/306969 of epoch 1, 14.66 ms/it, loss 0.441284, accuracy 79.479 %
Testing at - 214016/306969 of epoch 0, loss 0.451368, accuracy 78.897 %, best 78.920 %
Finished training it 215040/306969 of epoch 1, 15.30 ms/it, loss 0.440886, accuracy 79.539 %
Testing at - 215040/306969 of epoch 0, loss 0.452383, accuracy 78.860 %, best 78.920 %
Finished training it 216064/306969 of epoch 1, 14.44 ms/it, loss 0.440210, accuracy 79.521 %
Testing at - 216064/306969 of epoch 0, loss 0.451798, accuracy 78.867 %, best 78.920 %
Finished training it 217088/306969 of epoch 1, 15.08 ms/it, loss 0.441849, accuracy 79.546 %
Testing at - 217088/306969 of epoch 0, loss 0.451674, accuracy 78.892 %, best 78.920 %
Finished training it 218112/306969 of epoch 1, 14.99 ms/it, loss 0.442086, accuracy 79.607 %
Testing at - 218112/306969 of epoch 0, loss 0.453163, accuracy 78.791 %, best 78.920 %
Finished training it 219136/306969 of epoch 1, 14.38 ms/it, loss 0.441628, accuracy 79.564 %
Testing at - 219136/306969 of epoch 0, loss 0.451376, accuracy 78.893 %, best 78.920 %
Finished training it 220160/306969 of epoch 1, 15.87 ms/it, loss 0.440813, accuracy 79.559 %
Saving model to results/224-112-1_lr0.1/model.pth
Testing at - 220160/306969 of epoch 0, loss 0.451138, accuracy 78.935 %, best 78.935 %
Finished training it 221184/306969 of epoch 1, 14.11 ms/it, loss 0.438799, accuracy 79.647 %
Testing at - 221184/306969 of epoch 0, loss 0.455282, accuracy 78.604 %, best 78.935 %
Finished training it 222208/306969 of epoch 1, 15.96 ms/it, loss 0.442623, accuracy 79.436 %
Testing at - 222208/306969 of epoch 0, loss 0.451262, accuracy 78.917 %, best 78.935 %
Finished training it 223232/306969 of epoch 1, 15.50 ms/it, loss 0.442722, accuracy 79.389 %
Testing at - 223232/306969 of epoch 0, loss 0.452738, accuracy 78.910 %, best 78.935 %
Finished training it 224256/306969 of epoch 1, 13.91 ms/it, loss 0.442916, accuracy 79.417 %
Testing at - 224256/306969 of epoch 0, loss 0.451435, accuracy 78.911 %, best 78.935 %
Finished training it 225280/306969 of epoch 1, 16.28 ms/it, loss 0.444290, accuracy 79.324 %
Testing at - 225280/306969 of epoch 0, loss 0.451373, accuracy 78.899 %, best 78.935 %
Finished training it 226304/306969 of epoch 1, 15.32 ms/it, loss 0.439861, accuracy 79.668 %
Saving model to results/224-112-1_lr0.1/model.pth
Testing at - 226304/306969 of epoch 0, loss 0.450892, accuracy 78.939 %, best 78.939 %
Finished training it 227328/306969 of epoch 1, 15.55 ms/it, loss 0.443409, accuracy 79.251 %
Testing at - 227328/306969 of epoch 0, loss 0.451968, accuracy 78.854 %, best 78.939 %
Finished training it 228352/306969 of epoch 1, 16.15 ms/it, loss 0.443420, accuracy 79.369 %
Testing at - 228352/306969 of epoch 0, loss 0.452206, accuracy 78.835 %, best 78.939 %
Finished training it 229376/306969 of epoch 1, 17.41 ms/it, loss 0.441877, accuracy 79.511 %
Testing at - 229376/306969 of epoch 0, loss 0.451624, accuracy 78.909 %, best 78.939 %
Finished training it 230400/306969 of epoch 1, 17.71 ms/it, loss 0.441216, accuracy 79.581 %
Testing at - 230400/306969 of epoch 0, loss 0.452601, accuracy 78.841 %, best 78.939 %
Finished training it 231424/306969 of epoch 1, 15.33 ms/it, loss 0.441030, accuracy 79.512 %
Testing at - 231424/306969 of epoch 0, loss 0.452242, accuracy 78.894 %, best 78.939 %
Finished training it 232448/306969 of epoch 1, 15.18 ms/it, loss 0.442107, accuracy 79.477 %
Testing at - 232448/306969 of epoch 0, loss 0.452062, accuracy 78.853 %, best 78.939 %
Finished training it 233472/306969 of epoch 1, 14.99 ms/it, loss 0.443852, accuracy 79.407 %
Testing at - 233472/306969 of epoch 0, loss 0.451176, accuracy 78.917 %, best 78.939 %
Finished training it 234496/306969 of epoch 1, 15.70 ms/it, loss 0.441716, accuracy 79.491 %
Testing at - 234496/306969 of epoch 0, loss 0.452025, accuracy 78.882 %, best 78.939 %
Finished training it 235520/306969 of epoch 1, 14.55 ms/it, loss 0.442303, accuracy 79.518 %
Testing at - 235520/306969 of epoch 0, loss 0.451343, accuracy 78.912 %, best 78.939 %
Finished training it 236544/306969 of epoch 1, 15.01 ms/it, loss 0.444171, accuracy 79.330 %
Testing at - 236544/306969 of epoch 0, loss 0.451802, accuracy 78.891 %, best 78.939 %
Finished training it 237568/306969 of epoch 1, 14.58 ms/it, loss 0.440855, accuracy 79.557 %
Testing at - 237568/306969 of epoch 0, loss 0.454627, accuracy 78.651 %, best 78.939 %
Finished training it 238592/306969 of epoch 1, 14.98 ms/it, loss 0.442122, accuracy 79.606 %
Testing at - 238592/306969 of epoch 0, loss 0.450902, accuracy 78.937 %, best 78.939 %
Finished training it 239616/306969 of epoch 1, 15.15 ms/it, loss 0.445138, accuracy 79.230 %
Testing at - 239616/306969 of epoch 0, loss 0.451309, accuracy 78.903 %, best 78.939 %
Finished training it 240640/306969 of epoch 1, 14.82 ms/it, loss 0.441514, accuracy 79.422 %
Testing at - 240640/306969 of epoch 0, loss 0.451089, accuracy 78.896 %, best 78.939 %
Finished training it 241664/306969 of epoch 1, 14.94 ms/it, loss 0.439627, accuracy 79.660 %
Testing at - 241664/306969 of epoch 0, loss 0.451521, accuracy 78.890 %, best 78.939 %
Finished training it 242688/306969 of epoch 1, 14.59 ms/it, loss 0.441219, accuracy 79.588 %
Testing at - 242688/306969 of epoch 0, loss 0.451687, accuracy 78.828 %, best 78.939 %
Finished training it 243712/306969 of epoch 1, 15.13 ms/it, loss 0.441090, accuracy 79.581 %
Testing at - 243712/306969 of epoch 0, loss 0.452358, accuracy 78.904 %, best 78.939 %
Finished training it 244736/306969 of epoch 1, 17.07 ms/it, loss 0.442506, accuracy 79.493 %
Testing at - 244736/306969 of epoch 0, loss 0.451426, accuracy 78.887 %, best 78.939 %
Finished training it 245760/306969 of epoch 1, 16.13 ms/it, loss 0.441582, accuracy 79.696 %
Testing at - 245760/306969 of epoch 0, loss 0.452505, accuracy 78.849 %, best 78.939 %
Finished training it 246784/306969 of epoch 1, 15.53 ms/it, loss 0.440100, accuracy 79.534 %
Testing at - 246784/306969 of epoch 0, loss 0.451308, accuracy 78.895 %, best 78.939 %
Finished training it 247808/306969 of epoch 1, 16.58 ms/it, loss 0.440062, accuracy 79.556 %
Testing at - 247808/306969 of epoch 0, loss 0.451198, accuracy 78.929 %, best 78.939 %
Finished training it 248832/306969 of epoch 1, 15.62 ms/it, loss 0.441513, accuracy 79.598 %
Testing at - 248832/306969 of epoch 0, loss 0.451147, accuracy 78.930 %, best 78.939 %
Finished training it 249856/306969 of epoch 1, 15.12 ms/it, loss 0.443407, accuracy 79.419 %
Testing at - 249856/306969 of epoch 0, loss 0.452179, accuracy 78.800 %, best 78.939 %
Finished training it 250880/306969 of epoch 1, 14.13 ms/it, loss 0.441436, accuracy 79.468 %
Testing at - 250880/306969 of epoch 0, loss 0.451830, accuracy 78.855 %, best 78.939 %
Finished training it 251904/306969 of epoch 1, 15.31 ms/it, loss 0.442506, accuracy 79.492 %
Testing at - 251904/306969 of epoch 0, loss 0.451757, accuracy 78.904 %, best 78.939 %
Finished training it 252928/306969 of epoch 1, 16.35 ms/it, loss 0.440164, accuracy 79.649 %
Testing at - 252928/306969 of epoch 0, loss 0.450940, accuracy 78.936 %, best 78.939 %
Finished training it 253952/306969 of epoch 1, 16.43 ms/it, loss 0.439996, accuracy 79.568 %
Testing at - 253952/306969 of epoch 0, loss 0.450908, accuracy 78.910 %, best 78.939 %
Finished training it 254976/306969 of epoch 1, 19.73 ms/it, loss 0.441401, accuracy 79.540 %
Testing at - 254976/306969 of epoch 0, loss 0.451558, accuracy 78.853 %, best 78.939 %
Finished training it 256000/306969 of epoch 1, 16.47 ms/it, loss 0.443171, accuracy 79.369 %
Testing at - 256000/306969 of epoch 0, loss 0.452103, accuracy 78.862 %, best 78.939 %
Finished training it 257024/306969 of epoch 1, 15.39 ms/it, loss 0.441436, accuracy 79.581 %
Testing at - 257024/306969 of epoch 0, loss 0.451222, accuracy 78.897 %, best 78.939 %
Finished training it 258048/306969 of epoch 1, 13.32 ms/it, loss 0.440259, accuracy 79.433 %
Testing at - 258048/306969 of epoch 0, loss 0.452126, accuracy 78.837 %, best 78.939 %
Finished training it 259072/306969 of epoch 1, 15.23 ms/it, loss 0.439493, accuracy 79.614 %
Testing at - 259072/306969 of epoch 0, loss 0.451475, accuracy 78.905 %, best 78.939 %
Finished training it 260096/306969 of epoch 1, 15.44 ms/it, loss 0.440451, accuracy 79.690 %
Testing at - 260096/306969 of epoch 0, loss 0.451523, accuracy 78.890 %, best 78.939 %
Finished training it 261120/306969 of epoch 1, 16.30 ms/it, loss 0.441840, accuracy 79.480 %
Testing at - 261120/306969 of epoch 0, loss 0.451219, accuracy 78.896 %, best 78.939 %
Finished training it 262144/306969 of epoch 1, 17.17 ms/it, loss 0.440648, accuracy 79.698 %
Testing at - 262144/306969 of epoch 0, loss 0.452405, accuracy 78.836 %, best 78.939 %
Finished training it 263168/306969 of epoch 1, 16.42 ms/it, loss 0.442477, accuracy 79.372 %
Testing at - 263168/306969 of epoch 0, loss 0.452437, accuracy 78.851 %, best 78.939 %
Finished training it 264192/306969 of epoch 1, 15.03 ms/it, loss 0.442298, accuracy 79.412 %
Testing at - 264192/306969 of epoch 0, loss 0.452036, accuracy 78.857 %, best 78.939 %
Finished training it 265216/306969 of epoch 1, 14.35 ms/it, loss 0.440379, accuracy 79.523 %
Testing at - 265216/306969 of epoch 0, loss 0.450817, accuracy 78.928 %, best 78.939 %
Finished training it 266240/306969 of epoch 1, 14.12 ms/it, loss 0.439963, accuracy 79.552 %
Testing at - 266240/306969 of epoch 0, loss 0.452875, accuracy 78.891 %, best 78.939 %
Finished training it 267264/306969 of epoch 1, 13.82 ms/it, loss 0.442748, accuracy 79.455 %
Testing at - 267264/306969 of epoch 0, loss 0.454167, accuracy 78.632 %, best 78.939 %
Finished training it 268288/306969 of epoch 1, 15.29 ms/it, loss 0.442694, accuracy 79.447 %
Testing at - 268288/306969 of epoch 0, loss 0.452930, accuracy 78.803 %, best 78.939 %
Finished training it 269312/306969 of epoch 1, 14.91 ms/it, loss 0.438906, accuracy 79.742 %
Testing at - 269312/306969 of epoch 0, loss 0.454317, accuracy 78.823 %, best 78.939 %
Finished training it 270336/306969 of epoch 1, 14.66 ms/it, loss 0.442107, accuracy 79.517 %
Testing at - 270336/306969 of epoch 0, loss 0.451159, accuracy 78.920 %, best 78.939 %
Finished training it 271360/306969 of epoch 1, 14.85 ms/it, loss 0.437990, accuracy 79.603 %
Testing at - 271360/306969 of epoch 0, loss 0.451268, accuracy 78.890 %, best 78.939 %
Finished training it 272384/306969 of epoch 1, 16.02 ms/it, loss 0.441455, accuracy 79.512 %
Testing at - 272384/306969 of epoch 0, loss 0.453462, accuracy 78.729 %, best 78.939 %
Finished training it 273408/306969 of epoch 1, 17.15 ms/it, loss 0.441042, accuracy 79.515 %
Testing at - 273408/306969 of epoch 0, loss 0.451163, accuracy 78.902 %, best 78.939 %
Finished training it 274432/306969 of epoch 1, 16.90 ms/it, loss 0.441400, accuracy 79.531 %
Testing at - 274432/306969 of epoch 0, loss 0.450953, accuracy 78.933 %, best 78.939 %
Finished training it 275456/306969 of epoch 1, 14.89 ms/it, loss 0.442013, accuracy 79.507 %
Testing at - 275456/306969 of epoch 0, loss 0.451614, accuracy 78.874 %, best 78.939 %
Finished training it 276480/306969 of epoch 1, 15.08 ms/it, loss 0.441561, accuracy 79.527 %
Testing at - 276480/306969 of epoch 0, loss 0.451585, accuracy 78.899 %, best 78.939 %
Finished training it 277504/306969 of epoch 1, 14.75 ms/it, loss 0.438732, accuracy 79.689 %
Testing at - 277504/306969 of epoch 0, loss 0.451413, accuracy 78.898 %, best 78.939 %
Finished training it 278528/306969 of epoch 1, 16.16 ms/it, loss 0.444156, accuracy 79.333 %
Testing at - 278528/306969 of epoch 0, loss 0.452394, accuracy 78.771 %, best 78.939 %
Finished training it 279552/306969 of epoch 1, 16.38 ms/it, loss 0.444063, accuracy 79.288 %
Testing at - 279552/306969 of epoch 0, loss 0.450871, accuracy 78.934 %, best 78.939 %
Finished training it 280576/306969 of epoch 1, 16.97 ms/it, loss 0.441978, accuracy 79.434 %
Testing at - 280576/306969 of epoch 0, loss 0.450862, accuracy 78.924 %, best 78.939 %
Finished training it 281600/306969 of epoch 1, 15.21 ms/it, loss 0.439319, accuracy 79.642 %
Testing at - 281600/306969 of epoch 0, loss 0.451468, accuracy 78.913 %, best 78.939 %
Finished training it 282624/306969 of epoch 1, 16.96 ms/it, loss 0.439037, accuracy 79.683 %
Testing at - 282624/306969 of epoch 0, loss 0.451085, accuracy 78.917 %, best 78.939 %
Finished training it 283648/306969 of epoch 1, 17.47 ms/it, loss 0.442438, accuracy 79.394 %
Testing at - 283648/306969 of epoch 0, loss 0.451982, accuracy 78.884 %, best 78.939 %
Finished training it 284672/306969 of epoch 1, 16.23 ms/it, loss 0.440805, accuracy 79.506 %
Testing at - 284672/306969 of epoch 0, loss 0.451220, accuracy 78.938 %, best 78.939 %
Finished training it 285696/306969 of epoch 1, 15.24 ms/it, loss 0.440721, accuracy 79.597 %
Testing at - 285696/306969 of epoch 0, loss 0.451823, accuracy 78.861 %, best 78.939 %
Finished training it 286720/306969 of epoch 1, 14.82 ms/it, loss 0.443076, accuracy 79.356 %
Saving model to results/224-112-1_lr0.1/model.pth
Testing at - 286720/306969 of epoch 0, loss 0.451419, accuracy 78.949 %, best 78.949 %
Finished training it 287744/306969 of epoch 1, 14.25 ms/it, loss 0.438555, accuracy 79.601 %
Testing at - 287744/306969 of epoch 0, loss 0.451637, accuracy 78.935 %, best 78.949 %
Finished training it 288768/306969 of epoch 1, 14.83 ms/it, loss 0.440773, accuracy 79.432 %
Testing at - 288768/306969 of epoch 0, loss 0.453588, accuracy 78.779 %, best 78.949 %
Finished training it 289792/306969 of epoch 1, 15.29 ms/it, loss 0.439616, accuracy 79.565 %
Testing at - 289792/306969 of epoch 0, loss 0.451023, accuracy 78.926 %, best 78.949 %
Finished training it 290816/306969 of epoch 1, 14.40 ms/it, loss 0.442618, accuracy 79.448 %
Testing at - 290816/306969 of epoch 0, loss 0.451561, accuracy 78.936 %, best 78.949 %
Finished training it 291840/306969 of epoch 1, 14.68 ms/it, loss 0.439368, accuracy 79.604 %
Testing at - 291840/306969 of epoch 0, loss 0.452970, accuracy 78.840 %, best 78.949 %
Finished training it 292864/306969 of epoch 1, 15.37 ms/it, loss 0.441255, accuracy 79.436 %
Testing at - 292864/306969 of epoch 0, loss 0.450669, accuracy 78.916 %, best 78.949 %
Finished training it 293888/306969 of epoch 1, 13.67 ms/it, loss 0.441863, accuracy 79.536 %
Testing at - 293888/306969 of epoch 0, loss 0.451689, accuracy 78.864 %, best 78.949 %
Finished training it 294912/306969 of epoch 1, 14.65 ms/it, loss 0.440214, accuracy 79.461 %
Saving model to results/224-112-1_lr0.1/model.pth
Testing at - 294912/306969 of epoch 0, loss 0.450675, accuracy 78.953 %, best 78.953 %
Finished training it 295936/306969 of epoch 1, 15.11 ms/it, loss 0.440432, accuracy 79.562 %
Testing at - 295936/306969 of epoch 0, loss 0.451053, accuracy 78.927 %, best 78.953 %
Finished training it 296960/306969 of epoch 1, 14.99 ms/it, loss 0.441137, accuracy 79.453 %
Testing at - 296960/306969 of epoch 0, loss 0.451211, accuracy 78.900 %, best 78.953 %
Finished training it 297984/306969 of epoch 1, 14.73 ms/it, loss 0.444535, accuracy 79.248 %
Testing at - 297984/306969 of epoch 0, loss 0.450774, accuracy 78.941 %, best 78.953 %
Finished training it 299008/306969 of epoch 1, 14.54 ms/it, loss 0.443341, accuracy 79.343 %
Saving model to results/224-112-1_lr0.1/model.pth
Testing at - 299008/306969 of epoch 0, loss 0.450906, accuracy 78.957 %, best 78.957 %
Finished training it 300032/306969 of epoch 1, 14.72 ms/it, loss 0.440857, accuracy 79.642 %
Testing at - 300032/306969 of epoch 0, loss 0.451001, accuracy 78.923 %, best 78.957 %
Finished training it 301056/306969 of epoch 1, 14.63 ms/it, loss 0.440186, accuracy 79.570 %
Testing at - 301056/306969 of epoch 0, loss 0.451313, accuracy 78.911 %, best 78.957 %
Finished training it 302080/306969 of epoch 1, 13.73 ms/it, loss 0.439982, accuracy 79.590 %
Testing at - 302080/306969 of epoch 0, loss 0.450922, accuracy 78.888 %, best 78.957 %
Finished training it 303104/306969 of epoch 1, 14.54 ms/it, loss 0.441064, accuracy 79.428 %
Testing at - 303104/306969 of epoch 0, loss 0.455353, accuracy 78.657 %, best 78.957 %
Finished training it 304128/306969 of epoch 1, 14.65 ms/it, loss 0.442291, accuracy 79.442 %
Testing at - 304128/306969 of epoch 0, loss 0.450939, accuracy 78.928 %, best 78.957 %
Finished training it 305152/306969 of epoch 1, 14.38 ms/it, loss 0.438542, accuracy 79.616 %
Testing at - 305152/306969 of epoch 0, loss 0.451539, accuracy 78.858 %, best 78.957 %
Finished training it 306176/306969 of epoch 1, 14.77 ms/it, loss 0.440211, accuracy 79.689 %
Saving model to results/224-112-1_lr0.1/model.pth
Testing at - 306176/306969 of epoch 0, loss 0.450487, accuracy 78.958 %, best 78.958 %
Finished training it 306969/306969 of epoch 1, 15.16 ms/it, loss 0.441644, accuracy 79.627 %
Testing at - 306969/306969 of epoch 0, loss 0.451783, accuracy 78.863 %, best 78.958 %
Finished training it 1024/306969 of epoch 2, 14.18 ms/it, loss 0.442049, accuracy 79.526 %
Saving model to results/224-112-1_lr0.1/model.pth
Testing at - 1024/306969 of epoch 0, loss 0.450415, accuracy 78.971 %, best 78.971 %
Finished training it 2048/306969 of epoch 2, 15.21 ms/it, loss 0.438132, accuracy 79.658 %
Testing at - 2048/306969 of epoch 0, loss 0.451375, accuracy 78.933 %, best 78.971 %
Finished training it 3072/306969 of epoch 2, 15.18 ms/it, loss 0.440772, accuracy 79.531 %
Testing at - 3072/306969 of epoch 0, loss 0.451197, accuracy 78.906 %, best 78.971 %
Finished training it 4096/306969 of epoch 2, 15.15 ms/it, loss 0.438151, accuracy 79.788 %
Testing at - 4096/306969 of epoch 0, loss 0.451570, accuracy 78.887 %, best 78.971 %
Finished training it 5120/306969 of epoch 2, 16.01 ms/it, loss 0.441853, accuracy 79.586 %
Testing at - 5120/306969 of epoch 0, loss 0.451304, accuracy 78.919 %, best 78.971 %
Finished training it 6144/306969 of epoch 2, 18.14 ms/it, loss 0.439557, accuracy 79.687 %
Testing at - 6144/306969 of epoch 0, loss 0.451726, accuracy 78.866 %, best 78.971 %
Finished training it 7168/306969 of epoch 2, 17.52 ms/it, loss 0.437876, accuracy 79.779 %
Testing at - 7168/306969 of epoch 0, loss 0.452019, accuracy 78.823 %, best 78.971 %
Finished training it 8192/306969 of epoch 2, 17.19 ms/it, loss 0.438725, accuracy 79.594 %
Testing at - 8192/306969 of epoch 0, loss 0.451592, accuracy 78.885 %, best 78.971 %
Finished training it 9216/306969 of epoch 2, 15.65 ms/it, loss 0.437620, accuracy 79.793 %
Testing at - 9216/306969 of epoch 0, loss 0.451916, accuracy 78.910 %, best 78.971 %
Finished training it 10240/306969 of epoch 2, 15.26 ms/it, loss 0.438085, accuracy 79.669 %
Testing at - 10240/306969 of epoch 0, loss 0.454581, accuracy 78.836 %, best 78.971 %
Finished training it 11264/306969 of epoch 2, 15.69 ms/it, loss 0.436533, accuracy 79.786 %
Testing at - 11264/306969 of epoch 0, loss 0.451863, accuracy 78.876 %, best 78.971 %
Finished training it 12288/306969 of epoch 2, 14.41 ms/it, loss 0.433232, accuracy 79.966 %
Testing at - 12288/306969 of epoch 0, loss 0.452125, accuracy 78.877 %, best 78.971 %
Finished training it 13312/306969 of epoch 2, 16.55 ms/it, loss 0.439422, accuracy 79.667 %
Testing at - 13312/306969 of epoch 0, loss 0.452191, accuracy 78.842 %, best 78.971 %
Finished training it 14336/306969 of epoch 2, 14.14 ms/it, loss 0.437157, accuracy 79.768 %
Testing at - 14336/306969 of epoch 0, loss 0.452968, accuracy 78.761 %, best 78.971 %
Finished training it 15360/306969 of epoch 2, 14.32 ms/it, loss 0.436121, accuracy 79.834 %
Testing at - 15360/306969 of epoch 0, loss 0.452578, accuracy 78.848 %, best 78.971 %
Finished training it 16384/306969 of epoch 2, 14.85 ms/it, loss 0.435794, accuracy 79.846 %
Testing at - 16384/306969 of epoch 0, loss 0.451406, accuracy 78.905 %, best 78.971 %
Finished training it 17408/306969 of epoch 2, 15.73 ms/it, loss 0.435096, accuracy 79.790 %
Testing at - 17408/306969 of epoch 0, loss 0.454171, accuracy 78.667 %, best 78.971 %
Finished training it 18432/306969 of epoch 2, 14.61 ms/it, loss 0.436278, accuracy 79.816 %
Testing at - 18432/306969 of epoch 0, loss 0.452183, accuracy 78.865 %, best 78.971 %
Finished training it 19456/306969 of epoch 2, 15.59 ms/it, loss 0.435776, accuracy 79.799 %
Testing at - 19456/306969 of epoch 0, loss 0.455597, accuracy 78.608 %, best 78.971 %
Finished training it 20480/306969 of epoch 2, 12.88 ms/it, loss 0.436774, accuracy 79.804 %
Testing at - 20480/306969 of epoch 0, loss 0.453953, accuracy 78.886 %, best 78.971 %
Finished training it 21504/306969 of epoch 2, 14.91 ms/it, loss 0.437152, accuracy 79.671 %
Testing at - 21504/306969 of epoch 0, loss 0.453348, accuracy 78.773 %, best 78.971 %
Finished training it 22528/306969 of epoch 2, 15.86 ms/it, loss 0.435562, accuracy 79.736 %
Testing at - 22528/306969 of epoch 0, loss 0.452558, accuracy 78.868 %, best 78.971 %
Finished training it 23552/306969 of epoch 2, 14.38 ms/it, loss 0.438547, accuracy 79.755 %
Testing at - 23552/306969 of epoch 0, loss 0.452588, accuracy 78.871 %, best 78.971 %
Finished training it 24576/306969 of epoch 2, 14.53 ms/it, loss 0.435101, accuracy 79.866 %
Testing at - 24576/306969 of epoch 0, loss 0.454285, accuracy 78.654 %, best 78.971 %
Finished training it 25600/306969 of epoch 2, 14.54 ms/it, loss 0.432642, accuracy 80.004 %
Testing at - 25600/306969 of epoch 0, loss 0.452923, accuracy 78.785 %, best 78.971 %
Finished training it 26624/306969 of epoch 2, 14.68 ms/it, loss 0.434315, accuracy 80.016 %
Testing at - 26624/306969 of epoch 0, loss 0.453516, accuracy 78.858 %, best 78.971 %
Finished training it 27648/306969 of epoch 2, 15.34 ms/it, loss 0.433144, accuracy 79.974 %
Testing at - 27648/306969 of epoch 0, loss 0.453007, accuracy 78.865 %, best 78.971 %
Finished training it 28672/306969 of epoch 2, 16.22 ms/it, loss 0.435722, accuracy 79.854 %
Testing at - 28672/306969 of epoch 0, loss 0.452955, accuracy 78.863 %, best 78.971 %
Finished training it 29696/306969 of epoch 2, 15.70 ms/it, loss 0.436952, accuracy 79.765 %
Testing at - 29696/306969 of epoch 0, loss 0.453971, accuracy 78.794 %, best 78.971 %
Finished training it 30720/306969 of epoch 2, 15.63 ms/it, loss 0.435149, accuracy 79.813 %
Testing at - 30720/306969 of epoch 0, loss 0.454595, accuracy 78.724 %, best 78.971 %
Finished training it 31744/306969 of epoch 2, 14.98 ms/it, loss 0.436667, accuracy 79.787 %
Testing at - 31744/306969 of epoch 0, loss 0.455649, accuracy 78.609 %, best 78.971 %
Finished training it 32768/306969 of epoch 2, 14.91 ms/it, loss 0.435436, accuracy 79.765 %
Testing at - 32768/306969 of epoch 0, loss 0.453057, accuracy 78.835 %, best 78.971 %
Finished training it 33792/306969 of epoch 2, 14.08 ms/it, loss 0.433057, accuracy 79.971 %
Testing at - 33792/306969 of epoch 0, loss 0.452616, accuracy 78.840 %, best 78.971 %
Finished training it 34816/306969 of epoch 2, 15.43 ms/it, loss 0.431251, accuracy 80.107 %
Testing at - 34816/306969 of epoch 0, loss 0.454007, accuracy 78.844 %, best 78.971 %
Finished training it 35840/306969 of epoch 2, 14.74 ms/it, loss 0.437080, accuracy 79.865 %
Testing at - 35840/306969 of epoch 0, loss 0.454593, accuracy 78.781 %, best 78.971 %
Finished training it 36864/306969 of epoch 2, 14.18 ms/it, loss 0.434022, accuracy 79.980 %
Testing at - 36864/306969 of epoch 0, loss 0.453942, accuracy 78.840 %, best 78.971 %
Finished training it 37888/306969 of epoch 2, 12.09 ms/it, loss 0.431332, accuracy 80.042 %
Testing at - 37888/306969 of epoch 0, loss 0.454631, accuracy 78.684 %, best 78.971 %
Finished training it 38912/306969 of epoch 2, 14.94 ms/it, loss 0.435150, accuracy 79.782 %
Testing at - 38912/306969 of epoch 0, loss 0.454227, accuracy 78.759 %, best 78.971 %
Finished training it 39936/306969 of epoch 2, 14.43 ms/it, loss 0.434209, accuracy 79.880 %
Testing at - 39936/306969 of epoch 0, loss 0.456032, accuracy 78.753 %, best 78.971 %
Finished training it 40960/306969 of epoch 2, 14.37 ms/it, loss 0.433584, accuracy 79.955 %
Testing at - 40960/306969 of epoch 0, loss 0.454714, accuracy 78.707 %, best 78.971 %
Finished training it 41984/306969 of epoch 2, 14.40 ms/it, loss 0.433091, accuracy 80.031 %
Testing at - 41984/306969 of epoch 0, loss 0.454514, accuracy 78.804 %, best 78.971 %
Finished training it 43008/306969 of epoch 2, 14.19 ms/it, loss 0.433105, accuracy 80.056 %
Testing at - 43008/306969 of epoch 0, loss 0.455135, accuracy 78.791 %, best 78.971 %
Finished training it 44032/306969 of epoch 2, 14.72 ms/it, loss 0.434475, accuracy 79.923 %
Testing at - 44032/306969 of epoch 0, loss 0.456595, accuracy 78.776 %, best 78.971 %
Finished training it 45056/306969 of epoch 2, 14.72 ms/it, loss 0.434885, accuracy 79.902 %
Testing at - 45056/306969 of epoch 0, loss 0.454303, accuracy 78.719 %, best 78.971 %
Finished training it 46080/306969 of epoch 2, 13.24 ms/it, loss 0.432425, accuracy 80.076 %
Testing at - 46080/306969 of epoch 0, loss 0.455396, accuracy 78.669 %, best 78.971 %
Finished training it 47104/306969 of epoch 2, 14.60 ms/it, loss 0.437267, accuracy 79.742 %
Testing at - 47104/306969 of epoch 0, loss 0.457480, accuracy 78.761 %, best 78.971 %
Finished training it 48128/306969 of epoch 2, 14.90 ms/it, loss 0.434790, accuracy 79.824 %
Testing at - 48128/306969 of epoch 0, loss 0.456584, accuracy 78.730 %, best 78.971 %
Finished training it 49152/306969 of epoch 2, 15.08 ms/it, loss 0.429978, accuracy 80.148 %
Testing at - 49152/306969 of epoch 0, loss 0.455250, accuracy 78.682 %, best 78.971 %
Finished training it 50176/306969 of epoch 2, 15.06 ms/it, loss 0.430957, accuracy 80.090 %
Testing at - 50176/306969 of epoch 0, loss 0.455762, accuracy 78.662 %, best 78.971 %
Finished training it 51200/306969 of epoch 2, 16.03 ms/it, loss 0.433380, accuracy 80.032 %
Testing at - 51200/306969 of epoch 0, loss 0.458138, accuracy 78.475 %, best 78.971 %
Finished training it 52224/306969 of epoch 2, 15.01 ms/it, loss 0.433338, accuracy 79.980 %
Testing at - 52224/306969 of epoch 0, loss 0.458485, accuracy 78.681 %, best 78.971 %
Finished training it 53248/306969 of epoch 2, 15.15 ms/it, loss 0.433023, accuracy 80.209 %
Testing at - 53248/306969 of epoch 0, loss 0.455475, accuracy 78.756 %, best 78.971 %
Finished training it 54272/306969 of epoch 2, 15.95 ms/it, loss 0.432219, accuracy 80.042 %
Testing at - 54272/306969 of epoch 0, loss 0.456255, accuracy 78.712 %, best 78.971 %
Finished training it 55296/306969 of epoch 2, 16.20 ms/it, loss 0.432000, accuracy 80.155 %
Testing at - 55296/306969 of epoch 0, loss 0.455764, accuracy 78.695 %, best 78.971 %
Finished training it 56320/306969 of epoch 2, 14.75 ms/it, loss 0.431879, accuracy 80.148 %
Testing at - 56320/306969 of epoch 0, loss 0.456637, accuracy 78.717 %, best 78.971 %
Finished training it 57344/306969 of epoch 2, 15.93 ms/it, loss 0.429214, accuracy 80.207 %
