Using 1 GPU(s)...
Reading pre-processed data=/hdd3/jiayi/kaggle/kaggleAdDisplayChallenge_processed.npz
Sparse fea = 26, Dense fea = 13
Defined train indices...
Randomized indices across days ...
Split data according to indices...
Reading pre-processed data=/hdd3/jiayi/kaggle/kaggleAdDisplayChallenge_processed.npz
Sparse fea = 26, Dense fea = 13
Defined test indices...
Randomized indices across days ...
Split data according to indices...
Loading saved model /hdd3/jiayi/result/baseline_cat_extended/best.pt
./masks/l1/142963_0.4.pkl
Parameter containing:
tensor([[-9.21063e-03,  2.35622e-02,  7.41505e-02,  ...,  9.61125e-02,
          2.09606e-01,  6.32213e-02],
        [-1.24354e-03,  4.94167e-02, -3.67557e-02,  ...,  3.33919e-02,
          5.37396e-02, -1.67116e-03],
        [-1.51979e-02,  3.31832e-02,  3.30242e-02,  ...,  7.14823e-02,
          5.56811e-02, -1.90414e-02],
        ...,
        [ 4.51751e-02, -1.64136e-02, -3.40707e-02,  ..., -3.48369e-02,
          4.09853e-02, -8.54545e-03],
        [ 1.51459e-02, -3.82268e-02, -4.05396e-02,  ..., -2.45011e-02,
          9.62551e-02, -2.50682e-02],
        [-6.76652e-02, -1.00234e-02,  8.76999e-02,  ..., -1.75098e-02,
         -2.52655e-03,  1.79930e-04]], device='cuda:0', requires_grad=True)
Parameter containing:
tensor([[ 0.02823, -0.00530, -0.10349,  ..., -0.01247, -0.00536, -0.03096],
        [ 0.10183, -0.04460,  0.11788,  ..., -0.05907,  0.06480,  0.02069],
        [ 0.00914, -0.07403, -0.09099,  ...,  0.05036, -0.10369, -0.01552],
        ...,
        [ 0.02590, -0.06017, -0.10099,  ...,  0.01686, -0.01286,  0.08715],
        [-0.04397, -0.04752,  0.01081,  ...,  0.01180,  0.01307,  0.07666],
        [-0.06977,  0.02229, -0.02513,  ..., -0.00696, -0.01426,  0.05312]],
       device='cuda:0', requires_grad=True)
Parameter containing:
tensor([[-0.04793,  0.41961, -0.19631,  0.06881, -0.29929, -0.16739, -0.02404,
         -0.13845, -0.06842, -0.00121,  0.20477, -0.28498,  0.16393, -0.14679,
         -0.16652,  0.28134, -0.09440,  0.22102, -0.03957, -0.18589, -0.13299,
         -0.24615,  0.36356, -0.10805, -0.12033,  0.25787, -0.00226,  0.13569,
          0.03317, -0.17104, -0.22188,  0.09421, -0.25376,  0.29316, -0.17283,
         -0.06768, -0.10892,  0.10163,  0.01968,  0.01074, -0.30312, -0.14441,
         -0.11523, -0.04498, -0.00281,  0.19460,  0.13895,  0.49999,  0.04463,
         -0.05965, -0.26648, -0.00725,  0.18040, -0.00957,  0.13562, -0.19069,
         -0.18433,  0.22868, -0.07889,  0.29657, -0.06484, -0.23197,  0.20269,
         -0.10128, -0.12203, -0.12039, -0.36337,  0.22768, -0.29056,  0.15548,
         -0.06322,  0.06204,  0.08442, -0.29194, -0.27870, -0.12566, -0.20913,
         -0.14239, -0.24024, -0.19743, -0.29289,  0.05039,  0.06291,  0.01234,
          0.42078, -0.32963, -0.24348,  0.11917, -0.24023,  0.04162,  0.55770,
          0.07062, -0.13685, -0.39434,  0.00232,  0.35660,  0.07798, -0.17659,
         -0.06826,  0.30829, -0.06055,  0.38123,  0.07397,  0.17821,  0.01759,
         -0.17093,  0.24643,  0.15208,  0.08607, -0.26154, -0.00566, -0.21403,
         -0.06165,  0.10757,  0.15540,  0.73753,  0.18258, -0.00884,  0.21163,
          0.29178,  0.53282,  0.15333, -0.17217, -0.11537,  0.03513, -0.13796,
          0.24142,  0.22519,  0.09365,  0.25709,  0.05023, -0.19053, -0.11164,
          0.11788,  0.07738,  0.15560, -0.26783,  0.22406,  0.02815,  0.48529,
         -0.00556, -0.27170, -0.09956, -0.03344,  0.36039, -0.19032, -0.25007,
         -0.11286,  0.14397,  0.10265,  0.49326, -0.23058, -0.10914, -0.09312,
          0.08417,  0.29787, -0.06542, -0.10298,  0.66701, -0.08417,  0.21173,
         -0.04925,  0.12068,  0.20663, -0.17499,  0.03010,  0.09084,  0.11066,
         -0.16200,  0.26702,  0.15842, -0.29074,  0.30321,  0.13354, -0.15361,
          0.17425,  0.07253, -0.07097, -0.07737, -0.26456,  0.04531,  0.00324,
          0.07907,  0.04599,  0.27491, -0.12857, -0.19316,  0.13306, -0.27142,
          0.14621, -0.04703,  0.14645, -0.09484, -0.26181, -0.31818, -0.06451,
         -0.83048,  0.22834,  0.03131,  0.20753, -0.16130, -0.00936,  0.12208,
         -0.01302, -0.03439,  0.17316,  0.15583, -0.21255,  0.09348, -0.15065,
          0.28561, -0.40276, -0.10929,  0.14387, -0.14281, -0.17697,  0.08719,
         -0.16426, -0.16075, -0.00199, -0.10071,  0.01786,  0.12386, -0.17975,
         -0.03387,  0.23977,  0.01235, -0.02251, -0.00910,  0.13000, -0.14797,
          0.05884, -0.19630, -0.13344, -0.06623, -0.00885, -0.17473,  0.27677,
         -0.20253,  0.30472, -0.04121, -0.14895,  0.17534,  0.25896, -0.05768,
          0.17327,  0.12725,  0.11039,  0.11023, -0.23108,  0.47379, -0.13417,
         -0.18366, -0.51948, -0.14140, -0.30340]], device='cuda:0',
       requires_grad=True)
mask: torch.Size([512, 432]) True
mask: torch.Size([256, 512]) True
mask: torch.Size([1, 256]) True
Saved at: epoch = 0/3, batch = 306176/306969, ntbatch = 200
Training state: loss = 0.439219, accuracy = 79.727 %
Testing state: loss = 0.450454, accuracy = 78.958 %
time/loss/accuracy (if enabled):
skip_upto_epoch: 0
args.nepochs: 2
k: 0
Finished training it 306969/306969 of epoch 0, 15.16 ms/it, loss 0.449683, accuracy 79.086 %
Saving model to results/l1/142963_0.4/model.pth
Testing at - 306969/306969 of epoch 0, loss 0.453123, accuracy 78.785 %, best 78.785 %
Finished training it 1024/306969 of epoch 1, 15.11 ms/it, loss 0.444478, accuracy 79.333 %
Saving model to results/l1/142963_0.4/model.pth
Testing at - 1024/306969 of epoch 0, loss 0.451952, accuracy 78.865 %, best 78.865 %
Finished training it 2048/306969 of epoch 1, 15.36 ms/it, loss 0.440295, accuracy 79.591 %
Testing at - 2048/306969 of epoch 0, loss 0.452682, accuracy 78.846 %, best 78.865 %
Finished training it 3072/306969 of epoch 1, 15.52 ms/it, loss 0.442798, accuracy 79.462 %
Testing at - 3072/306969 of epoch 0, loss 0.452236, accuracy 78.814 %, best 78.865 %
Finished training it 4096/306969 of epoch 1, 14.99 ms/it, loss 0.440019, accuracy 79.629 %
Testing at - 4096/306969 of epoch 0, loss 0.452808, accuracy 78.806 %, best 78.865 %
Finished training it 5120/306969 of epoch 1, 15.17 ms/it, loss 0.443147, accuracy 79.485 %
Testing at - 5120/306969 of epoch 0, loss 0.453068, accuracy 78.797 %, best 78.865 %
Finished training it 6144/306969 of epoch 1, 14.83 ms/it, loss 0.441362, accuracy 79.563 %
Testing at - 6144/306969 of epoch 0, loss 0.452618, accuracy 78.807 %, best 78.865 %
Finished training it 7168/306969 of epoch 1, 15.24 ms/it, loss 0.439808, accuracy 79.691 %
Testing at - 7168/306969 of epoch 0, loss 0.453338, accuracy 78.762 %, best 78.865 %
Finished training it 8192/306969 of epoch 1, 14.93 ms/it, loss 0.440308, accuracy 79.537 %
Testing at - 8192/306969 of epoch 0, loss 0.452323, accuracy 78.827 %, best 78.865 %
Finished training it 9216/306969 of epoch 1, 14.91 ms/it, loss 0.439261, accuracy 79.619 %
Testing at - 9216/306969 of epoch 0, loss 0.452786, accuracy 78.848 %, best 78.865 %
Finished training it 10240/306969 of epoch 1, 14.75 ms/it, loss 0.439509, accuracy 79.537 %
Testing at - 10240/306969 of epoch 0, loss 0.455455, accuracy 78.734 %, best 78.865 %
Finished training it 11264/306969 of epoch 1, 16.43 ms/it, loss 0.438198, accuracy 79.710 %
Testing at - 11264/306969 of epoch 0, loss 0.453014, accuracy 78.786 %, best 78.865 %
Finished training it 12288/306969 of epoch 1, 15.94 ms/it, loss 0.434702, accuracy 79.903 %
Testing at - 12288/306969 of epoch 0, loss 0.453107, accuracy 78.807 %, best 78.865 %
Finished training it 13312/306969 of epoch 1, 15.99 ms/it, loss 0.440966, accuracy 79.569 %
Testing at - 13312/306969 of epoch 0, loss 0.452825, accuracy 78.809 %, best 78.865 %
Finished training it 14336/306969 of epoch 1, 14.11 ms/it, loss 0.438298, accuracy 79.697 %
Testing at - 14336/306969 of epoch 0, loss 0.453417, accuracy 78.741 %, best 78.865 %
Finished training it 15360/306969 of epoch 1, 13.09 ms/it, loss 0.437112, accuracy 79.754 %
Testing at - 15360/306969 of epoch 0, loss 0.454289, accuracy 78.745 %, best 78.865 %
Finished training it 16384/306969 of epoch 1, 13.59 ms/it, loss 0.437283, accuracy 79.787 %
Testing at - 16384/306969 of epoch 0, loss 0.452362, accuracy 78.841 %, best 78.865 %
Finished training it 17408/306969 of epoch 1, 14.46 ms/it, loss 0.435809, accuracy 79.797 %
Testing at - 17408/306969 of epoch 0, loss 0.455796, accuracy 78.542 %, best 78.865 %
Finished training it 18432/306969 of epoch 1, 14.61 ms/it, loss 0.437602, accuracy 79.774 %
Testing at - 18432/306969 of epoch 0, loss 0.453223, accuracy 78.801 %, best 78.865 %
Finished training it 19456/306969 of epoch 1, 13.97 ms/it, loss 0.436754, accuracy 79.725 %
Testing at - 19456/306969 of epoch 0, loss 0.456996, accuracy 78.515 %, best 78.865 %
Finished training it 20480/306969 of epoch 1, 15.08 ms/it, loss 0.437630, accuracy 79.768 %
Testing at - 20480/306969 of epoch 0, loss 0.455300, accuracy 78.781 %, best 78.865 %
Finished training it 21504/306969 of epoch 1, 15.49 ms/it, loss 0.438101, accuracy 79.614 %
Testing at - 21504/306969 of epoch 0, loss 0.453666, accuracy 78.716 %, best 78.865 %
Finished training it 22528/306969 of epoch 1, 16.06 ms/it, loss 0.436421, accuracy 79.625 %
Testing at - 22528/306969 of epoch 0, loss 0.453679, accuracy 78.789 %, best 78.865 %
Finished training it 23552/306969 of epoch 1, 15.96 ms/it, loss 0.439383, accuracy 79.727 %
Testing at - 23552/306969 of epoch 0, loss 0.453356, accuracy 78.769 %, best 78.865 %
Finished training it 24576/306969 of epoch 1, 15.23 ms/it, loss 0.435834, accuracy 79.823 %
Testing at - 24576/306969 of epoch 0, loss 0.455720, accuracy 78.534 %, best 78.865 %
Finished training it 25600/306969 of epoch 1, 15.45 ms/it, loss 0.434099, accuracy 79.983 %
Testing at - 25600/306969 of epoch 0, loss 0.454378, accuracy 78.642 %, best 78.865 %
Finished training it 26624/306969 of epoch 1, 15.48 ms/it, loss 0.435165, accuracy 79.951 %
Testing at - 26624/306969 of epoch 0, loss 0.454103, accuracy 78.770 %, best 78.865 %
Finished training it 27648/306969 of epoch 1, 15.24 ms/it, loss 0.434178, accuracy 79.912 %
Testing at - 27648/306969 of epoch 0, loss 0.453671, accuracy 78.791 %, best 78.865 %
Finished training it 28672/306969 of epoch 1, 13.72 ms/it, loss 0.436587, accuracy 79.823 %
Testing at - 28672/306969 of epoch 0, loss 0.453474, accuracy 78.788 %, best 78.865 %
Finished training it 29696/306969 of epoch 1, 15.36 ms/it, loss 0.437921, accuracy 79.702 %
Testing at - 29696/306969 of epoch 0, loss 0.455668, accuracy 78.650 %, best 78.865 %
Finished training it 30720/306969 of epoch 1, 16.18 ms/it, loss 0.436164, accuracy 79.749 %
Testing at - 30720/306969 of epoch 0, loss 0.455195, accuracy 78.693 %, best 78.865 %
Finished training it 31744/306969 of epoch 1, 15.57 ms/it, loss 0.437041, accuracy 79.782 %
Testing at - 31744/306969 of epoch 0, loss 0.458488, accuracy 78.415 %, best 78.865 %
Finished training it 32768/306969 of epoch 1, 15.77 ms/it, loss 0.436278, accuracy 79.754 %
Testing at - 32768/306969 of epoch 0, loss 0.453700, accuracy 78.775 %, best 78.865 %
Finished training it 33792/306969 of epoch 1, 15.24 ms/it, loss 0.433856, accuracy 79.930 %
Testing at - 33792/306969 of epoch 0, loss 0.453831, accuracy 78.715 %, best 78.865 %
Finished training it 34816/306969 of epoch 1, 14.62 ms/it, loss 0.431623, accuracy 80.119 %
Testing at - 34816/306969 of epoch 0, loss 0.455038, accuracy 78.779 %, best 78.865 %
Finished training it 35840/306969 of epoch 1, 14.52 ms/it, loss 0.437646, accuracy 79.781 %
Testing at - 35840/306969 of epoch 0, loss 0.455582, accuracy 78.713 %, best 78.865 %
Finished training it 36864/306969 of epoch 1, 15.73 ms/it, loss 0.434294, accuracy 79.996 %
Testing at - 36864/306969 of epoch 0, loss 0.455516, accuracy 78.758 %, best 78.865 %
Finished training it 37888/306969 of epoch 1, 14.93 ms/it, loss 0.432064, accuracy 80.058 %
Testing at - 37888/306969 of epoch 0, loss 0.455805, accuracy 78.617 %, best 78.865 %
Finished training it 38912/306969 of epoch 1, 15.84 ms/it, loss 0.435787, accuracy 79.816 %
Testing at - 38912/306969 of epoch 0, loss 0.455021, accuracy 78.694 %, best 78.865 %
Finished training it 39936/306969 of epoch 1, 14.54 ms/it, loss 0.434743, accuracy 79.872 %
Testing at - 39936/306969 of epoch 0, loss 0.456573, accuracy 78.708 %, best 78.865 %
Finished training it 40960/306969 of epoch 1, 15.88 ms/it, loss 0.434380, accuracy 79.922 %
Testing at - 40960/306969 of epoch 0, loss 0.455499, accuracy 78.631 %, best 78.865 %
Finished training it 41984/306969 of epoch 1, 15.12 ms/it, loss 0.433730, accuracy 79.982 %
Testing at - 41984/306969 of epoch 0, loss 0.456377, accuracy 78.715 %, best 78.865 %
Finished training it 43008/306969 of epoch 1, 14.60 ms/it, loss 0.433775, accuracy 80.033 %
Testing at - 43008/306969 of epoch 0, loss 0.455305, accuracy 78.720 %, best 78.865 %
Finished training it 44032/306969 of epoch 1, 15.26 ms/it, loss 0.434592, accuracy 79.902 %
Testing at - 44032/306969 of epoch 0, loss 0.458075, accuracy 78.707 %, best 78.865 %
Finished training it 45056/306969 of epoch 1, 15.41 ms/it, loss 0.435028, accuracy 79.932 %
Testing at - 45056/306969 of epoch 0, loss 0.455177, accuracy 78.638 %, best 78.865 %
Finished training it 46080/306969 of epoch 1, 14.49 ms/it, loss 0.432603, accuracy 80.057 %
Testing at - 46080/306969 of epoch 0, loss 0.456043, accuracy 78.627 %, best 78.865 %
Finished training it 47104/306969 of epoch 1, 14.97 ms/it, loss 0.436935, accuracy 79.720 %
Testing at - 47104/306969 of epoch 0, loss 0.459862, accuracy 78.631 %, best 78.865 %
Finished training it 48128/306969 of epoch 1, 15.86 ms/it, loss 0.434853, accuracy 79.786 %
Testing at - 48128/306969 of epoch 0, loss 0.458188, accuracy 78.623 %, best 78.865 %
Finished training it 49152/306969 of epoch 1, 15.46 ms/it, loss 0.430025, accuracy 80.142 %
Testing at - 49152/306969 of epoch 0, loss 0.456384, accuracy 78.599 %, best 78.865 %
Finished training it 50176/306969 of epoch 1, 14.90 ms/it, loss 0.431325, accuracy 80.055 %
Testing at - 50176/306969 of epoch 0, loss 0.456775, accuracy 78.622 %, best 78.865 %
Finished training it 51200/306969 of epoch 1, 14.02 ms/it, loss 0.432536, accuracy 80.092 %
Testing at - 51200/306969 of epoch 0, loss 0.460749, accuracy 78.306 %, best 78.865 %
Finished training it 52224/306969 of epoch 1, 16.60 ms/it, loss 0.432732, accuracy 80.024 %
Testing at - 52224/306969 of epoch 0, loss 0.458292, accuracy 78.661 %, best 78.865 %
Finished training it 53248/306969 of epoch 1, 14.38 ms/it, loss 0.432373, accuracy 80.233 %
Testing at - 53248/306969 of epoch 0, loss 0.455725, accuracy 78.752 %, best 78.865 %
Finished training it 54272/306969 of epoch 1, 16.01 ms/it, loss 0.431769, accuracy 80.128 %
Testing at - 54272/306969 of epoch 0, loss 0.457999, accuracy 78.593 %, best 78.865 %
Finished training it 55296/306969 of epoch 1, 15.55 ms/it, loss 0.431375, accuracy 80.246 %
Testing at - 55296/306969 of epoch 0, loss 0.457255, accuracy 78.612 %, best 78.865 %
Finished training it 56320/306969 of epoch 1, 15.33 ms/it, loss 0.430983, accuracy 80.234 %
Testing at - 56320/306969 of epoch 0, loss 0.457051, accuracy 78.659 %, best 78.865 %
Finished training it 57344/306969 of epoch 1, 15.88 ms/it, loss 0.428182, accuracy 80.218 %
Testing at - 57344/306969 of epoch 0, loss 0.458099, accuracy 78.572 %, best 78.865 %
Finished training it 58368/306969 of epoch 1, 16.13 ms/it, loss 0.427475, accuracy 80.516 %
Testing at - 58368/306969 of epoch 0, loss 0.457034, accuracy 78.541 %, best 78.865 %
Finished training it 59392/306969 of epoch 1, 15.06 ms/it, loss 0.430062, accuracy 80.157 %
Testing at - 59392/306969 of epoch 0, loss 0.457701, accuracy 78.568 %, best 78.865 %
Finished training it 60416/306969 of epoch 1, 14.30 ms/it, loss 0.429844, accuracy 80.178 %
Testing at - 60416/306969 of epoch 0, loss 0.466730, accuracy 77.908 %, best 78.865 %
Finished training it 61440/306969 of epoch 1, 14.27 ms/it, loss 0.432275, accuracy 80.046 %
Testing at - 61440/306969 of epoch 0, loss 0.460857, accuracy 78.498 %, best 78.865 %
Finished training it 62464/306969 of epoch 1, 13.28 ms/it, loss 0.429288, accuracy 80.277 %
Testing at - 62464/306969 of epoch 0, loss 0.458991, accuracy 78.386 %, best 78.865 %
Finished training it 63488/306969 of epoch 1, 14.69 ms/it, loss 0.426925, accuracy 80.370 %
Testing at - 63488/306969 of epoch 0, loss 0.458632, accuracy 78.495 %, best 78.865 %
Finished training it 64512/306969 of epoch 1, 16.10 ms/it, loss 0.428248, accuracy 80.172 %
Testing at - 64512/306969 of epoch 0, loss 0.462747, accuracy 78.197 %, best 78.865 %
Finished training it 65536/306969 of epoch 1, 15.42 ms/it, loss 0.431168, accuracy 80.172 %
Testing at - 65536/306969 of epoch 0, loss 0.461373, accuracy 78.444 %, best 78.865 %
Finished training it 66560/306969 of epoch 1, 15.65 ms/it, loss 0.426563, accuracy 80.524 %
Testing at - 66560/306969 of epoch 0, loss 0.458424, accuracy 78.509 %, best 78.865 %
Finished training it 67584/306969 of epoch 1, 14.89 ms/it, loss 0.423969, accuracy 80.696 %
Testing at - 67584/306969 of epoch 0, loss 0.460949, accuracy 78.428 %, best 78.865 %
Finished training it 68608/306969 of epoch 1, 15.73 ms/it, loss 0.426526, accuracy 80.396 %
Testing at - 68608/306969 of epoch 0, loss 0.462993, accuracy 78.155 %, best 78.865 %
Finished training it 69632/306969 of epoch 1, 15.35 ms/it, loss 0.425165, accuracy 80.436 %
Testing at - 69632/306969 of epoch 0, loss 0.461432, accuracy 78.284 %, best 78.865 %
Finished training it 70656/306969 of epoch 1, 15.20 ms/it, loss 0.424744, accuracy 80.470 %
Testing at - 70656/306969 of epoch 0, loss 0.462305, accuracy 78.402 %, best 78.865 %
Finished training it 71680/306969 of epoch 1, 16.36 ms/it, loss 0.425817, accuracy 80.559 %
Testing at - 71680/306969 of epoch 0, loss 0.460117, accuracy 78.379 %, best 78.865 %
Finished training it 72704/306969 of epoch 1, 15.76 ms/it, loss 0.422941, accuracy 80.590 %
Testing at - 72704/306969 of epoch 0, loss 0.461017, accuracy 78.328 %, best 78.865 %
Finished training it 73728/306969 of epoch 1, 14.90 ms/it, loss 0.423883, accuracy 80.651 %
Testing at - 73728/306969 of epoch 0, loss 0.461594, accuracy 78.369 %, best 78.865 %
Finished training it 74752/306969 of epoch 1, 14.24 ms/it, loss 0.422929, accuracy 80.741 %
Testing at - 74752/306969 of epoch 0, loss 0.472001, accuracy 77.414 %, best 78.865 %
Finished training it 75776/306969 of epoch 1, 16.21 ms/it, loss 0.422036, accuracy 80.765 %
Testing at - 75776/306969 of epoch 0, loss 0.460080, accuracy 78.462 %, best 78.865 %
Finished training it 76800/306969 of epoch 1, 15.18 ms/it, loss 0.421170, accuracy 80.704 %
Testing at - 76800/306969 of epoch 0, loss 0.460729, accuracy 78.442 %, best 78.865 %
Finished training it 77824/306969 of epoch 1, 15.96 ms/it, loss 0.421304, accuracy 80.827 %
Testing at - 77824/306969 of epoch 0, loss 0.461538, accuracy 78.294 %, best 78.865 %
Finished training it 78848/306969 of epoch 1, 15.61 ms/it, loss 0.420211, accuracy 80.862 %
Testing at - 78848/306969 of epoch 0, loss 0.460967, accuracy 78.451 %, best 78.865 %
Finished training it 79872/306969 of epoch 1, 15.70 ms/it, loss 0.419444, accuracy 80.827 %
Testing at - 79872/306969 of epoch 0, loss 0.461423, accuracy 78.465 %, best 78.865 %
Finished training it 80896/306969 of epoch 1, 16.38 ms/it, loss 0.417290, accuracy 80.926 %
Testing at - 80896/306969 of epoch 0, loss 0.465826, accuracy 78.301 %, best 78.865 %
Finished training it 81920/306969 of epoch 1, 15.38 ms/it, loss 0.418648, accuracy 80.840 %
Testing at - 81920/306969 of epoch 0, loss 0.468774, accuracy 78.291 %, best 78.865 %
Finished training it 82944/306969 of epoch 1, 14.15 ms/it, loss 0.416156, accuracy 80.926 %
Testing at - 82944/306969 of epoch 0, loss 0.461361, accuracy 78.385 %, best 78.865 %
Finished training it 83968/306969 of epoch 1, 15.16 ms/it, loss 0.414958, accuracy 81.062 %
Testing at - 83968/306969 of epoch 0, loss 0.467230, accuracy 78.394 %, best 78.865 %
Finished training it 84992/306969 of epoch 1, 15.73 ms/it, loss 0.415867, accuracy 81.139 %
Testing at - 84992/306969 of epoch 0, loss 0.466221, accuracy 78.476 %, best 78.865 %
Finished training it 86016/306969 of epoch 1, 14.07 ms/it, loss 0.415509, accuracy 81.063 %
Testing at - 86016/306969 of epoch 0, loss 0.461130, accuracy 78.354 %, best 78.865 %
Finished training it 87040/306969 of epoch 1, 16.69 ms/it, loss 0.415313, accuracy 81.030 %
Testing at - 87040/306969 of epoch 0, loss 0.464298, accuracy 78.273 %, best 78.865 %
Finished training it 88064/306969 of epoch 1, 16.51 ms/it, loss 0.412424, accuracy 81.178 %
Testing at - 88064/306969 of epoch 0, loss 0.467060, accuracy 78.391 %, best 78.865 %
Finished training it 89088/306969 of epoch 1, 14.27 ms/it, loss 0.413294, accuracy 81.217 %
Testing at - 89088/306969 of epoch 0, loss 0.464710, accuracy 78.289 %, best 78.865 %
Finished training it 90112/306969 of epoch 1, 14.96 ms/it, loss 0.413309, accuracy 81.261 %
Testing at - 90112/306969 of epoch 0, loss 0.481112, accuracy 78.000 %, best 78.865 %
Finished training it 91136/306969 of epoch 1, 16.20 ms/it, loss 0.411817, accuracy 81.178 %
Testing at - 91136/306969 of epoch 0, loss 0.468005, accuracy 77.873 %, best 78.865 %
Finished training it 92160/306969 of epoch 1, 15.98 ms/it, loss 0.413400, accuracy 81.161 %
Testing at - 92160/306969 of epoch 0, loss 0.464511, accuracy 78.271 %, best 78.865 %
Finished training it 93184/306969 of epoch 1, 15.89 ms/it, loss 0.411779, accuracy 81.118 %
Testing at - 93184/306969 of epoch 0, loss 0.472704, accuracy 78.338 %, best 78.865 %
Finished training it 94208/306969 of epoch 1, 15.58 ms/it, loss 0.411579, accuracy 81.230 %
Testing at - 94208/306969 of epoch 0, loss 0.477750, accuracy 78.163 %, best 78.865 %
Finished training it 95232/306969 of epoch 1, 16.05 ms/it, loss 0.409179, accuracy 81.361 %
Testing at - 95232/306969 of epoch 0, loss 0.464103, accuracy 78.411 %, best 78.865 %
Finished training it 96256/306969 of epoch 1, 16.52 ms/it, loss 0.407027, accuracy 81.511 %
Testing at - 96256/306969 of epoch 0, loss 0.470195, accuracy 78.136 %, best 78.865 %
Finished training it 97280/306969 of epoch 1, 16.17 ms/it, loss 0.407389, accuracy 81.510 %
Testing at - 97280/306969 of epoch 0, loss 0.467440, accuracy 78.381 %, best 78.865 %
Finished training it 98304/306969 of epoch 1, 15.84 ms/it, loss 0.407293, accuracy 81.441 %
Testing at - 98304/306969 of epoch 0, loss 0.499542, accuracy 77.760 %, best 78.865 %
Finished training it 99328/306969 of epoch 1, 15.58 ms/it, loss 0.410380, accuracy 81.384 %
Testing at - 99328/306969 of epoch 0, loss 0.478430, accuracy 78.235 %, best 78.865 %
Finished training it 100352/306969 of epoch 1, 14.98 ms/it, loss 0.407253, accuracy 81.434 %
Testing at - 100352/306969 of epoch 0, loss 0.470658, accuracy 78.166 %, best 78.865 %
Finished training it 101376/306969 of epoch 1, 17.62 ms/it, loss 0.408550, accuracy 81.400 %
Testing at - 101376/306969 of epoch 0, loss 0.471357, accuracy 78.433 %, best 78.865 %
Finished training it 102400/306969 of epoch 1, 15.48 ms/it, loss 0.408219, accuracy 81.494 %
Testing at - 102400/306969 of epoch 0, loss 0.472716, accuracy 77.914 %, best 78.865 %
Finished training it 103424/306969 of epoch 1, 15.56 ms/it, loss 0.407712, accuracy 81.458 %
Testing at - 103424/306969 of epoch 0, loss 0.484268, accuracy 78.239 %, best 78.865 %
Finished training it 104448/306969 of epoch 1, 16.50 ms/it, loss 0.407524, accuracy 81.457 %
Testing at - 104448/306969 of epoch 0, loss 0.469756, accuracy 78.423 %, best 78.865 %
Finished training it 105472/306969 of epoch 1, 16.41 ms/it, loss 0.407411, accuracy 81.413 %
Testing at - 105472/306969 of epoch 0, loss 0.483378, accuracy 78.205 %, best 78.865 %
Finished training it 106496/306969 of epoch 1, 15.27 ms/it, loss 0.405435, accuracy 81.459 %
Testing at - 106496/306969 of epoch 0, loss 0.485612, accuracy 77.974 %, best 78.865 %
Finished training it 107520/306969 of epoch 1, 13.23 ms/it, loss 0.406692, accuracy 81.550 %
Testing at - 107520/306969 of epoch 0, loss 0.468261, accuracy 78.430 %, best 78.865 %
Finished training it 108544/306969 of epoch 1, 15.35 ms/it, loss 0.405704, accuracy 81.498 %
Testing at - 108544/306969 of epoch 0, loss 0.474309, accuracy 78.420 %, best 78.865 %
Finished training it 109568/306969 of epoch 1, 15.28 ms/it, loss 0.403015, accuracy 81.641 %
Testing at - 109568/306969 of epoch 0, loss 0.466830, accuracy 78.486 %, best 78.865 %
Finished training it 110592/306969 of epoch 1, 14.36 ms/it, loss 0.403659, accuracy 81.633 %
Testing at - 110592/306969 of epoch 0, loss 0.479439, accuracy 77.424 %, best 78.865 %
Finished training it 111616/306969 of epoch 1, 14.09 ms/it, loss 0.407094, accuracy 81.464 %
Testing at - 111616/306969 of epoch 0, loss 0.473042, accuracy 77.886 %, best 78.865 %
Finished training it 112640/306969 of epoch 1, 15.56 ms/it, loss 0.406307, accuracy 81.525 %
Testing at - 112640/306969 of epoch 0, loss 0.479752, accuracy 78.308 %, best 78.865 %
Finished training it 113664/306969 of epoch 1, 15.82 ms/it, loss 0.401771, accuracy 81.776 %
Testing at - 113664/306969 of epoch 0, loss 0.469465, accuracy 78.310 %, best 78.865 %
Finished training it 114688/306969 of epoch 1, 15.03 ms/it, loss 0.420807, accuracy 80.727 %
Testing at - 114688/306969 of epoch 0, loss 0.457574, accuracy 78.706 %, best 78.865 %
Finished training it 115712/306969 of epoch 1, 14.71 ms/it, loss 0.436425, accuracy 79.839 %
