Using 1 GPU(s)...
Reading pre-processed data=/hdd3/jiayi/kaggle/kaggleAdDisplayChallenge_processed.npz
Sparse fea = 26, Dense fea = 13
Defined train indices...
Randomized indices across days ...
Split data according to indices...
Reading pre-processed data=/hdd3/jiayi/kaggle/kaggleAdDisplayChallenge_processed.npz
Sparse fea = 26, Dense fea = 13
Defined test indices...
Randomized indices across days ...
Split data according to indices...
Loading saved model /hdd3/jiayi/result/baseline_cat_extended/best.pt
./masks/l1/198286_0.5.pkl
Parameter containing:
tensor([[-9.21063e-03,  2.35622e-02,  7.41505e-02,  ...,  9.61125e-02,
          2.09606e-01,  6.32213e-02],
        [-1.24354e-03,  4.94167e-02, -3.67557e-02,  ...,  3.33919e-02,
          5.37396e-02, -1.67116e-03],
        [-1.51979e-02,  3.31832e-02,  3.30242e-02,  ...,  7.14823e-02,
          5.56811e-02, -1.90414e-02],
        ...,
        [ 4.51751e-02, -1.64136e-02, -3.40707e-02,  ..., -3.48369e-02,
          4.09853e-02, -8.54545e-03],
        [ 1.51459e-02, -3.82268e-02, -4.05396e-02,  ..., -2.45011e-02,
          9.62551e-02, -2.50682e-02],
        [-6.76652e-02, -1.00234e-02,  8.76999e-02,  ..., -1.75098e-02,
         -2.52655e-03,  1.79930e-04]], device='cuda:0', requires_grad=True)
Parameter containing:
tensor([[ 0.02823, -0.00530, -0.10349,  ..., -0.01247, -0.00536, -0.03096],
        [ 0.10183, -0.04460,  0.11788,  ..., -0.05907,  0.06480,  0.02069],
        [ 0.00914, -0.07403, -0.09099,  ...,  0.05036, -0.10369, -0.01552],
        ...,
        [ 0.02590, -0.06017, -0.10099,  ...,  0.01686, -0.01286,  0.08715],
        [-0.04397, -0.04752,  0.01081,  ...,  0.01180,  0.01307,  0.07666],
        [-0.06977,  0.02229, -0.02513,  ..., -0.00696, -0.01426,  0.05312]],
       device='cuda:0', requires_grad=True)
Parameter containing:
tensor([[-0.04793,  0.41961, -0.19631,  0.06881, -0.29929, -0.16739, -0.02404,
         -0.13845, -0.06842, -0.00121,  0.20477, -0.28498,  0.16393, -0.14679,
         -0.16652,  0.28134, -0.09440,  0.22102, -0.03957, -0.18589, -0.13299,
         -0.24615,  0.36356, -0.10805, -0.12033,  0.25787, -0.00226,  0.13569,
          0.03317, -0.17104, -0.22188,  0.09421, -0.25376,  0.29316, -0.17283,
         -0.06768, -0.10892,  0.10163,  0.01968,  0.01074, -0.30312, -0.14441,
         -0.11523, -0.04498, -0.00281,  0.19460,  0.13895,  0.49999,  0.04463,
         -0.05965, -0.26648, -0.00725,  0.18040, -0.00957,  0.13562, -0.19069,
         -0.18433,  0.22868, -0.07889,  0.29657, -0.06484, -0.23197,  0.20269,
         -0.10128, -0.12203, -0.12039, -0.36337,  0.22768, -0.29056,  0.15548,
         -0.06322,  0.06204,  0.08442, -0.29194, -0.27870, -0.12566, -0.20913,
         -0.14239, -0.24024, -0.19743, -0.29289,  0.05039,  0.06291,  0.01234,
          0.42078, -0.32963, -0.24348,  0.11917, -0.24023,  0.04162,  0.55770,
          0.07062, -0.13685, -0.39434,  0.00232,  0.35660,  0.07798, -0.17659,
         -0.06826,  0.30829, -0.06055,  0.38123,  0.07397,  0.17821,  0.01759,
         -0.17093,  0.24643,  0.15208,  0.08607, -0.26154, -0.00566, -0.21403,
         -0.06165,  0.10757,  0.15540,  0.73753,  0.18258, -0.00884,  0.21163,
          0.29178,  0.53282,  0.15333, -0.17217, -0.11537,  0.03513, -0.13796,
          0.24142,  0.22519,  0.09365,  0.25709,  0.05023, -0.19053, -0.11164,
          0.11788,  0.07738,  0.15560, -0.26783,  0.22406,  0.02815,  0.48529,
         -0.00556, -0.27170, -0.09956, -0.03344,  0.36039, -0.19032, -0.25007,
         -0.11286,  0.14397,  0.10265,  0.49326, -0.23058, -0.10914, -0.09312,
          0.08417,  0.29787, -0.06542, -0.10298,  0.66701, -0.08417,  0.21173,
         -0.04925,  0.12068,  0.20663, -0.17499,  0.03010,  0.09084,  0.11066,
         -0.16200,  0.26702,  0.15842, -0.29074,  0.30321,  0.13354, -0.15361,
          0.17425,  0.07253, -0.07097, -0.07737, -0.26456,  0.04531,  0.00324,
          0.07907,  0.04599,  0.27491, -0.12857, -0.19316,  0.13306, -0.27142,
          0.14621, -0.04703,  0.14645, -0.09484, -0.26181, -0.31818, -0.06451,
         -0.83048,  0.22834,  0.03131,  0.20753, -0.16130, -0.00936,  0.12208,
         -0.01302, -0.03439,  0.17316,  0.15583, -0.21255,  0.09348, -0.15065,
          0.28561, -0.40276, -0.10929,  0.14387, -0.14281, -0.17697,  0.08719,
         -0.16426, -0.16075, -0.00199, -0.10071,  0.01786,  0.12386, -0.17975,
         -0.03387,  0.23977,  0.01235, -0.02251, -0.00910,  0.13000, -0.14797,
          0.05884, -0.19630, -0.13344, -0.06623, -0.00885, -0.17473,  0.27677,
         -0.20253,  0.30472, -0.04121, -0.14895,  0.17534,  0.25896, -0.05768,
          0.17327,  0.12725,  0.11039,  0.11023, -0.23108,  0.47379, -0.13417,
         -0.18366, -0.51948, -0.14140, -0.30340]], device='cuda:0',
       requires_grad=True)
mask: torch.Size([512, 432]) True
mask: torch.Size([256, 512]) True
mask: torch.Size([1, 256]) True
Saved at: epoch = 0/3, batch = 306176/306969, ntbatch = 200
Training state: loss = 0.439219, accuracy = 79.727 %
Testing state: loss = 0.450454, accuracy = 78.958 %
time/loss/accuracy (if enabled):
skip_upto_epoch: 0
args.nepochs: 2
k: 0
Finished training it 306969/306969 of epoch 0, 14.32 ms/it, loss 0.448349, accuracy 79.180 %
Saving model to results/l1/198286_0.5/model.pth
Testing at - 306969/306969 of epoch 0, loss 0.452408, accuracy 78.826 %, best 78.826 %
Finished training it 1024/306969 of epoch 1, 14.28 ms/it, loss 0.443642, accuracy 79.407 %
Saving model to results/l1/198286_0.5/model.pth
Testing at - 1024/306969 of epoch 0, loss 0.451402, accuracy 78.910 %, best 78.910 %
Finished training it 2048/306969 of epoch 1, 15.95 ms/it, loss 0.439512, accuracy 79.656 %
Testing at - 2048/306969 of epoch 0, loss 0.452100, accuracy 78.876 %, best 78.910 %
Finished training it 3072/306969 of epoch 1, 15.53 ms/it, loss 0.442197, accuracy 79.510 %
Testing at - 3072/306969 of epoch 0, loss 0.452149, accuracy 78.811 %, best 78.910 %
Finished training it 4096/306969 of epoch 1, 15.27 ms/it, loss 0.439407, accuracy 79.688 %
Testing at - 4096/306969 of epoch 0, loss 0.452375, accuracy 78.851 %, best 78.910 %
Finished training it 5120/306969 of epoch 1, 15.53 ms/it, loss 0.442584, accuracy 79.507 %
Testing at - 5120/306969 of epoch 0, loss 0.452525, accuracy 78.818 %, best 78.910 %
Finished training it 6144/306969 of epoch 1, 14.97 ms/it, loss 0.440805, accuracy 79.587 %
Testing at - 6144/306969 of epoch 0, loss 0.452144, accuracy 78.841 %, best 78.910 %
Finished training it 7168/306969 of epoch 1, 15.29 ms/it, loss 0.439403, accuracy 79.637 %
Testing at - 7168/306969 of epoch 0, loss 0.453160, accuracy 78.764 %, best 78.910 %
Finished training it 8192/306969 of epoch 1, 14.79 ms/it, loss 0.439690, accuracy 79.528 %
Testing at - 8192/306969 of epoch 0, loss 0.452026, accuracy 78.837 %, best 78.910 %
Finished training it 9216/306969 of epoch 1, 14.91 ms/it, loss 0.439020, accuracy 79.620 %
Testing at - 9216/306969 of epoch 0, loss 0.452148, accuracy 78.877 %, best 78.910 %
Finished training it 10240/306969 of epoch 1, 15.01 ms/it, loss 0.438864, accuracy 79.578 %
Testing at - 10240/306969 of epoch 0, loss 0.455159, accuracy 78.761 %, best 78.910 %
Finished training it 11264/306969 of epoch 1, 15.40 ms/it, loss 0.437811, accuracy 79.747 %
Testing at - 11264/306969 of epoch 0, loss 0.452379, accuracy 78.839 %, best 78.910 %
Finished training it 12288/306969 of epoch 1, 14.37 ms/it, loss 0.434215, accuracy 79.930 %
Testing at - 12288/306969 of epoch 0, loss 0.452798, accuracy 78.825 %, best 78.910 %
Finished training it 13312/306969 of epoch 1, 14.99 ms/it, loss 0.440369, accuracy 79.576 %
Testing at - 13312/306969 of epoch 0, loss 0.452661, accuracy 78.826 %, best 78.910 %
Finished training it 14336/306969 of epoch 1, 14.88 ms/it, loss 0.438001, accuracy 79.703 %
Testing at - 14336/306969 of epoch 0, loss 0.452831, accuracy 78.774 %, best 78.910 %
Finished training it 15360/306969 of epoch 1, 14.96 ms/it, loss 0.436682, accuracy 79.765 %
Testing at - 15360/306969 of epoch 0, loss 0.453588, accuracy 78.785 %, best 78.910 %
Finished training it 16384/306969 of epoch 1, 10.67 ms/it, loss 0.436603, accuracy 79.825 %
Testing at - 16384/306969 of epoch 0, loss 0.452015, accuracy 78.865 %, best 78.910 %
Finished training it 17408/306969 of epoch 1, 14.90 ms/it, loss 0.435384, accuracy 79.797 %
Testing at - 17408/306969 of epoch 0, loss 0.454876, accuracy 78.602 %, best 78.910 %
Finished training it 18432/306969 of epoch 1, 15.25 ms/it, loss 0.437113, accuracy 79.787 %
Testing at - 18432/306969 of epoch 0, loss 0.452797, accuracy 78.813 %, best 78.910 %
Finished training it 19456/306969 of epoch 1, 11.83 ms/it, loss 0.436174, accuracy 79.710 %
Testing at - 19456/306969 of epoch 0, loss 0.455829, accuracy 78.577 %, best 78.910 %
Finished training it 20480/306969 of epoch 1, 14.07 ms/it, loss 0.437338, accuracy 79.778 %
Testing at - 20480/306969 of epoch 0, loss 0.455122, accuracy 78.793 %, best 78.910 %
Finished training it 21504/306969 of epoch 1, 15.07 ms/it, loss 0.437737, accuracy 79.655 %
Testing at - 21504/306969 of epoch 0, loss 0.453577, accuracy 78.739 %, best 78.910 %
Finished training it 22528/306969 of epoch 1, 14.99 ms/it, loss 0.435905, accuracy 79.734 %
Testing at - 22528/306969 of epoch 0, loss 0.453377, accuracy 78.802 %, best 78.910 %
Finished training it 23552/306969 of epoch 1, 15.15 ms/it, loss 0.439002, accuracy 79.759 %
Testing at - 23552/306969 of epoch 0, loss 0.453126, accuracy 78.789 %, best 78.910 %
Finished training it 24576/306969 of epoch 1, 15.13 ms/it, loss 0.435430, accuracy 79.827 %
Testing at - 24576/306969 of epoch 0, loss 0.455379, accuracy 78.570 %, best 78.910 %
Finished training it 25600/306969 of epoch 1, 14.81 ms/it, loss 0.433695, accuracy 79.984 %
Testing at - 25600/306969 of epoch 0, loss 0.453612, accuracy 78.701 %, best 78.910 %
Finished training it 26624/306969 of epoch 1, 14.02 ms/it, loss 0.434846, accuracy 79.971 %
Testing at - 26624/306969 of epoch 0, loss 0.453802, accuracy 78.791 %, best 78.910 %
Finished training it 27648/306969 of epoch 1, 15.08 ms/it, loss 0.433698, accuracy 79.873 %
Testing at - 27648/306969 of epoch 0, loss 0.453249, accuracy 78.822 %, best 78.910 %
Finished training it 28672/306969 of epoch 1, 14.78 ms/it, loss 0.436187, accuracy 79.863 %
Testing at - 28672/306969 of epoch 0, loss 0.453361, accuracy 78.798 %, best 78.910 %
Finished training it 29696/306969 of epoch 1, 11.97 ms/it, loss 0.437370, accuracy 79.723 %
Testing at - 29696/306969 of epoch 0, loss 0.455698, accuracy 78.649 %, best 78.910 %
Finished training it 30720/306969 of epoch 1, 15.02 ms/it, loss 0.435768, accuracy 79.812 %
Testing at - 30720/306969 of epoch 0, loss 0.454881, accuracy 78.714 %, best 78.910 %
Finished training it 31744/306969 of epoch 1, 14.71 ms/it, loss 0.436606, accuracy 79.777 %
Testing at - 31744/306969 of epoch 0, loss 0.457669, accuracy 78.468 %, best 78.910 %
Finished training it 32768/306969 of epoch 1, 14.86 ms/it, loss 0.435760, accuracy 79.769 %
Testing at - 32768/306969 of epoch 0, loss 0.453413, accuracy 78.787 %, best 78.910 %
Finished training it 33792/306969 of epoch 1, 14.23 ms/it, loss 0.433444, accuracy 79.969 %
Testing at - 33792/306969 of epoch 0, loss 0.453591, accuracy 78.741 %, best 78.910 %
Finished training it 34816/306969 of epoch 1, 13.03 ms/it, loss 0.431029, accuracy 80.173 %
Testing at - 34816/306969 of epoch 0, loss 0.455112, accuracy 78.769 %, best 78.910 %
Finished training it 35840/306969 of epoch 1, 14.12 ms/it, loss 0.437128, accuracy 79.897 %
Testing at - 35840/306969 of epoch 0, loss 0.455271, accuracy 78.713 %, best 78.910 %
Finished training it 36864/306969 of epoch 1, 14.68 ms/it, loss 0.433964, accuracy 79.980 %
Testing at - 36864/306969 of epoch 0, loss 0.455009, accuracy 78.791 %, best 78.910 %
Finished training it 37888/306969 of epoch 1, 15.24 ms/it, loss 0.431604, accuracy 80.060 %
Testing at - 37888/306969 of epoch 0, loss 0.455693, accuracy 78.622 %, best 78.910 %
Finished training it 38912/306969 of epoch 1, 15.37 ms/it, loss 0.435269, accuracy 79.790 %
Testing at - 38912/306969 of epoch 0, loss 0.455128, accuracy 78.685 %, best 78.910 %
Finished training it 39936/306969 of epoch 1, 14.94 ms/it, loss 0.434365, accuracy 79.887 %
Testing at - 39936/306969 of epoch 0, loss 0.456199, accuracy 78.719 %, best 78.910 %
Finished training it 40960/306969 of epoch 1, 14.42 ms/it, loss 0.433861, accuracy 79.900 %
Testing at - 40960/306969 of epoch 0, loss 0.455374, accuracy 78.631 %, best 78.910 %
Finished training it 41984/306969 of epoch 1, 15.06 ms/it, loss 0.433292, accuracy 80.083 %
Testing at - 41984/306969 of epoch 0, loss 0.455763, accuracy 78.729 %, best 78.910 %
Finished training it 43008/306969 of epoch 1, 12.77 ms/it, loss 0.433241, accuracy 80.094 %
Testing at - 43008/306969 of epoch 0, loss 0.455037, accuracy 78.747 %, best 78.910 %
Finished training it 44032/306969 of epoch 1, 14.83 ms/it, loss 0.434155, accuracy 80.016 %
Testing at - 44032/306969 of epoch 0, loss 0.458043, accuracy 78.713 %, best 78.910 %
Finished training it 45056/306969 of epoch 1, 15.11 ms/it, loss 0.434611, accuracy 79.881 %
Testing at - 45056/306969 of epoch 0, loss 0.454495, accuracy 78.692 %, best 78.910 %
Finished training it 46080/306969 of epoch 1, 15.41 ms/it, loss 0.432264, accuracy 80.070 %
Testing at - 46080/306969 of epoch 0, loss 0.455468, accuracy 78.666 %, best 78.910 %
Finished training it 47104/306969 of epoch 1, 13.18 ms/it, loss 0.436477, accuracy 79.781 %
Testing at - 47104/306969 of epoch 0, loss 0.459187, accuracy 78.674 %, best 78.910 %
Finished training it 48128/306969 of epoch 1, 15.39 ms/it, loss 0.434322, accuracy 79.813 %
Testing at - 48128/306969 of epoch 0, loss 0.457637, accuracy 78.652 %, best 78.910 %
Finished training it 49152/306969 of epoch 1, 15.15 ms/it, loss 0.429737, accuracy 80.157 %
Testing at - 49152/306969 of epoch 0, loss 0.456413, accuracy 78.603 %, best 78.910 %
Finished training it 50176/306969 of epoch 1, 14.92 ms/it, loss 0.430876, accuracy 80.121 %
Testing at - 50176/306969 of epoch 0, loss 0.456631, accuracy 78.619 %, best 78.910 %
Finished training it 51200/306969 of epoch 1, 15.40 ms/it, loss 0.432070, accuracy 80.180 %
Testing at - 51200/306969 of epoch 0, loss 0.459415, accuracy 78.405 %, best 78.910 %
Finished training it 52224/306969 of epoch 1, 14.81 ms/it, loss 0.432096, accuracy 80.011 %
Testing at - 52224/306969 of epoch 0, loss 0.457932, accuracy 78.664 %, best 78.910 %
Finished training it 53248/306969 of epoch 1, 15.21 ms/it, loss 0.431933, accuracy 80.278 %
Testing at - 53248/306969 of epoch 0, loss 0.456049, accuracy 78.745 %, best 78.910 %
Finished training it 54272/306969 of epoch 1, 14.95 ms/it, loss 0.431296, accuracy 80.184 %
Testing at - 54272/306969 of epoch 0, loss 0.457658, accuracy 78.617 %, best 78.910 %
Finished training it 55296/306969 of epoch 1, 15.00 ms/it, loss 0.431028, accuracy 80.232 %
Testing at - 55296/306969 of epoch 0, loss 0.456866, accuracy 78.620 %, best 78.910 %
Finished training it 56320/306969 of epoch 1, 15.10 ms/it, loss 0.430387, accuracy 80.252 %
Testing at - 56320/306969 of epoch 0, loss 0.457207, accuracy 78.660 %, best 78.910 %
Finished training it 57344/306969 of epoch 1, 15.19 ms/it, loss 0.427619, accuracy 80.335 %
Testing at - 57344/306969 of epoch 0, loss 0.457863, accuracy 78.571 %, best 78.910 %
Finished training it 58368/306969 of epoch 1, 14.90 ms/it, loss 0.426886, accuracy 80.544 %
Testing at - 58368/306969 of epoch 0, loss 0.456685, accuracy 78.595 %, best 78.910 %
Finished training it 59392/306969 of epoch 1, 15.00 ms/it, loss 0.429366, accuracy 80.182 %
Testing at - 59392/306969 of epoch 0, loss 0.457685, accuracy 78.555 %, best 78.910 %
Finished training it 60416/306969 of epoch 1, 14.97 ms/it, loss 0.429198, accuracy 80.285 %
Testing at - 60416/306969 of epoch 0, loss 0.465536, accuracy 77.990 %, best 78.910 %
Finished training it 61440/306969 of epoch 1, 15.01 ms/it, loss 0.431572, accuracy 80.102 %
Testing at - 61440/306969 of epoch 0, loss 0.459861, accuracy 78.514 %, best 78.910 %
Finished training it 62464/306969 of epoch 1, 14.95 ms/it, loss 0.428883, accuracy 80.264 %
Testing at - 62464/306969 of epoch 0, loss 0.458573, accuracy 78.426 %, best 78.910 %
Finished training it 63488/306969 of epoch 1, 14.23 ms/it, loss 0.426300, accuracy 80.335 %
Testing at - 63488/306969 of epoch 0, loss 0.458460, accuracy 78.501 %, best 78.910 %
Finished training it 64512/306969 of epoch 1, 14.85 ms/it, loss 0.427672, accuracy 80.231 %
Testing at - 64512/306969 of epoch 0, loss 0.462872, accuracy 78.189 %, best 78.910 %
Finished training it 65536/306969 of epoch 1, 15.12 ms/it, loss 0.430493, accuracy 80.197 %
Testing at - 65536/306969 of epoch 0, loss 0.461512, accuracy 78.441 %, best 78.910 %
Finished training it 66560/306969 of epoch 1, 14.12 ms/it, loss 0.426065, accuracy 80.525 %
Testing at - 66560/306969 of epoch 0, loss 0.458391, accuracy 78.520 %, best 78.910 %
Finished training it 67584/306969 of epoch 1, 13.76 ms/it, loss 0.423416, accuracy 80.698 %
Testing at - 67584/306969 of epoch 0, loss 0.460187, accuracy 78.462 %, best 78.910 %
Finished training it 68608/306969 of epoch 1, 14.99 ms/it, loss 0.426079, accuracy 80.494 %
Testing at - 68608/306969 of epoch 0, loss 0.463410, accuracy 78.096 %, best 78.910 %
Finished training it 69632/306969 of epoch 1, 15.03 ms/it, loss 0.424933, accuracy 80.453 %
Testing at - 69632/306969 of epoch 0, loss 0.461487, accuracy 78.299 %, best 78.910 %
Finished training it 70656/306969 of epoch 1, 14.81 ms/it, loss 0.424473, accuracy 80.470 %
Testing at - 70656/306969 of epoch 0, loss 0.463673, accuracy 78.325 %, best 78.910 %
Finished training it 71680/306969 of epoch 1, 14.93 ms/it, loss 0.425419, accuracy 80.589 %
Testing at - 71680/306969 of epoch 0, loss 0.459493, accuracy 78.420 %, best 78.910 %
Finished training it 72704/306969 of epoch 1, 14.27 ms/it, loss 0.422103, accuracy 80.653 %
Testing at - 72704/306969 of epoch 0, loss 0.460572, accuracy 78.392 %, best 78.910 %
Finished training it 73728/306969 of epoch 1, 14.13 ms/it, loss 0.423261, accuracy 80.687 %
Testing at - 73728/306969 of epoch 0, loss 0.460546, accuracy 78.383 %, best 78.910 %
Finished training it 74752/306969 of epoch 1, 15.13 ms/it, loss 0.422059, accuracy 80.724 %
Testing at - 74752/306969 of epoch 0, loss 0.469631, accuracy 77.586 %, best 78.910 %
Finished training it 75776/306969 of epoch 1, 14.85 ms/it, loss 0.421254, accuracy 80.787 %
Testing at - 75776/306969 of epoch 0, loss 0.459572, accuracy 78.454 %, best 78.910 %
Finished training it 76800/306969 of epoch 1, 12.89 ms/it, loss 0.420787, accuracy 80.777 %
Testing at - 76800/306969 of epoch 0, loss 0.460322, accuracy 78.407 %, best 78.910 %
Finished training it 77824/306969 of epoch 1, 14.92 ms/it, loss 0.420970, accuracy 80.806 %
Testing at - 77824/306969 of epoch 0, loss 0.461370, accuracy 78.359 %, best 78.910 %
Finished training it 78848/306969 of epoch 1, 13.71 ms/it, loss 0.419472, accuracy 80.875 %
Testing at - 78848/306969 of epoch 0, loss 0.461341, accuracy 78.468 %, best 78.910 %
Finished training it 79872/306969 of epoch 1, 15.15 ms/it, loss 0.418895, accuracy 80.826 %
Testing at - 79872/306969 of epoch 0, loss 0.462338, accuracy 78.486 %, best 78.910 %
Finished training it 80896/306969 of epoch 1, 15.02 ms/it, loss 0.416931, accuracy 80.970 %
Testing at - 80896/306969 of epoch 0, loss 0.465754, accuracy 78.344 %, best 78.910 %
Finished training it 81920/306969 of epoch 1, 14.89 ms/it, loss 0.418069, accuracy 80.835 %
Testing at - 81920/306969 of epoch 0, loss 0.470400, accuracy 78.257 %, best 78.910 %
Finished training it 82944/306969 of epoch 1, 14.31 ms/it, loss 0.415566, accuracy 80.948 %
Testing at - 82944/306969 of epoch 0, loss 0.462759, accuracy 78.164 %, best 78.910 %
Finished training it 83968/306969 of epoch 1, 15.12 ms/it, loss 0.414572, accuracy 81.104 %
Testing at - 83968/306969 of epoch 0, loss 0.465272, accuracy 78.474 %, best 78.910 %
Finished training it 84992/306969 of epoch 1, 15.33 ms/it, loss 0.415035, accuracy 81.187 %
Testing at - 84992/306969 of epoch 0, loss 0.467504, accuracy 78.478 %, best 78.910 %
Finished training it 86016/306969 of epoch 1, 15.09 ms/it, loss 0.415310, accuracy 81.121 %
Testing at - 86016/306969 of epoch 0, loss 0.464866, accuracy 78.074 %, best 78.910 %
Finished training it 87040/306969 of epoch 1, 14.94 ms/it, loss 0.414930, accuracy 81.054 %
Testing at - 87040/306969 of epoch 0, loss 0.464835, accuracy 78.262 %, best 78.910 %
Finished training it 88064/306969 of epoch 1, 14.81 ms/it, loss 0.412063, accuracy 81.243 %
Testing at - 88064/306969 of epoch 0, loss 0.467186, accuracy 78.397 %, best 78.910 %
Finished training it 89088/306969 of epoch 1, 14.99 ms/it, loss 0.412770, accuracy 81.139 %
Testing at - 89088/306969 of epoch 0, loss 0.465435, accuracy 78.329 %, best 78.910 %
Finished training it 90112/306969 of epoch 1, 14.72 ms/it, loss 0.413306, accuracy 81.232 %
Testing at - 90112/306969 of epoch 0, loss 0.480153, accuracy 78.022 %, best 78.910 %
Finished training it 91136/306969 of epoch 1, 14.85 ms/it, loss 0.411338, accuracy 81.271 %
Testing at - 91136/306969 of epoch 0, loss 0.464821, accuracy 78.384 %, best 78.910 %
Finished training it 92160/306969 of epoch 1, 13.00 ms/it, loss 0.412114, accuracy 81.242 %
Testing at - 92160/306969 of epoch 0, loss 0.468853, accuracy 78.278 %, best 78.910 %
Finished training it 93184/306969 of epoch 1, 14.25 ms/it, loss 0.411657, accuracy 81.149 %
Testing at - 93184/306969 of epoch 0, loss 0.466135, accuracy 78.375 %, best 78.910 %
Finished training it 94208/306969 of epoch 1, 15.03 ms/it, loss 0.411503, accuracy 81.223 %
Testing at - 94208/306969 of epoch 0, loss 0.470627, accuracy 78.369 %, best 78.910 %
Finished training it 95232/306969 of epoch 1, 15.22 ms/it, loss 0.408188, accuracy 81.468 %
Testing at - 95232/306969 of epoch 0, loss 0.462515, accuracy 78.409 %, best 78.910 %
Finished training it 96256/306969 of epoch 1, 13.09 ms/it, loss 0.407006, accuracy 81.506 %
Testing at - 96256/306969 of epoch 0, loss 0.470872, accuracy 77.736 %, best 78.910 %
Finished training it 97280/306969 of epoch 1, 14.20 ms/it, loss 0.406171, accuracy 81.583 %
Testing at - 97280/306969 of epoch 0, loss 0.471317, accuracy 78.354 %, best 78.910 %
Finished training it 98304/306969 of epoch 1, 14.43 ms/it, loss 0.405813, accuracy 81.599 %
Testing at - 98304/306969 of epoch 0, loss 0.504796, accuracy 77.621 %, best 78.910 %
Finished training it 99328/306969 of epoch 1, 14.63 ms/it, loss 0.409541, accuracy 81.493 %
Testing at - 99328/306969 of epoch 0, loss 0.472143, accuracy 78.287 %, best 78.910 %
Finished training it 100352/306969 of epoch 1, 14.81 ms/it, loss 0.406331, accuracy 81.464 %
Testing at - 100352/306969 of epoch 0, loss 0.470936, accuracy 78.003 %, best 78.910 %
Finished training it 101376/306969 of epoch 1, 14.71 ms/it, loss 0.407548, accuracy 81.485 %
Testing at - 101376/306969 of epoch 0, loss 0.463965, accuracy 78.424 %, best 78.910 %
Finished training it 102400/306969 of epoch 1, 23.04 ms/it, loss 0.408245, accuracy 81.426 %
Testing at - 102400/306969 of epoch 0, loss 0.472356, accuracy 77.902 %, best 78.910 %
Finished training it 103424/306969 of epoch 1, 17.68 ms/it, loss 0.407651, accuracy 81.433 %
Testing at - 103424/306969 of epoch 0, loss 0.482413, accuracy 78.375 %, best 78.910 %
Finished training it 104448/306969 of epoch 1, 16.34 ms/it, loss 0.407050, accuracy 81.451 %
Testing at - 104448/306969 of epoch 0, loss 0.465127, accuracy 78.582 %, best 78.910 %
Finished training it 105472/306969 of epoch 1, 14.64 ms/it, loss 0.407532, accuracy 81.425 %
Testing at - 105472/306969 of epoch 0, loss 0.476059, accuracy 78.318 %, best 78.910 %
Finished training it 106496/306969 of epoch 1, 14.44 ms/it, loss 0.405181, accuracy 81.520 %
Testing at - 106496/306969 of epoch 0, loss 0.483725, accuracy 77.917 %, best 78.910 %
Finished training it 107520/306969 of epoch 1, 14.51 ms/it, loss 0.403846, accuracy 81.743 %
Testing at - 107520/306969 of epoch 0, loss 0.474999, accuracy 78.383 %, best 78.910 %
Finished training it 108544/306969 of epoch 1, 13.90 ms/it, loss 0.405619, accuracy 81.480 %
Testing at - 108544/306969 of epoch 0, loss 0.476313, accuracy 78.490 %, best 78.910 %
Finished training it 109568/306969 of epoch 1, 14.81 ms/it, loss 0.403021, accuracy 81.715 %
Testing at - 109568/306969 of epoch 0, loss 0.468857, accuracy 78.428 %, best 78.910 %
Finished training it 110592/306969 of epoch 1, 13.64 ms/it, loss 0.402838, accuracy 81.661 %
Testing at - 110592/306969 of epoch 0, loss 0.477864, accuracy 77.569 %, best 78.910 %
Finished training it 111616/306969 of epoch 1, 13.78 ms/it, loss 0.405902, accuracy 81.557 %
Testing at - 111616/306969 of epoch 0, loss 0.471132, accuracy 78.244 %, best 78.910 %
Finished training it 112640/306969 of epoch 1, 17.63 ms/it, loss 0.405495, accuracy 81.577 %
Testing at - 112640/306969 of epoch 0, loss 0.473405, accuracy 78.404 %, best 78.910 %
Finished training it 113664/306969 of epoch 1, 14.50 ms/it, loss 0.402586, accuracy 81.751 %
Testing at - 113664/306969 of epoch 0, loss 0.470999, accuracy 78.398 %, best 78.910 %
Finished training it 114688/306969 of epoch 1, 13.60 ms/it, loss 0.402046, accuracy 81.777 %
Testing at - 114688/306969 of epoch 0, loss 0.485090, accuracy 78.264 %, best 78.910 %
Finished training it 115712/306969 of epoch 1, 14.56 ms/it, loss 0.402059, accuracy 81.669 %
Testing at - 115712/306969 of epoch 0, loss 0.479567, accuracy 78.402 %, best 78.910 %
Finished training it 116736/306969 of epoch 1, 15.72 ms/it, loss 0.403703, accuracy 81.664 %
Testing at - 116736/306969 of epoch 0, loss 0.485481, accuracy 77.937 %, best 78.910 %
Finished training it 117760/306969 of epoch 1, 16.77 ms/it, loss 0.398411, accuracy 81.928 %
Testing at - 117760/306969 of epoch 0, loss 0.481507, accuracy 78.312 %, best 78.910 %
Finished training it 118784/306969 of epoch 1, 14.34 ms/it, loss 0.398895, accuracy 81.844 %
Testing at - 118784/306969 of epoch 0, loss 0.482824, accuracy 78.268 %, best 78.910 %
Finished training it 119808/306969 of epoch 1, 13.50 ms/it, loss 0.401030, accuracy 81.786 %
Testing at - 119808/306969 of epoch 0, loss 0.480854, accuracy 78.000 %, best 78.910 %
Finished training it 120832/306969 of epoch 1, 16.63 ms/it, loss 0.402655, accuracy 81.778 %
Testing at - 120832/306969 of epoch 0, loss 0.457570, accuracy 78.541 %, best 78.910 %
Finished training it 121856/306969 of epoch 1, 19.01 ms/it, loss 0.438886, accuracy 79.721 %
Testing at - 121856/306969 of epoch 0, loss 0.463916, accuracy 78.224 %, best 78.910 %
Finished training it 122880/306969 of epoch 1, 17.31 ms/it, loss 0.403259, accuracy 81.721 %
Testing at - 122880/306969 of epoch 0, loss 0.472802, accuracy 78.383 %, best 78.910 %
Finished training it 123904/306969 of epoch 1, 16.13 ms/it, loss 0.424956, accuracy 80.531 %
Testing at - 123904/306969 of epoch 0, loss 0.469578, accuracy 78.422 %, best 78.910 %
Finished training it 124928/306969 of epoch 1, 16.69 ms/it, loss 0.398889, accuracy 81.844 %
Testing at - 124928/306969 of epoch 0, loss 0.475707, accuracy 78.302 %, best 78.910 %
Finished training it 125952/306969 of epoch 1, 15.40 ms/it, loss 0.401231, accuracy 81.825 %
Testing at - 125952/306969 of epoch 0, loss 0.473727, accuracy 78.366 %, best 78.910 %
Finished training it 126976/306969 of epoch 1, 19.05 ms/it, loss 0.406205, accuracy 81.503 %
Testing at - 126976/306969 of epoch 0, loss 0.451616, accuracy 78.893 %, best 78.910 %
Finished training it 128000/306969 of epoch 1, 16.86 ms/it, loss 0.434850, accuracy 79.993 %
Testing at - 128000/306969 of epoch 0, loss 0.452009, accuracy 78.862 %, best 78.910 %
Finished training it 129024/306969 of epoch 1, 16.06 ms/it, loss 0.433747, accuracy 80.072 %
Testing at - 129024/306969 of epoch 0, loss 0.454544, accuracy 78.770 %, best 78.910 %
Finished training it 130048/306969 of epoch 1, 16.64 ms/it, loss 0.431232, accuracy 80.091 %
Testing at - 130048/306969 of epoch 0, loss 0.454040, accuracy 78.793 %, best 78.910 %
Finished training it 131072/306969 of epoch 1, 15.15 ms/it, loss 0.425568, accuracy 80.510 %
Testing at - 131072/306969 of epoch 0, loss 0.455911, accuracy 78.610 %, best 78.910 %
Finished training it 132096/306969 of epoch 1, 14.01 ms/it, loss 0.422471, accuracy 80.779 %
Testing at - 132096/306969 of epoch 0, loss 0.457349, accuracy 78.502 %, best 78.910 %
Finished training it 133120/306969 of epoch 1, 18.35 ms/it, loss 0.413362, accuracy 81.437 %
Testing at - 133120/306969 of epoch 0, loss 0.458931, accuracy 78.392 %, best 78.910 %
Finished training it 134144/306969 of epoch 1, 14.29 ms/it, loss 0.411693, accuracy 81.432 %
Testing at - 134144/306969 of epoch 0, loss 0.460329, accuracy 78.508 %, best 78.910 %
Finished training it 135168/306969 of epoch 1, 14.37 ms/it, loss 0.406632, accuracy 81.608 %
Testing at - 135168/306969 of epoch 0, loss 0.463578, accuracy 78.197 %, best 78.910 %
Finished training it 136192/306969 of epoch 1, 14.29 ms/it, loss 0.408157, accuracy 81.750 %
Testing at - 136192/306969 of epoch 0, loss 0.463004, accuracy 78.566 %, best 78.910 %
Finished training it 137216/306969 of epoch 1, 14.87 ms/it, loss 0.404083, accuracy 81.940 %
Testing at - 137216/306969 of epoch 0, loss 0.466241, accuracy 78.129 %, best 78.910 %
Finished training it 138240/306969 of epoch 1, 15.67 ms/it, loss 0.403449, accuracy 81.793 %
Testing at - 138240/306969 of epoch 0, loss 0.464395, accuracy 78.324 %, best 78.910 %
Finished training it 139264/306969 of epoch 1, 15.37 ms/it, loss 0.403181, accuracy 81.766 %
Testing at - 139264/306969 of epoch 0, loss 0.469168, accuracy 77.861 %, best 78.910 %
Finished training it 140288/306969 of epoch 1, 14.94 ms/it, loss 0.396875, accuracy 82.191 %
Testing at - 140288/306969 of epoch 0, loss 0.472191, accuracy 78.431 %, best 78.910 %
Finished training it 141312/306969 of epoch 1, 16.64 ms/it, loss 0.399087, accuracy 81.992 %
Testing at - 141312/306969 of epoch 0, loss 0.468037, accuracy 78.262 %, best 78.910 %
Finished training it 142336/306969 of epoch 1, 16.24 ms/it, loss 0.395717, accuracy 82.304 %
Testing at - 142336/306969 of epoch 0, loss 0.465935, accuracy 78.344 %, best 78.910 %
Finished training it 143360/306969 of epoch 1, 14.46 ms/it, loss 0.398066, accuracy 82.117 %
Testing at - 143360/306969 of epoch 0, loss 0.471927, accuracy 77.671 %, best 78.910 %
Finished training it 144384/306969 of epoch 1, 14.19 ms/it, loss 0.398752, accuracy 82.008 %
Testing at - 144384/306969 of epoch 0, loss 0.471414, accuracy 78.337 %, best 78.910 %
Finished training it 145408/306969 of epoch 1, 15.98 ms/it, loss 0.399412, accuracy 81.977 %
Testing at - 145408/306969 of epoch 0, loss 0.476496, accuracy 78.371 %, best 78.910 %
Finished training it 146432/306969 of epoch 1, 14.21 ms/it, loss 0.395442, accuracy 82.178 %
Testing at - 146432/306969 of epoch 0, loss 0.469258, accuracy 78.297 %, best 78.910 %
Finished training it 147456/306969 of epoch 1, 14.43 ms/it, loss 0.394404, accuracy 82.162 %
Testing at - 147456/306969 of epoch 0, loss 0.472823, accuracy 77.888 %, best 78.910 %
Finished training it 148480/306969 of epoch 1, 16.02 ms/it, loss 0.392121, accuracy 82.292 %
Testing at - 148480/306969 of epoch 0, loss 0.467834, accuracy 78.300 %, best 78.910 %
Finished training it 149504/306969 of epoch 1, 17.06 ms/it, loss 0.393130, accuracy 82.283 %
Testing at - 149504/306969 of epoch 0, loss 0.467540, accuracy 78.207 %, best 78.910 %
Finished training it 150528/306969 of epoch 1, 14.15 ms/it, loss 0.394763, accuracy 82.168 %
Testing at - 150528/306969 of epoch 0, loss 0.475547, accuracy 78.401 %, best 78.910 %
Finished training it 151552/306969 of epoch 1, 14.38 ms/it, loss 0.390353, accuracy 82.423 %
Testing at - 151552/306969 of epoch 0, loss 0.481122, accuracy 77.663 %, best 78.910 %
Finished training it 152576/306969 of epoch 1, 14.60 ms/it, loss 0.392048, accuracy 82.361 %
Testing at - 152576/306969 of epoch 0, loss 0.466130, accuracy 78.255 %, best 78.910 %
Finished training it 153600/306969 of epoch 1, 14.88 ms/it, loss 0.394034, accuracy 82.265 %
Testing at - 153600/306969 of epoch 0, loss 0.471287, accuracy 78.122 %, best 78.910 %
Finished training it 154624/306969 of epoch 1, 14.94 ms/it, loss 0.391446, accuracy 82.365 %
Testing at - 154624/306969 of epoch 0, loss 0.477895, accuracy 77.613 %, best 78.910 %
Finished training it 155648/306969 of epoch 1, 14.73 ms/it, loss 0.390160, accuracy 82.355 %
Testing at - 155648/306969 of epoch 0, loss 0.481592, accuracy 78.251 %, best 78.910 %
Finished training it 156672/306969 of epoch 1, 15.00 ms/it, loss 0.391088, accuracy 82.294 %
Testing at - 156672/306969 of epoch 0, loss 0.476845, accuracy 78.242 %, best 78.910 %
Finished training it 157696/306969 of epoch 1, 14.09 ms/it, loss 0.390074, accuracy 82.435 %
Testing at - 157696/306969 of epoch 0, loss 0.482074, accuracy 78.164 %, best 78.910 %
Finished training it 158720/306969 of epoch 1, 14.70 ms/it, loss 0.392091, accuracy 82.415 %
Testing at - 158720/306969 of epoch 0, loss 0.473217, accuracy 78.255 %, best 78.910 %
Finished training it 159744/306969 of epoch 1, 14.94 ms/it, loss 0.392720, accuracy 82.323 %
Testing at - 159744/306969 of epoch 0, loss 0.479757, accuracy 78.240 %, best 78.910 %
Finished training it 160768/306969 of epoch 1, 12.75 ms/it, loss 0.390473, accuracy 82.498 %
Testing at - 160768/306969 of epoch 0, loss 0.487021, accuracy 78.116 %, best 78.910 %
Finished training it 161792/306969 of epoch 1, 13.03 ms/it, loss 0.393264, accuracy 82.209 %
Testing at - 161792/306969 of epoch 0, loss 0.475631, accuracy 77.897 %, best 78.910 %
Finished training it 162816/306969 of epoch 1, 13.48 ms/it, loss 0.392414, accuracy 82.261 %
Testing at - 162816/306969 of epoch 0, loss 0.473403, accuracy 78.308 %, best 78.910 %
Finished training it 163840/306969 of epoch 1, 12.60 ms/it, loss 0.390261, accuracy 82.367 %
Testing at - 163840/306969 of epoch 0, loss 0.475602, accuracy 78.108 %, best 78.910 %
Finished training it 164864/306969 of epoch 1, 12.94 ms/it, loss 0.390667, accuracy 82.340 %
Testing at - 164864/306969 of epoch 0, loss 0.476628, accuracy 78.165 %, best 78.910 %
Finished training it 165888/306969 of epoch 1, 14.09 ms/it, loss 0.391637, accuracy 82.275 %
Testing at - 165888/306969 of epoch 0, loss 0.509695, accuracy 77.792 %, best 78.910 %
Finished training it 166912/306969 of epoch 1, 13.31 ms/it, loss 0.391098, accuracy 82.207 %
Testing at - 166912/306969 of epoch 0, loss 0.487646, accuracy 78.093 %, best 78.910 %
Finished training it 167936/306969 of epoch 1, 12.96 ms/it, loss 0.391318, accuracy 82.317 %
Testing at - 167936/306969 of epoch 0, loss 0.474538, accuracy 78.241 %, best 78.910 %
Finished training it 168960/306969 of epoch 1, 12.17 ms/it, loss 0.388574, accuracy 82.388 %
Testing at - 168960/306969 of epoch 0, loss 0.480846, accuracy 78.028 %, best 78.910 %
Finished training it 169984/306969 of epoch 1, 13.87 ms/it, loss 0.389257, accuracy 82.343 %
Testing at - 169984/306969 of epoch 0, loss 0.488610, accuracy 77.155 %, best 78.910 %
Finished training it 171008/306969 of epoch 1, 12.68 ms/it, loss 0.386688, accuracy 82.581 %
Testing at - 171008/306969 of epoch 0, loss 0.486062, accuracy 78.082 %, best 78.910 %
Finished training it 172032/306969 of epoch 1, 15.27 ms/it, loss 0.387543, accuracy 82.523 %
Testing at - 172032/306969 of epoch 0, loss 0.477877, accuracy 78.101 %, best 78.910 %
Finished training it 173056/306969 of epoch 1, 14.25 ms/it, loss 0.388672, accuracy 82.385 %
Testing at - 173056/306969 of epoch 0, loss 0.488867, accuracy 77.401 %, best 78.910 %
Finished training it 174080/306969 of epoch 1, 14.65 ms/it, loss 0.385004, accuracy 82.666 %
Testing at - 174080/306969 of epoch 0, loss 0.506069, accuracy 78.163 %, best 78.910 %
Finished training it 175104/306969 of epoch 1, 14.09 ms/it, loss 0.387142, accuracy 82.520 %
Testing at - 175104/306969 of epoch 0, loss 0.477446, accuracy 77.823 %, best 78.910 %
Finished training it 176128/306969 of epoch 1, 14.36 ms/it, loss 0.386276, accuracy 82.630 %
Testing at - 176128/306969 of epoch 0, loss 0.478120, accuracy 78.229 %, best 78.910 %
Finished training it 177152/306969 of epoch 1, 14.04 ms/it, loss 0.383734, accuracy 82.772 %
Testing at - 177152/306969 of epoch 0, loss 0.478984, accuracy 77.981 %, best 78.910 %
Finished training it 178176/306969 of epoch 1, 13.20 ms/it, loss 0.385013, accuracy 82.632 %
Testing at - 178176/306969 of epoch 0, loss 0.509049, accuracy 76.258 %, best 78.910 %
Finished training it 179200/306969 of epoch 1, 13.89 ms/it, loss 0.385747, accuracy 82.553 %
Testing at - 179200/306969 of epoch 0, loss 0.480306, accuracy 78.222 %, best 78.910 %
Finished training it 180224/306969 of epoch 1, 13.26 ms/it, loss 0.386326, accuracy 82.550 %
Testing at - 180224/306969 of epoch 0, loss 0.483066, accuracy 77.779 %, best 78.910 %
Finished training it 181248/306969 of epoch 1, 13.75 ms/it, loss 0.387623, accuracy 82.393 %
Testing at - 181248/306969 of epoch 0, loss 0.473572, accuracy 78.282 %, best 78.910 %
Finished training it 182272/306969 of epoch 1, 13.85 ms/it, loss 0.387554, accuracy 82.419 %
Testing at - 182272/306969 of epoch 0, loss 0.495372, accuracy 77.871 %, best 78.910 %
Finished training it 183296/306969 of epoch 1, 13.48 ms/it, loss 0.387707, accuracy 82.453 %
Testing at - 183296/306969 of epoch 0, loss 0.477160, accuracy 78.000 %, best 78.910 %
Finished training it 184320/306969 of epoch 1, 14.13 ms/it, loss 0.384624, accuracy 82.619 %
Testing at - 184320/306969 of epoch 0, loss 0.479634, accuracy 77.797 %, best 78.910 %
Finished training it 185344/306969 of epoch 1, 13.84 ms/it, loss 0.387330, accuracy 82.430 %
Testing at - 185344/306969 of epoch 0, loss 0.488904, accuracy 78.313 %, best 78.910 %
Finished training it 186368/306969 of epoch 1, 14.90 ms/it, loss 0.385056, accuracy 82.544 %
Testing at - 186368/306969 of epoch 0, loss 0.484727, accuracy 78.201 %, best 78.910 %
Finished training it 187392/306969 of epoch 1, 14.73 ms/it, loss 0.385775, accuracy 82.605 %
Testing at - 187392/306969 of epoch 0, loss 0.492655, accuracy 78.313 %, best 78.910 %
Finished training it 188416/306969 of epoch 1, 13.98 ms/it, loss 0.383675, accuracy 82.654 %
Testing at - 188416/306969 of epoch 0, loss 0.482283, accuracy 78.041 %, best 78.910 %
Finished training it 189440/306969 of epoch 1, 15.11 ms/it, loss 0.386733, accuracy 82.602 %
Testing at - 189440/306969 of epoch 0, loss 0.495224, accuracy 78.271 %, best 78.910 %
Finished training it 190464/306969 of epoch 1, 14.61 ms/it, loss 0.385584, accuracy 82.622 %
Testing at - 190464/306969 of epoch 0, loss 0.483404, accuracy 78.306 %, best 78.910 %
Finished training it 191488/306969 of epoch 1, 14.33 ms/it, loss 0.383635, accuracy 82.761 %
Testing at - 191488/306969 of epoch 0, loss 0.478724, accuracy 78.297 %, best 78.910 %
Finished training it 192512/306969 of epoch 1, 15.12 ms/it, loss 0.380625, accuracy 82.938 %
Testing at - 192512/306969 of epoch 0, loss 0.494117, accuracy 78.329 %, best 78.910 %
Finished training it 193536/306969 of epoch 1, 13.05 ms/it, loss 0.383867, accuracy 82.646 %
Testing at - 193536/306969 of epoch 0, loss 0.481217, accuracy 78.349 %, best 78.910 %
Finished training it 194560/306969 of epoch 1, 14.61 ms/it, loss 0.382677, accuracy 82.705 %
Testing at - 194560/306969 of epoch 0, loss 0.485795, accuracy 78.318 %, best 78.910 %
Finished training it 195584/306969 of epoch 1, 15.15 ms/it, loss 0.386103, accuracy 82.478 %
Testing at - 195584/306969 of epoch 0, loss 0.478234, accuracy 78.256 %, best 78.910 %
Finished training it 196608/306969 of epoch 1, 14.98 ms/it, loss 0.385267, accuracy 82.661 %
Testing at - 196608/306969 of epoch 0, loss 0.480407, accuracy 78.197 %, best 78.910 %
Finished training it 197632/306969 of epoch 1, 15.41 ms/it, loss 0.384779, accuracy 82.643 %
Testing at - 197632/306969 of epoch 0, loss 0.487341, accuracy 77.984 %, best 78.910 %
Finished training it 198656/306969 of epoch 1, 14.23 ms/it, loss 0.385044, accuracy 82.603 %
Testing at - 198656/306969 of epoch 0, loss 0.481673, accuracy 78.342 %, best 78.910 %
Finished training it 199680/306969 of epoch 1, 14.89 ms/it, loss 0.385049, accuracy 82.524 %
Testing at - 199680/306969 of epoch 0, loss 0.500550, accuracy 78.320 %, best 78.910 %
Finished training it 200704/306969 of epoch 1, 14.24 ms/it, loss 0.381963, accuracy 82.752 %
Testing at - 200704/306969 of epoch 0, loss 0.488003, accuracy 77.436 %, best 78.910 %
Finished training it 201728/306969 of epoch 1, 15.14 ms/it, loss 0.385031, accuracy 82.497 %
Testing at - 201728/306969 of epoch 0, loss 0.484022, accuracy 78.151 %, best 78.910 %
Finished training it 202752/306969 of epoch 1, 12.76 ms/it, loss 0.382612, accuracy 82.657 %
Testing at - 202752/306969 of epoch 0, loss 0.490009, accuracy 78.284 %, best 78.910 %
Finished training it 203776/306969 of epoch 1, 13.95 ms/it, loss 0.383407, accuracy 82.834 %
Testing at - 203776/306969 of epoch 0, loss 0.478447, accuracy 78.417 %, best 78.910 %
Finished training it 204800/306969 of epoch 1, 13.90 ms/it, loss 0.380934, accuracy 82.805 %
Testing at - 204800/306969 of epoch 0, loss 0.496883, accuracy 78.364 %, best 78.910 %
Finished training it 205824/306969 of epoch 1, 14.07 ms/it, loss 0.382864, accuracy 82.765 %
Testing at - 205824/306969 of epoch 0, loss 0.489632, accuracy 78.065 %, best 78.910 %
Finished training it 206848/306969 of epoch 1, 12.73 ms/it, loss 0.381287, accuracy 82.827 %
Testing at - 206848/306969 of epoch 0, loss 0.482568, accuracy 78.455 %, best 78.910 %
Finished training it 207872/306969 of epoch 1, 11.29 ms/it, loss 0.382254, accuracy 82.686 %
Testing at - 207872/306969 of epoch 0, loss 0.485149, accuracy 77.825 %, best 78.910 %
Finished training it 208896/306969 of epoch 1, 13.60 ms/it, loss 0.382421, accuracy 82.765 %
Testing at - 208896/306969 of epoch 0, loss 0.491377, accuracy 78.440 %, best 78.910 %
Finished training it 209920/306969 of epoch 1, 13.48 ms/it, loss 0.381797, accuracy 82.737 %
Testing at - 209920/306969 of epoch 0, loss 0.511535, accuracy 78.161 %, best 78.910 %
Finished training it 210944/306969 of epoch 1, 13.36 ms/it, loss 0.382412, accuracy 82.693 %
Testing at - 210944/306969 of epoch 0, loss 0.483699, accuracy 78.214 %, best 78.910 %
Finished training it 211968/306969 of epoch 1, 12.39 ms/it, loss 0.382345, accuracy 82.703 %
Testing at - 211968/306969 of epoch 0, loss 0.492400, accuracy 77.440 %, best 78.910 %
Finished training it 212992/306969 of epoch 1, 13.39 ms/it, loss 0.380398, accuracy 82.808 %
Testing at - 212992/306969 of epoch 0, loss 0.496730, accuracy 78.194 %, best 78.910 %
Finished training it 214016/306969 of epoch 1, 14.78 ms/it, loss 0.379733, accuracy 82.812 %
Testing at - 214016/306969 of epoch 0, loss 0.504563, accuracy 76.937 %, best 78.910 %
Finished training it 215040/306969 of epoch 1, 14.58 ms/it, loss 0.380156, accuracy 82.864 %
Testing at - 215040/306969 of epoch 0, loss 0.490822, accuracy 78.246 %, best 78.910 %
Finished training it 216064/306969 of epoch 1, 14.72 ms/it, loss 0.378587, accuracy 82.816 %
Testing at - 216064/306969 of epoch 0, loss 0.478354, accuracy 78.374 %, best 78.910 %
Finished training it 217088/306969 of epoch 1, 14.21 ms/it, loss 0.382033, accuracy 82.865 %
Testing at - 217088/306969 of epoch 0, loss 0.501776, accuracy 78.357 %, best 78.910 %
Finished training it 218112/306969 of epoch 1, 13.59 ms/it, loss 0.381598, accuracy 82.796 %
Testing at - 218112/306969 of epoch 0, loss 0.485984, accuracy 77.873 %, best 78.910 %
Finished training it 219136/306969 of epoch 1, 13.34 ms/it, loss 0.382112, accuracy 82.681 %
Testing at - 219136/306969 of epoch 0, loss 0.499239, accuracy 77.135 %, best 78.910 %
Finished training it 220160/306969 of epoch 1, 14.09 ms/it, loss 0.381177, accuracy 82.832 %
Testing at - 220160/306969 of epoch 0, loss 0.484719, accuracy 78.258 %, best 78.910 %
Finished training it 221184/306969 of epoch 1, 14.67 ms/it, loss 0.377967, accuracy 82.914 %
Testing at - 221184/306969 of epoch 0, loss 0.486020, accuracy 77.888 %, best 78.910 %
Finished training it 222208/306969 of epoch 1, 13.06 ms/it, loss 0.382750, accuracy 82.737 %
Testing at - 222208/306969 of epoch 0, loss 0.484982, accuracy 78.488 %, best 78.910 %
Finished training it 223232/306969 of epoch 1, 14.66 ms/it, loss 0.383161, accuracy 82.633 %
Testing at - 223232/306969 of epoch 0, loss 0.490570, accuracy 78.445 %, best 78.910 %
Finished training it 224256/306969 of epoch 1, 14.31 ms/it, loss 0.381975, accuracy 82.777 %
Testing at - 224256/306969 of epoch 0, loss 0.478962, accuracy 78.253 %, best 78.910 %
Finished training it 225280/306969 of epoch 1, 13.70 ms/it, loss 0.384324, accuracy 82.642 %
Testing at - 225280/306969 of epoch 0, loss 0.485284, accuracy 78.178 %, best 78.910 %
Finished training it 226304/306969 of epoch 1, 12.92 ms/it, loss 0.379074, accuracy 82.967 %
Testing at - 226304/306969 of epoch 0, loss 0.484047, accuracy 78.260 %, best 78.910 %
Finished training it 227328/306969 of epoch 1, 13.02 ms/it, loss 0.382983, accuracy 82.468 %
Testing at - 227328/306969 of epoch 0, loss 0.489649, accuracy 78.179 %, best 78.910 %
Finished training it 228352/306969 of epoch 1, 13.74 ms/it, loss 0.381416, accuracy 82.787 %
Testing at - 228352/306969 of epoch 0, loss 0.524757, accuracy 77.734 %, best 78.910 %
Finished training it 229376/306969 of epoch 1, 14.20 ms/it, loss 0.380836, accuracy 82.836 %
Testing at - 229376/306969 of epoch 0, loss 0.494781, accuracy 78.328 %, best 78.910 %
Finished training it 230400/306969 of epoch 1, 14.45 ms/it, loss 0.380601, accuracy 82.744 %
Testing at - 230400/306969 of epoch 0, loss 0.479863, accuracy 78.428 %, best 78.910 %
Finished training it 231424/306969 of epoch 1, 15.17 ms/it, loss 0.379481, accuracy 82.858 %
Testing at - 231424/306969 of epoch 0, loss 0.479610, accuracy 78.256 %, best 78.910 %
Finished training it 232448/306969 of epoch 1, 14.53 ms/it, loss 0.381132, accuracy 82.665 %
Testing at - 232448/306969 of epoch 0, loss 0.481092, accuracy 78.104 %, best 78.910 %
Finished training it 233472/306969 of epoch 1, 14.96 ms/it, loss 0.384156, accuracy 82.580 %
Testing at - 233472/306969 of epoch 0, loss 0.487242, accuracy 78.310 %, best 78.910 %
Finished training it 234496/306969 of epoch 1, 14.45 ms/it, loss 0.380939, accuracy 82.817 %
Testing at - 234496/306969 of epoch 0, loss 0.481842, accuracy 78.254 %, best 78.910 %
Finished training it 235520/306969 of epoch 1, 13.90 ms/it, loss 0.381223, accuracy 82.771 %
Testing at - 235520/306969 of epoch 0, loss 0.483481, accuracy 78.163 %, best 78.910 %
Finished training it 236544/306969 of epoch 1, 14.32 ms/it, loss 0.382157, accuracy 82.649 %
Testing at - 236544/306969 of epoch 0, loss 0.487901, accuracy 78.456 %, best 78.910 %
Finished training it 237568/306969 of epoch 1, 14.58 ms/it, loss 0.378070, accuracy 82.980 %
Testing at - 237568/306969 of epoch 0, loss 0.495416, accuracy 77.651 %, best 78.910 %
Finished training it 238592/306969 of epoch 1, 15.00 ms/it, loss 0.381673, accuracy 82.764 %
Testing at - 238592/306969 of epoch 0, loss 0.482440, accuracy 78.070 %, best 78.910 %
Finished training it 239616/306969 of epoch 1, 14.97 ms/it, loss 0.382214, accuracy 82.725 %
Testing at - 239616/306969 of epoch 0, loss 0.483439, accuracy 78.008 %, best 78.910 %
Finished training it 240640/306969 of epoch 1, 14.62 ms/it, loss 0.379731, accuracy 82.679 %
Testing at - 240640/306969 of epoch 0, loss 0.487513, accuracy 77.740 %, best 78.910 %
Finished training it 241664/306969 of epoch 1, 14.62 ms/it, loss 0.377547, accuracy 82.884 %
Testing at - 241664/306969 of epoch 0, loss 0.492521, accuracy 77.512 %, best 78.910 %
Finished training it 242688/306969 of epoch 1, 14.80 ms/it, loss 0.379178, accuracy 82.867 %
Testing at - 242688/306969 of epoch 0, loss 0.482285, accuracy 78.367 %, best 78.910 %
Finished training it 243712/306969 of epoch 1, 14.91 ms/it, loss 0.381093, accuracy 82.691 %
Testing at - 243712/306969 of epoch 0, loss 0.519884, accuracy 78.181 %, best 78.910 %
Finished training it 244736/306969 of epoch 1, 14.95 ms/it, loss 0.380076, accuracy 82.822 %
Testing at - 244736/306969 of epoch 0, loss 0.484909, accuracy 78.019 %, best 78.910 %
Finished training it 245760/306969 of epoch 1, 14.68 ms/it, loss 0.379231, accuracy 82.890 %
Testing at - 245760/306969 of epoch 0, loss 0.487135, accuracy 77.996 %, best 78.910 %
Finished training it 246784/306969 of epoch 1, 14.32 ms/it, loss 0.377502, accuracy 82.820 %
Testing at - 246784/306969 of epoch 0, loss 0.484898, accuracy 78.310 %, best 78.910 %
Finished training it 247808/306969 of epoch 1, 13.21 ms/it, loss 0.378617, accuracy 82.907 %
Testing at - 247808/306969 of epoch 0, loss 0.488722, accuracy 78.369 %, best 78.910 %
Finished training it 248832/306969 of epoch 1, 15.20 ms/it, loss 0.380092, accuracy 82.866 %
Testing at - 248832/306969 of epoch 0, loss 0.486030, accuracy 77.825 %, best 78.910 %
Finished training it 249856/306969 of epoch 1, 12.86 ms/it, loss 0.381728, accuracy 82.719 %
Testing at - 249856/306969 of epoch 0, loss 0.480105, accuracy 78.358 %, best 78.910 %
Finished training it 250880/306969 of epoch 1, 15.21 ms/it, loss 0.378938, accuracy 82.798 %
Testing at - 250880/306969 of epoch 0, loss 0.524878, accuracy 77.732 %, best 78.910 %
Finished training it 251904/306969 of epoch 1, 14.21 ms/it, loss 0.379874, accuracy 82.719 %
Testing at - 251904/306969 of epoch 0, loss 0.485997, accuracy 78.027 %, best 78.910 %
Finished training it 252928/306969 of epoch 1, 14.29 ms/it, loss 0.376830, accuracy 83.086 %
Testing at - 252928/306969 of epoch 0, loss 0.501464, accuracy 78.167 %, best 78.910 %
Finished training it 253952/306969 of epoch 1, 14.02 ms/it, loss 0.377477, accuracy 82.949 %
Testing at - 253952/306969 of epoch 0, loss 0.479961, accuracy 78.477 %, best 78.910 %
Finished training it 254976/306969 of epoch 1, 13.76 ms/it, loss 0.379126, accuracy 82.909 %
Testing at - 254976/306969 of epoch 0, loss 0.480901, accuracy 77.992 %, best 78.910 %
Finished training it 256000/306969 of epoch 1, 14.44 ms/it, loss 0.380840, accuracy 82.671 %
Testing at - 256000/306969 of epoch 0, loss 0.482236, accuracy 77.991 %, best 78.910 %
Finished training it 257024/306969 of epoch 1, 15.04 ms/it, loss 0.379187, accuracy 82.879 %
Testing at - 257024/306969 of epoch 0, loss 0.482008, accuracy 78.119 %, best 78.910 %
Finished training it 258048/306969 of epoch 1, 14.36 ms/it, loss 0.376485, accuracy 82.933 %
Testing at - 258048/306969 of epoch 0, loss 0.491805, accuracy 77.635 %, best 78.910 %
Finished training it 259072/306969 of epoch 1, 14.98 ms/it, loss 0.376547, accuracy 83.028 %
Testing at - 259072/306969 of epoch 0, loss 0.501173, accuracy 78.323 %, best 78.910 %
Finished training it 260096/306969 of epoch 1, 14.26 ms/it, loss 0.378628, accuracy 82.937 %
Testing at - 260096/306969 of epoch 0, loss 0.492401, accuracy 78.342 %, best 78.910 %
Finished training it 261120/306969 of epoch 1, 14.76 ms/it, loss 0.380473, accuracy 82.753 %
Testing at - 261120/306969 of epoch 0, loss 0.483476, accuracy 78.230 %, best 78.910 %
Finished training it 262144/306969 of epoch 1, 14.32 ms/it, loss 0.377184, accuracy 83.032 %
Testing at - 262144/306969 of epoch 0, loss 0.489828, accuracy 78.417 %, best 78.910 %
Finished training it 263168/306969 of epoch 1, 14.14 ms/it, loss 0.378990, accuracy 82.790 %
Testing at - 263168/306969 of epoch 0, loss 0.513861, accuracy 78.223 %, best 78.910 %
Finished training it 264192/306969 of epoch 1, 12.52 ms/it, loss 0.380395, accuracy 82.732 %
Testing at - 264192/306969 of epoch 0, loss 0.487087, accuracy 78.360 %, best 78.910 %
Finished training it 265216/306969 of epoch 1, 13.90 ms/it, loss 0.376734, accuracy 82.896 %
Testing at - 265216/306969 of epoch 0, loss 0.514901, accuracy 78.230 %, best 78.910 %
Finished training it 266240/306969 of epoch 1, 12.39 ms/it, loss 0.376611, accuracy 82.948 %
Testing at - 266240/306969 of epoch 0, loss 0.504573, accuracy 77.927 %, best 78.910 %
Finished training it 267264/306969 of epoch 1, 14.14 ms/it, loss 0.380192, accuracy 82.857 %
Testing at - 267264/306969 of epoch 0, loss 0.490372, accuracy 77.685 %, best 78.910 %
Finished training it 268288/306969 of epoch 1, 14.17 ms/it, loss 0.378597, accuracy 82.851 %
Testing at - 268288/306969 of epoch 0, loss 0.488006, accuracy 78.193 %, best 78.910 %
Finished training it 269312/306969 of epoch 1, 14.03 ms/it, loss 0.376743, accuracy 83.029 %
Testing at - 269312/306969 of epoch 0, loss 0.483639, accuracy 77.895 %, best 78.910 %
Finished training it 270336/306969 of epoch 1, 12.70 ms/it, loss 0.378247, accuracy 82.938 %
Testing at - 270336/306969 of epoch 0, loss 0.488226, accuracy 78.501 %, best 78.910 %
Finished training it 271360/306969 of epoch 1, 14.50 ms/it, loss 0.375961, accuracy 82.941 %
Testing at - 271360/306969 of epoch 0, loss 0.490042, accuracy 77.745 %, best 78.910 %
Finished training it 272384/306969 of epoch 1, 14.15 ms/it, loss 0.378023, accuracy 82.865 %
Testing at - 272384/306969 of epoch 0, loss 0.482785, accuracy 78.061 %, best 78.910 %
Finished training it 273408/306969 of epoch 1, 14.37 ms/it, loss 0.378688, accuracy 82.801 %
Testing at - 273408/306969 of epoch 0, loss 0.478015, accuracy 78.509 %, best 78.910 %
Finished training it 274432/306969 of epoch 1, 13.16 ms/it, loss 0.379164, accuracy 82.787 %
Testing at - 274432/306969 of epoch 0, loss 0.480277, accuracy 78.494 %, best 78.910 %
Finished training it 275456/306969 of epoch 1, 14.00 ms/it, loss 0.378087, accuracy 82.850 %
Testing at - 275456/306969 of epoch 0, loss 0.489641, accuracy 78.142 %, best 78.910 %
Finished training it 276480/306969 of epoch 1, 13.71 ms/it, loss 0.377653, accuracy 82.974 %
Testing at - 276480/306969 of epoch 0, loss 0.486510, accuracy 78.467 %, best 78.910 %
Finished training it 277504/306969 of epoch 1, 12.54 ms/it, loss 0.376583, accuracy 83.012 %
Testing at - 277504/306969 of epoch 0, loss 0.490099, accuracy 78.412 %, best 78.910 %
Finished training it 278528/306969 of epoch 1, 13.81 ms/it, loss 0.379049, accuracy 82.806 %
Testing at - 278528/306969 of epoch 0, loss 0.487412, accuracy 78.185 %, best 78.910 %
Finished training it 279552/306969 of epoch 1, 13.93 ms/it, loss 0.381213, accuracy 82.712 %
Testing at - 279552/306969 of epoch 0, loss 0.486695, accuracy 77.683 %, best 78.910 %
Finished training it 280576/306969 of epoch 1, 14.78 ms/it, loss 0.378825, accuracy 82.719 %
Testing at - 280576/306969 of epoch 0, loss 0.484098, accuracy 78.200 %, best 78.910 %
Finished training it 281600/306969 of epoch 1, 14.92 ms/it, loss 0.375419, accuracy 83.017 %
Testing at - 281600/306969 of epoch 0, loss 0.489649, accuracy 78.309 %, best 78.910 %
Finished training it 282624/306969 of epoch 1, 14.01 ms/it, loss 0.376563, accuracy 82.967 %
Testing at - 282624/306969 of epoch 0, loss 0.489261, accuracy 78.465 %, best 78.910 %
Finished training it 283648/306969 of epoch 1, 14.64 ms/it, loss 0.378516, accuracy 82.734 %
Testing at - 283648/306969 of epoch 0, loss 0.496080, accuracy 78.198 %, best 78.910 %
Finished training it 284672/306969 of epoch 1, 13.95 ms/it, loss 0.377884, accuracy 82.720 %
Testing at - 284672/306969 of epoch 0, loss 0.482335, accuracy 78.529 %, best 78.910 %
Finished training it 285696/306969 of epoch 1, 15.28 ms/it, loss 0.378311, accuracy 82.919 %
Testing at - 285696/306969 of epoch 0, loss 0.489404, accuracy 77.635 %, best 78.910 %
Finished training it 286720/306969 of epoch 1, 14.33 ms/it, loss 0.380674, accuracy 82.664 %
Testing at - 286720/306969 of epoch 0, loss 0.484846, accuracy 78.416 %, best 78.910 %
Finished training it 287744/306969 of epoch 1, 15.76 ms/it, loss 0.375386, accuracy 82.951 %
Testing at - 287744/306969 of epoch 0, loss 0.488742, accuracy 78.489 %, best 78.910 %
Finished training it 288768/306969 of epoch 1, 15.34 ms/it, loss 0.376748, accuracy 82.812 %
Testing at - 288768/306969 of epoch 0, loss 0.488468, accuracy 78.263 %, best 78.910 %
Finished training it 289792/306969 of epoch 1, 15.20 ms/it, loss 0.376036, accuracy 82.955 %
Testing at - 289792/306969 of epoch 0, loss 0.494742, accuracy 78.469 %, best 78.910 %
Finished training it 290816/306969 of epoch 1, 15.21 ms/it, loss 0.378196, accuracy 82.806 %
Testing at - 290816/306969 of epoch 0, loss 0.490326, accuracy 78.522 %, best 78.910 %
Finished training it 291840/306969 of epoch 1, 15.12 ms/it, loss 0.376206, accuracy 82.968 %
Testing at - 291840/306969 of epoch 0, loss 0.484565, accuracy 78.277 %, best 78.910 %
Finished training it 292864/306969 of epoch 1, 15.08 ms/it, loss 0.376340, accuracy 82.848 %
Testing at - 292864/306969 of epoch 0, loss 0.487862, accuracy 78.408 %, best 78.910 %
Finished training it 293888/306969 of epoch 1, 15.06 ms/it, loss 0.377001, accuracy 83.001 %
Testing at - 293888/306969 of epoch 0, loss 0.482983, accuracy 78.330 %, best 78.910 %
Finished training it 294912/306969 of epoch 1, 15.24 ms/it, loss 0.375695, accuracy 82.893 %
Testing at - 294912/306969 of epoch 0, loss 0.486914, accuracy 78.091 %, best 78.910 %
Finished training it 295936/306969 of epoch 1, 14.38 ms/it, loss 0.376572, accuracy 82.911 %
Testing at - 295936/306969 of epoch 0, loss 0.486015, accuracy 78.361 %, best 78.910 %
Finished training it 296960/306969 of epoch 1, 15.09 ms/it, loss 0.378094, accuracy 82.843 %
Testing at - 296960/306969 of epoch 0, loss 0.490709, accuracy 78.321 %, best 78.910 %
Finished training it 297984/306969 of epoch 1, 14.74 ms/it, loss 0.378964, accuracy 82.669 %
Testing at - 297984/306969 of epoch 0, loss 0.482778, accuracy 78.068 %, best 78.910 %
Finished training it 299008/306969 of epoch 1, 14.07 ms/it, loss 0.378479, accuracy 82.753 %
Testing at - 299008/306969 of epoch 0, loss 0.502289, accuracy 78.451 %, best 78.910 %
Finished training it 300032/306969 of epoch 1, 12.55 ms/it, loss 0.376189, accuracy 82.962 %
Testing at - 300032/306969 of epoch 0, loss 0.491188, accuracy 78.554 %, best 78.910 %
Finished training it 301056/306969 of epoch 1, 14.04 ms/it, loss 0.375353, accuracy 83.011 %
Testing at - 301056/306969 of epoch 0, loss 0.484694, accuracy 77.912 %, best 78.910 %
Finished training it 302080/306969 of epoch 1, 13.96 ms/it, loss 0.376915, accuracy 82.887 %
Testing at - 302080/306969 of epoch 0, loss 0.486546, accuracy 78.452 %, best 78.910 %
Finished training it 303104/306969 of epoch 1, 14.11 ms/it, loss 0.378117, accuracy 82.763 %
Testing at - 303104/306969 of epoch 0, loss 0.488669, accuracy 77.810 %, best 78.910 %
Finished training it 304128/306969 of epoch 1, 13.75 ms/it, loss 0.378495, accuracy 82.684 %
Testing at - 304128/306969 of epoch 0, loss 0.488160, accuracy 77.784 %, best 78.910 %
Finished training it 305152/306969 of epoch 1, 14.02 ms/it, loss 0.373377, accuracy 83.030 %
Testing at - 305152/306969 of epoch 0, loss 0.486556, accuracy 78.202 %, best 78.910 %
Finished training it 306176/306969 of epoch 1, 13.42 ms/it, loss 0.374385, accuracy 83.117 %
Testing at - 306176/306969 of epoch 0, loss 0.486702, accuracy 78.389 %, best 78.910 %
Finished training it 306969/306969 of epoch 1, 13.40 ms/it, loss 0.397609, accuracy 81.911 %
Testing at - 306969/306969 of epoch 0, loss 0.471929, accuracy 78.414 %, best 78.910 %
