Using 1 GPU(s)...
Reading pre-processed data=/hdd3/jiayi/kaggle/kaggleAdDisplayChallenge_processed.npz
Sparse fea = 26, Dense fea = 13
Defined train indices...
Randomized indices across days ...
Split data according to indices...
Reading pre-processed data=/hdd3/jiayi/kaggle/kaggleAdDisplayChallenge_processed.npz
Sparse fea = 26, Dense fea = 13
Defined test indices...
Randomized indices across days ...
Split data according to indices...
Loading saved model /hdd3/jiayi/result/baseline_cat_extended/best.pt
./masks/l1/102326_0.3.pkl
Parameter containing:
tensor([[-9.21063e-03,  2.35622e-02,  7.41505e-02,  ...,  9.61125e-02,
          2.09606e-01,  6.32213e-02],
        [-1.24354e-03,  4.94167e-02, -3.67557e-02,  ...,  3.33919e-02,
          5.37396e-02, -1.67116e-03],
        [-1.51979e-02,  3.31832e-02,  3.30242e-02,  ...,  7.14823e-02,
          5.56811e-02, -1.90414e-02],
        ...,
        [ 4.51751e-02, -1.64136e-02, -3.40707e-02,  ..., -3.48369e-02,
          4.09853e-02, -8.54545e-03],
        [ 1.51459e-02, -3.82268e-02, -4.05396e-02,  ..., -2.45011e-02,
          9.62551e-02, -2.50682e-02],
        [-6.76652e-02, -1.00234e-02,  8.76999e-02,  ..., -1.75098e-02,
         -2.52655e-03,  1.79930e-04]], device='cuda:0', requires_grad=True)
Parameter containing:
tensor([[ 0.02823, -0.00530, -0.10349,  ..., -0.01247, -0.00536, -0.03096],
        [ 0.10183, -0.04460,  0.11788,  ..., -0.05907,  0.06480,  0.02069],
        [ 0.00914, -0.07403, -0.09099,  ...,  0.05036, -0.10369, -0.01552],
        ...,
        [ 0.02590, -0.06017, -0.10099,  ...,  0.01686, -0.01286,  0.08715],
        [-0.04397, -0.04752,  0.01081,  ...,  0.01180,  0.01307,  0.07666],
        [-0.06977,  0.02229, -0.02513,  ..., -0.00696, -0.01426,  0.05312]],
       device='cuda:0', requires_grad=True)
Parameter containing:
tensor([[-0.04793,  0.41961, -0.19631,  0.06881, -0.29929, -0.16739, -0.02404,
         -0.13845, -0.06842, -0.00121,  0.20477, -0.28498,  0.16393, -0.14679,
         -0.16652,  0.28134, -0.09440,  0.22102, -0.03957, -0.18589, -0.13299,
         -0.24615,  0.36356, -0.10805, -0.12033,  0.25787, -0.00226,  0.13569,
          0.03317, -0.17104, -0.22188,  0.09421, -0.25376,  0.29316, -0.17283,
         -0.06768, -0.10892,  0.10163,  0.01968,  0.01074, -0.30312, -0.14441,
         -0.11523, -0.04498, -0.00281,  0.19460,  0.13895,  0.49999,  0.04463,
         -0.05965, -0.26648, -0.00725,  0.18040, -0.00957,  0.13562, -0.19069,
         -0.18433,  0.22868, -0.07889,  0.29657, -0.06484, -0.23197,  0.20269,
         -0.10128, -0.12203, -0.12039, -0.36337,  0.22768, -0.29056,  0.15548,
         -0.06322,  0.06204,  0.08442, -0.29194, -0.27870, -0.12566, -0.20913,
         -0.14239, -0.24024, -0.19743, -0.29289,  0.05039,  0.06291,  0.01234,
          0.42078, -0.32963, -0.24348,  0.11917, -0.24023,  0.04162,  0.55770,
          0.07062, -0.13685, -0.39434,  0.00232,  0.35660,  0.07798, -0.17659,
         -0.06826,  0.30829, -0.06055,  0.38123,  0.07397,  0.17821,  0.01759,
         -0.17093,  0.24643,  0.15208,  0.08607, -0.26154, -0.00566, -0.21403,
         -0.06165,  0.10757,  0.15540,  0.73753,  0.18258, -0.00884,  0.21163,
          0.29178,  0.53282,  0.15333, -0.17217, -0.11537,  0.03513, -0.13796,
          0.24142,  0.22519,  0.09365,  0.25709,  0.05023, -0.19053, -0.11164,
          0.11788,  0.07738,  0.15560, -0.26783,  0.22406,  0.02815,  0.48529,
         -0.00556, -0.27170, -0.09956, -0.03344,  0.36039, -0.19032, -0.25007,
         -0.11286,  0.14397,  0.10265,  0.49326, -0.23058, -0.10914, -0.09312,
          0.08417,  0.29787, -0.06542, -0.10298,  0.66701, -0.08417,  0.21173,
         -0.04925,  0.12068,  0.20663, -0.17499,  0.03010,  0.09084,  0.11066,
         -0.16200,  0.26702,  0.15842, -0.29074,  0.30321,  0.13354, -0.15361,
          0.17425,  0.07253, -0.07097, -0.07737, -0.26456,  0.04531,  0.00324,
          0.07907,  0.04599,  0.27491, -0.12857, -0.19316,  0.13306, -0.27142,
          0.14621, -0.04703,  0.14645, -0.09484, -0.26181, -0.31818, -0.06451,
         -0.83048,  0.22834,  0.03131,  0.20753, -0.16130, -0.00936,  0.12208,
         -0.01302, -0.03439,  0.17316,  0.15583, -0.21255,  0.09348, -0.15065,
          0.28561, -0.40276, -0.10929,  0.14387, -0.14281, -0.17697,  0.08719,
         -0.16426, -0.16075, -0.00199, -0.10071,  0.01786,  0.12386, -0.17975,
         -0.03387,  0.23977,  0.01235, -0.02251, -0.00910,  0.13000, -0.14797,
          0.05884, -0.19630, -0.13344, -0.06623, -0.00885, -0.17473,  0.27677,
         -0.20253,  0.30472, -0.04121, -0.14895,  0.17534,  0.25896, -0.05768,
          0.17327,  0.12725,  0.11039,  0.11023, -0.23108,  0.47379, -0.13417,
         -0.18366, -0.51948, -0.14140, -0.30340]], device='cuda:0',
       requires_grad=True)
mask: torch.Size([512, 432]) True
mask: torch.Size([256, 512]) True
mask: torch.Size([1, 256]) True
Saved at: epoch = 0/3, batch = 306176/306969, ntbatch = 200
Training state: loss = 0.439219, accuracy = 79.727 %
Testing state: loss = 0.450454, accuracy = 78.958 %
time/loss/accuracy (if enabled):
skip_upto_epoch: 0
args.nepochs: 2
k: 0
Finished training it 306969/306969 of epoch 0, 14.38 ms/it, loss 0.451671, accuracy 78.950 %
Saving model to results/l1/102326_0.3/model.pth
Testing at - 306969/306969 of epoch 0, loss 0.454044, accuracy 78.726 %, best 78.726 %
Finished training it 1024/306969 of epoch 1, 14.53 ms/it, loss 0.445555, accuracy 79.282 %
Saving model to results/l1/102326_0.3/model.pth
Testing at - 1024/306969 of epoch 0, loss 0.452662, accuracy 78.832 %, best 78.832 %
Finished training it 2048/306969 of epoch 1, 14.46 ms/it, loss 0.441089, accuracy 79.536 %
Testing at - 2048/306969 of epoch 0, loss 0.453058, accuracy 78.812 %, best 78.832 %
Finished training it 3072/306969 of epoch 1, 14.03 ms/it, loss 0.443578, accuracy 79.433 %
Testing at - 3072/306969 of epoch 0, loss 0.452715, accuracy 78.790 %, best 78.832 %
Finished training it 4096/306969 of epoch 1, 14.40 ms/it, loss 0.440631, accuracy 79.670 %
Testing at - 4096/306969 of epoch 0, loss 0.453453, accuracy 78.792 %, best 78.832 %
Finished training it 5120/306969 of epoch 1, 14.28 ms/it, loss 0.443625, accuracy 79.458 %
Testing at - 5120/306969 of epoch 0, loss 0.453578, accuracy 78.765 %, best 78.832 %
Finished training it 6144/306969 of epoch 1, 14.47 ms/it, loss 0.442104, accuracy 79.533 %
Testing at - 6144/306969 of epoch 0, loss 0.453184, accuracy 78.765 %, best 78.832 %
Finished training it 7168/306969 of epoch 1, 14.24 ms/it, loss 0.440363, accuracy 79.685 %
Testing at - 7168/306969 of epoch 0, loss 0.454242, accuracy 78.701 %, best 78.832 %
Finished training it 8192/306969 of epoch 1, 14.32 ms/it, loss 0.441009, accuracy 79.478 %
Testing at - 8192/306969 of epoch 0, loss 0.452795, accuracy 78.805 %, best 78.832 %
Finished training it 9216/306969 of epoch 1, 13.86 ms/it, loss 0.439935, accuracy 79.549 %
Testing at - 9216/306969 of epoch 0, loss 0.453182, accuracy 78.817 %, best 78.832 %
Finished training it 10240/306969 of epoch 1, 13.76 ms/it, loss 0.439997, accuracy 79.514 %
Testing at - 10240/306969 of epoch 0, loss 0.456147, accuracy 78.696 %, best 78.832 %
Finished training it 11264/306969 of epoch 1, 14.45 ms/it, loss 0.438802, accuracy 79.697 %
Testing at - 11264/306969 of epoch 0, loss 0.453351, accuracy 78.775 %, best 78.832 %
Finished training it 12288/306969 of epoch 1, 14.44 ms/it, loss 0.435383, accuracy 79.861 %
Testing at - 12288/306969 of epoch 0, loss 0.453830, accuracy 78.753 %, best 78.832 %
Finished training it 13312/306969 of epoch 1, 12.88 ms/it, loss 0.441458, accuracy 79.533 %
Testing at - 13312/306969 of epoch 0, loss 0.453265, accuracy 78.793 %, best 78.832 %
Finished training it 14336/306969 of epoch 1, 14.82 ms/it, loss 0.439172, accuracy 79.639 %
Testing at - 14336/306969 of epoch 0, loss 0.453556, accuracy 78.722 %, best 78.832 %
Finished training it 15360/306969 of epoch 1, 14.36 ms/it, loss 0.437709, accuracy 79.733 %
Testing at - 15360/306969 of epoch 0, loss 0.454457, accuracy 78.731 %, best 78.832 %
Finished training it 16384/306969 of epoch 1, 14.61 ms/it, loss 0.437735, accuracy 79.754 %
Testing at - 16384/306969 of epoch 0, loss 0.452933, accuracy 78.811 %, best 78.832 %
Finished training it 17408/306969 of epoch 1, 12.27 ms/it, loss 0.436438, accuracy 79.758 %
Testing at - 17408/306969 of epoch 0, loss 0.455929, accuracy 78.535 %, best 78.832 %
Finished training it 18432/306969 of epoch 1, 12.91 ms/it, loss 0.438323, accuracy 79.706 %
Testing at - 18432/306969 of epoch 0, loss 0.453558, accuracy 78.767 %, best 78.832 %
Finished training it 19456/306969 of epoch 1, 14.65 ms/it, loss 0.437267, accuracy 79.694 %
Testing at - 19456/306969 of epoch 0, loss 0.457521, accuracy 78.480 %, best 78.832 %
Finished training it 20480/306969 of epoch 1, 14.64 ms/it, loss 0.438215, accuracy 79.745 %
Testing at - 20480/306969 of epoch 0, loss 0.456208, accuracy 78.743 %, best 78.832 %
Finished training it 21504/306969 of epoch 1, 13.42 ms/it, loss 0.438666, accuracy 79.657 %
Testing at - 21504/306969 of epoch 0, loss 0.453875, accuracy 78.720 %, best 78.832 %
Finished training it 22528/306969 of epoch 1, 14.29 ms/it, loss 0.437211, accuracy 79.593 %
Testing at - 22528/306969 of epoch 0, loss 0.454263, accuracy 78.767 %, best 78.832 %
Finished training it 23552/306969 of epoch 1, 14.02 ms/it, loss 0.440058, accuracy 79.675 %
Testing at - 23552/306969 of epoch 0, loss 0.453697, accuracy 78.744 %, best 78.832 %
Finished training it 24576/306969 of epoch 1, 14.22 ms/it, loss 0.436465, accuracy 79.796 %
Testing at - 24576/306969 of epoch 0, loss 0.456511, accuracy 78.480 %, best 78.832 %
Finished training it 25600/306969 of epoch 1, 14.30 ms/it, loss 0.434556, accuracy 80.003 %
Testing at - 25600/306969 of epoch 0, loss 0.454181, accuracy 78.665 %, best 78.832 %
Finished training it 26624/306969 of epoch 1, 14.06 ms/it, loss 0.435424, accuracy 79.900 %
Testing at - 26624/306969 of epoch 0, loss 0.454520, accuracy 78.744 %, best 78.832 %
Finished training it 27648/306969 of epoch 1, 14.40 ms/it, loss 0.434767, accuracy 79.848 %
Testing at - 27648/306969 of epoch 0, loss 0.454065, accuracy 78.767 %, best 78.832 %
Finished training it 28672/306969 of epoch 1, 13.25 ms/it, loss 0.437078, accuracy 79.752 %
Testing at - 28672/306969 of epoch 0, loss 0.453749, accuracy 78.761 %, best 78.832 %
Finished training it 29696/306969 of epoch 1, 14.54 ms/it, loss 0.438239, accuracy 79.650 %
Testing at - 29696/306969 of epoch 0, loss 0.456004, accuracy 78.624 %, best 78.832 %
Finished training it 30720/306969 of epoch 1, 13.30 ms/it, loss 0.436805, accuracy 79.755 %
Testing at - 30720/306969 of epoch 0, loss 0.455518, accuracy 78.670 %, best 78.832 %
Finished training it 31744/306969 of epoch 1, 12.94 ms/it, loss 0.437671, accuracy 79.752 %
Testing at - 31744/306969 of epoch 0, loss 0.458768, accuracy 78.387 %, best 78.832 %
Finished training it 32768/306969 of epoch 1, 14.40 ms/it, loss 0.436683, accuracy 79.766 %
Testing at - 32768/306969 of epoch 0, loss 0.453981, accuracy 78.757 %, best 78.832 %
Finished training it 33792/306969 of epoch 1, 13.85 ms/it, loss 0.434416, accuracy 79.851 %
Testing at - 33792/306969 of epoch 0, loss 0.454550, accuracy 78.655 %, best 78.832 %
Finished training it 34816/306969 of epoch 1, 14.02 ms/it, loss 0.432192, accuracy 80.126 %
Testing at - 34816/306969 of epoch 0, loss 0.455473, accuracy 78.749 %, best 78.832 %
Finished training it 35840/306969 of epoch 1, 14.51 ms/it, loss 0.438304, accuracy 79.767 %
Testing at - 35840/306969 of epoch 0, loss 0.456223, accuracy 78.657 %, best 78.832 %
Finished training it 36864/306969 of epoch 1, 14.36 ms/it, loss 0.434927, accuracy 79.930 %
Testing at - 36864/306969 of epoch 0, loss 0.455898, accuracy 78.733 %, best 78.832 %
Finished training it 37888/306969 of epoch 1, 14.37 ms/it, loss 0.432608, accuracy 80.045 %
Testing at - 37888/306969 of epoch 0, loss 0.456539, accuracy 78.556 %, best 78.832 %
Finished training it 38912/306969 of epoch 1, 14.32 ms/it, loss 0.436276, accuracy 79.734 %
Testing at - 38912/306969 of epoch 0, loss 0.455568, accuracy 78.643 %, best 78.832 %
Finished training it 39936/306969 of epoch 1, 14.25 ms/it, loss 0.435234, accuracy 79.826 %
Testing at - 39936/306969 of epoch 0, loss 0.456514, accuracy 78.700 %, best 78.832 %
Finished training it 40960/306969 of epoch 1, 13.28 ms/it, loss 0.434934, accuracy 79.868 %
Testing at - 40960/306969 of epoch 0, loss 0.455563, accuracy 78.633 %, best 78.832 %
Finished training it 41984/306969 of epoch 1, 14.18 ms/it, loss 0.434347, accuracy 80.039 %
Testing at - 41984/306969 of epoch 0, loss 0.456576, accuracy 78.713 %, best 78.832 %
Finished training it 43008/306969 of epoch 1, 13.13 ms/it, loss 0.434085, accuracy 80.011 %
Testing at - 43008/306969 of epoch 0, loss 0.455559, accuracy 78.708 %, best 78.832 %
Finished training it 44032/306969 of epoch 1, 14.28 ms/it, loss 0.434947, accuracy 79.897 %
Testing at - 44032/306969 of epoch 0, loss 0.458704, accuracy 78.664 %, best 78.832 %
Finished training it 45056/306969 of epoch 1, 14.62 ms/it, loss 0.435748, accuracy 79.845 %
Testing at - 45056/306969 of epoch 0, loss 0.454892, accuracy 78.675 %, best 78.832 %
Finished training it 46080/306969 of epoch 1, 14.57 ms/it, loss 0.433146, accuracy 80.034 %
Testing at - 46080/306969 of epoch 0, loss 0.455903, accuracy 78.628 %, best 78.832 %
Finished training it 47104/306969 of epoch 1, 14.73 ms/it, loss 0.437493, accuracy 79.712 %
Testing at - 47104/306969 of epoch 0, loss 0.459790, accuracy 78.630 %, best 78.832 %
Finished training it 48128/306969 of epoch 1, 14.58 ms/it, loss 0.435259, accuracy 79.743 %
Testing at - 48128/306969 of epoch 0, loss 0.458561, accuracy 78.615 %, best 78.832 %
Finished training it 49152/306969 of epoch 1, 14.77 ms/it, loss 0.430742, accuracy 80.074 %
Testing at - 49152/306969 of epoch 0, loss 0.456613, accuracy 78.575 %, best 78.832 %
Finished training it 50176/306969 of epoch 1, 14.46 ms/it, loss 0.431785, accuracy 80.063 %
Testing at - 50176/306969 of epoch 0, loss 0.456893, accuracy 78.632 %, best 78.832 %
Finished training it 51200/306969 of epoch 1, 14.20 ms/it, loss 0.433046, accuracy 80.068 %
Testing at - 51200/306969 of epoch 0, loss 0.460764, accuracy 78.317 %, best 78.832 %
Finished training it 52224/306969 of epoch 1, 14.43 ms/it, loss 0.433333, accuracy 79.929 %
Testing at - 52224/306969 of epoch 0, loss 0.458923, accuracy 78.633 %, best 78.832 %
Finished training it 53248/306969 of epoch 1, 13.83 ms/it, loss 0.432948, accuracy 80.175 %
Testing at - 53248/306969 of epoch 0, loss 0.456287, accuracy 78.702 %, best 78.832 %
Finished training it 54272/306969 of epoch 1, 14.04 ms/it, loss 0.432524, accuracy 80.115 %
Testing at - 54272/306969 of epoch 0, loss 0.458275, accuracy 78.577 %, best 78.832 %
Finished training it 55296/306969 of epoch 1, 14.65 ms/it, loss 0.431990, accuracy 80.134 %
Testing at - 55296/306969 of epoch 0, loss 0.457806, accuracy 78.601 %, best 78.832 %
Finished training it 56320/306969 of epoch 1, 13.99 ms/it, loss 0.431674, accuracy 80.154 %
Testing at - 56320/306969 of epoch 0, loss 0.457225, accuracy 78.639 %, best 78.832 %
Finished training it 57344/306969 of epoch 1, 14.53 ms/it, loss 0.428942, accuracy 80.234 %
Testing at - 57344/306969 of epoch 0, loss 0.457660, accuracy 78.558 %, best 78.832 %
Finished training it 58368/306969 of epoch 1, 14.12 ms/it, loss 0.428033, accuracy 80.457 %
Testing at - 58368/306969 of epoch 0, loss 0.457041, accuracy 78.573 %, best 78.832 %
Finished training it 59392/306969 of epoch 1, 14.30 ms/it, loss 0.430659, accuracy 80.099 %
Testing at - 59392/306969 of epoch 0, loss 0.458711, accuracy 78.543 %, best 78.832 %
Finished training it 60416/306969 of epoch 1, 14.70 ms/it, loss 0.430526, accuracy 80.161 %
Testing at - 60416/306969 of epoch 0, loss 0.467168, accuracy 77.878 %, best 78.832 %
Finished training it 61440/306969 of epoch 1, 14.40 ms/it, loss 0.433022, accuracy 79.998 %
Testing at - 61440/306969 of epoch 0, loss 0.460341, accuracy 78.505 %, best 78.832 %
Finished training it 62464/306969 of epoch 1, 14.31 ms/it, loss 0.429933, accuracy 80.222 %
Testing at - 62464/306969 of epoch 0, loss 0.458752, accuracy 78.409 %, best 78.832 %
Finished training it 63488/306969 of epoch 1, 14.76 ms/it, loss 0.427367, accuracy 80.319 %
Testing at - 63488/306969 of epoch 0, loss 0.458745, accuracy 78.497 %, best 78.832 %
Finished training it 64512/306969 of epoch 1, 14.69 ms/it, loss 0.429046, accuracy 80.170 %
Testing at - 64512/306969 of epoch 0, loss 0.462943, accuracy 78.180 %, best 78.832 %
Finished training it 65536/306969 of epoch 1, 14.17 ms/it, loss 0.431516, accuracy 80.125 %
Testing at - 65536/306969 of epoch 0, loss 0.461319, accuracy 78.449 %, best 78.832 %
Finished training it 66560/306969 of epoch 1, 14.29 ms/it, loss 0.427228, accuracy 80.516 %
Testing at - 66560/306969 of epoch 0, loss 0.458403, accuracy 78.504 %, best 78.832 %
Finished training it 67584/306969 of epoch 1, 13.91 ms/it, loss 0.425100, accuracy 80.662 %
Testing at - 67584/306969 of epoch 0, loss 0.460444, accuracy 78.466 %, best 78.832 %
Finished training it 68608/306969 of epoch 1, 13.59 ms/it, loss 0.427208, accuracy 80.345 %
Testing at - 68608/306969 of epoch 0, loss 0.461338, accuracy 78.276 %, best 78.832 %
Finished training it 69632/306969 of epoch 1, 13.94 ms/it, loss 0.426480, accuracy 80.335 %
Testing at - 69632/306969 of epoch 0, loss 0.460589, accuracy 78.372 %, best 78.832 %
Finished training it 70656/306969 of epoch 1, 14.32 ms/it, loss 0.425720, accuracy 80.434 %
Testing at - 70656/306969 of epoch 0, loss 0.462966, accuracy 78.375 %, best 78.832 %
Finished training it 71680/306969 of epoch 1, 13.51 ms/it, loss 0.426828, accuracy 80.489 %
Testing at - 71680/306969 of epoch 0, loss 0.459238, accuracy 78.456 %, best 78.832 %
Finished training it 72704/306969 of epoch 1, 13.80 ms/it, loss 0.423691, accuracy 80.529 %
Testing at - 72704/306969 of epoch 0, loss 0.461175, accuracy 78.345 %, best 78.832 %
Finished training it 73728/306969 of epoch 1, 14.30 ms/it, loss 0.424651, accuracy 80.634 %
Testing at - 73728/306969 of epoch 0, loss 0.461187, accuracy 78.387 %, best 78.832 %
Finished training it 74752/306969 of epoch 1, 14.52 ms/it, loss 0.423866, accuracy 80.660 %
Testing at - 74752/306969 of epoch 0, loss 0.470714, accuracy 77.533 %, best 78.832 %
Finished training it 75776/306969 of epoch 1, 14.47 ms/it, loss 0.423120, accuracy 80.692 %
Testing at - 75776/306969 of epoch 0, loss 0.459381, accuracy 78.473 %, best 78.832 %
Finished training it 76800/306969 of epoch 1, 14.58 ms/it, loss 0.422287, accuracy 80.717 %
Testing at - 76800/306969 of epoch 0, loss 0.460767, accuracy 78.324 %, best 78.832 %
Finished training it 77824/306969 of epoch 1, 14.62 ms/it, loss 0.422732, accuracy 80.765 %
Testing at - 77824/306969 of epoch 0, loss 0.461543, accuracy 78.368 %, best 78.832 %
Finished training it 78848/306969 of epoch 1, 14.84 ms/it, loss 0.421257, accuracy 80.771 %
Testing at - 78848/306969 of epoch 0, loss 0.461826, accuracy 78.416 %, best 78.832 %
Finished training it 79872/306969 of epoch 1, 14.94 ms/it, loss 0.420230, accuracy 80.798 %
Testing at - 79872/306969 of epoch 0, loss 0.462026, accuracy 78.437 %, best 78.832 %
Finished training it 80896/306969 of epoch 1, 14.38 ms/it, loss 0.418636, accuracy 80.899 %
Testing at - 80896/306969 of epoch 0, loss 0.466213, accuracy 78.170 %, best 78.832 %
Finished training it 81920/306969 of epoch 1, 14.34 ms/it, loss 0.419651, accuracy 80.759 %
Testing at - 81920/306969 of epoch 0, loss 0.469224, accuracy 78.269 %, best 78.832 %
Finished training it 82944/306969 of epoch 1, 14.56 ms/it, loss 0.417025, accuracy 80.837 %
Testing at - 82944/306969 of epoch 0, loss 0.461638, accuracy 78.419 %, best 78.832 %
Finished training it 83968/306969 of epoch 1, 14.52 ms/it, loss 0.416075, accuracy 81.009 %
Testing at - 83968/306969 of epoch 0, loss 0.465880, accuracy 78.385 %, best 78.832 %
Finished training it 84992/306969 of epoch 1, 14.45 ms/it, loss 0.416888, accuracy 81.099 %
Testing at - 84992/306969 of epoch 0, loss 0.464972, accuracy 78.483 %, best 78.832 %
Finished training it 86016/306969 of epoch 1, 14.16 ms/it, loss 0.416939, accuracy 80.975 %
Testing at - 86016/306969 of epoch 0, loss 0.463066, accuracy 78.195 %, best 78.832 %
Finished training it 87040/306969 of epoch 1, 14.12 ms/it, loss 0.416158, accuracy 81.036 %
Testing at - 87040/306969 of epoch 0, loss 0.468179, accuracy 78.228 %, best 78.832 %
Finished training it 88064/306969 of epoch 1, 13.26 ms/it, loss 0.413707, accuracy 81.138 %
Testing at - 88064/306969 of epoch 0, loss 0.467410, accuracy 78.417 %, best 78.832 %
Finished training it 89088/306969 of epoch 1, 14.35 ms/it, loss 0.414431, accuracy 81.133 %
Testing at - 89088/306969 of epoch 0, loss 0.469158, accuracy 78.260 %, best 78.832 %
Finished training it 90112/306969 of epoch 1, 12.83 ms/it, loss 0.414581, accuracy 81.142 %
Testing at - 90112/306969 of epoch 0, loss 0.476132, accuracy 78.068 %, best 78.832 %
Finished training it 91136/306969 of epoch 1, 13.70 ms/it, loss 0.412925, accuracy 81.115 %
Testing at - 91136/306969 of epoch 0, loss 0.464133, accuracy 78.249 %, best 78.832 %
Finished training it 92160/306969 of epoch 1, 14.05 ms/it, loss 0.414224, accuracy 81.134 %
Testing at - 92160/306969 of epoch 0, loss 0.463245, accuracy 78.362 %, best 78.832 %
Finished training it 93184/306969 of epoch 1, 14.42 ms/it, loss 0.413093, accuracy 81.055 %
Testing at - 93184/306969 of epoch 0, loss 0.470173, accuracy 78.344 %, best 78.832 %
Finished training it 94208/306969 of epoch 1, 14.32 ms/it, loss 0.412977, accuracy 81.174 %
Testing at - 94208/306969 of epoch 0, loss 0.470982, accuracy 78.236 %, best 78.832 %
Finished training it 95232/306969 of epoch 1, 13.59 ms/it, loss 0.410674, accuracy 81.334 %
Testing at - 95232/306969 of epoch 0, loss 0.464422, accuracy 78.395 %, best 78.832 %
Finished training it 96256/306969 of epoch 1, 13.97 ms/it, loss 0.407529, accuracy 81.519 %
Testing at - 96256/306969 of epoch 0, loss 0.467242, accuracy 78.034 %, best 78.832 %
Finished training it 97280/306969 of epoch 1, 14.19 ms/it, loss 0.408223, accuracy 81.539 %
Testing at - 97280/306969 of epoch 0, loss 0.470390, accuracy 78.362 %, best 78.832 %
Finished training it 98304/306969 of epoch 1, 14.52 ms/it, loss 0.408315, accuracy 81.430 %
Testing at - 98304/306969 of epoch 0, loss 0.495605, accuracy 77.805 %, best 78.832 %
Finished training it 99328/306969 of epoch 1, 13.68 ms/it, loss 0.411399, accuracy 81.339 %
Testing at - 99328/306969 of epoch 0, loss 0.478546, accuracy 78.204 %, best 78.832 %
Finished training it 100352/306969 of epoch 1, 13.25 ms/it, loss 0.408289, accuracy 81.415 %
Testing at - 100352/306969 of epoch 0, loss 0.470733, accuracy 77.983 %, best 78.832 %
Finished training it 101376/306969 of epoch 1, 14.32 ms/it, loss 0.409761, accuracy 81.291 %
Testing at - 101376/306969 of epoch 0, loss 0.463762, accuracy 78.562 %, best 78.832 %
Finished training it 102400/306969 of epoch 1, 13.70 ms/it, loss 0.408251, accuracy 81.487 %
Testing at - 102400/306969 of epoch 0, loss 0.470979, accuracy 77.981 %, best 78.832 %
Finished training it 103424/306969 of epoch 1, 11.12 ms/it, loss 0.409362, accuracy 81.338 %
Testing at - 103424/306969 of epoch 0, loss 0.489882, accuracy 78.048 %, best 78.832 %
Finished training it 104448/306969 of epoch 1, 13.65 ms/it, loss 0.408898, accuracy 81.285 %
Testing at - 104448/306969 of epoch 0, loss 0.471900, accuracy 78.381 %, best 78.832 %
Finished training it 105472/306969 of epoch 1, 13.56 ms/it, loss 0.409042, accuracy 81.316 %
Testing at - 105472/306969 of epoch 0, loss 0.471890, accuracy 78.306 %, best 78.832 %
Finished training it 106496/306969 of epoch 1, 14.39 ms/it, loss 0.406225, accuracy 81.512 %
Testing at - 106496/306969 of epoch 0, loss 0.479611, accuracy 77.760 %, best 78.832 %
Finished training it 107520/306969 of epoch 1, 14.14 ms/it, loss 0.408729, accuracy 81.413 %
Testing at - 107520/306969 of epoch 0, loss 0.480847, accuracy 78.238 %, best 78.832 %
Finished training it 108544/306969 of epoch 1, 14.45 ms/it, loss 0.410959, accuracy 81.156 %
Testing at - 108544/306969 of epoch 0, loss 0.467729, accuracy 78.519 %, best 78.832 %
Finished training it 109568/306969 of epoch 1, 13.55 ms/it, loss 0.407567, accuracy 81.416 %
Testing at - 109568/306969 of epoch 0, loss 0.465330, accuracy 78.483 %, best 78.832 %
Finished training it 110592/306969 of epoch 1, 14.53 ms/it, loss 0.409237, accuracy 81.303 %
Testing at - 110592/306969 of epoch 0, loss 0.472893, accuracy 77.793 %, best 78.832 %
Finished training it 111616/306969 of epoch 1, 14.23 ms/it, loss 0.411359, accuracy 81.252 %
Testing at - 111616/306969 of epoch 0, loss 0.466973, accuracy 78.123 %, best 78.832 %
Finished training it 112640/306969 of epoch 1, 14.36 ms/it, loss 0.424637, accuracy 80.632 %
Testing at - 112640/306969 of epoch 0, loss 0.465824, accuracy 78.327 %, best 78.832 %
Finished training it 113664/306969 of epoch 1, 14.25 ms/it, loss 0.408772, accuracy 81.497 %
Testing at - 113664/306969 of epoch 0, loss 0.471844, accuracy 78.368 %, best 78.832 %
Finished training it 114688/306969 of epoch 1, 13.70 ms/it, loss 0.406028, accuracy 81.594 %
Testing at - 114688/306969 of epoch 0, loss 0.472291, accuracy 78.199 %, best 78.832 %
Finished training it 115712/306969 of epoch 1, 14.06 ms/it, loss 0.406782, accuracy 81.432 %
Testing at - 115712/306969 of epoch 0, loss 0.492865, accuracy 78.164 %, best 78.832 %
Finished training it 116736/306969 of epoch 1, 14.35 ms/it, loss 0.407271, accuracy 81.419 %
Testing at - 116736/306969 of epoch 0, loss 0.482365, accuracy 78.005 %, best 78.832 %
Finished training it 117760/306969 of epoch 1, 14.25 ms/it, loss 0.403521, accuracy 81.722 %
Testing at - 117760/306969 of epoch 0, loss 0.474141, accuracy 78.311 %, best 78.832 %
Finished training it 118784/306969 of epoch 1, 14.20 ms/it, loss 0.404063, accuracy 81.520 %
Testing at - 118784/306969 of epoch 0, loss 0.482337, accuracy 78.231 %, best 78.832 %
Finished training it 119808/306969 of epoch 1, 14.33 ms/it, loss 0.405244, accuracy 81.557 %
Testing at - 119808/306969 of epoch 0, loss 0.477801, accuracy 78.142 %, best 78.832 %
Finished training it 120832/306969 of epoch 1, 14.18 ms/it, loss 0.402988, accuracy 81.731 %
Testing at - 120832/306969 of epoch 0, loss 0.495428, accuracy 77.929 %, best 78.832 %
Finished training it 121856/306969 of epoch 1, 13.13 ms/it, loss 0.405498, accuracy 81.608 %
Testing at - 121856/306969 of epoch 0, loss 0.469296, accuracy 78.350 %, best 78.832 %
Finished training it 122880/306969 of epoch 1, 14.02 ms/it, loss 0.404534, accuracy 81.441 %
Testing at - 122880/306969 of epoch 0, loss 0.476420, accuracy 78.445 %, best 78.832 %
Finished training it 123904/306969 of epoch 1, 14.38 ms/it, loss 0.408483, accuracy 81.393 %
Testing at - 123904/306969 of epoch 0, loss 0.491936, accuracy 78.146 %, best 78.832 %
Finished training it 124928/306969 of epoch 1, 14.24 ms/it, loss 0.401853, accuracy 81.652 %
Testing at - 124928/306969 of epoch 0, loss 0.471605, accuracy 78.338 %, best 78.832 %
Finished training it 125952/306969 of epoch 1, 14.25 ms/it, loss 0.406249, accuracy 81.531 %
Testing at - 125952/306969 of epoch 0, loss 0.466991, accuracy 78.221 %, best 78.832 %
Finished training it 126976/306969 of epoch 1, 14.15 ms/it, loss 0.404954, accuracy 81.485 %
Testing at - 126976/306969 of epoch 0, loss 0.479585, accuracy 78.243 %, best 78.832 %
Finished training it 128000/306969 of epoch 1, 13.51 ms/it, loss 0.401115, accuracy 81.710 %
Testing at - 128000/306969 of epoch 0, loss 0.468673, accuracy 78.303 %, best 78.832 %
Finished training it 129024/306969 of epoch 1, 11.84 ms/it, loss 0.402912, accuracy 81.706 %
Testing at - 129024/306969 of epoch 0, loss 0.478249, accuracy 77.896 %, best 78.832 %
Finished training it 130048/306969 of epoch 1, 14.58 ms/it, loss 0.403846, accuracy 81.611 %
Testing at - 130048/306969 of epoch 0, loss 0.473652, accuracy 78.359 %, best 78.832 %
Finished training it 131072/306969 of epoch 1, 14.40 ms/it, loss 0.401328, accuracy 81.677 %
Testing at - 131072/306969 of epoch 0, loss 0.470423, accuracy 78.425 %, best 78.832 %
Finished training it 132096/306969 of epoch 1, 12.41 ms/it, loss 0.436626, accuracy 79.803 %
Testing at - 132096/306969 of epoch 0, loss 0.454264, accuracy 78.747 %, best 78.832 %
Finished training it 133120/306969 of epoch 1, 13.94 ms/it, loss 0.434912, accuracy 80.022 %
Testing at - 133120/306969 of epoch 0, loss 0.454554, accuracy 78.660 %, best 78.832 %
Finished training it 134144/306969 of epoch 1, 14.41 ms/it, loss 0.432561, accuracy 80.001 %
Testing at - 134144/306969 of epoch 0, loss 0.454781, accuracy 78.739 %, best 78.832 %
Finished training it 135168/306969 of epoch 1, 14.58 ms/it, loss 0.426848, accuracy 80.297 %
Testing at - 135168/306969 of epoch 0, loss 0.455606, accuracy 78.647 %, best 78.832 %
Finished training it 136192/306969 of epoch 1, 13.84 ms/it, loss 0.427907, accuracy 80.396 %
Testing at - 136192/306969 of epoch 0, loss 0.455145, accuracy 78.749 %, best 78.832 %
Finished training it 137216/306969 of epoch 1, 14.69 ms/it, loss 0.422787, accuracy 80.648 %
Testing at - 137216/306969 of epoch 0, loss 0.456371, accuracy 78.632 %, best 78.832 %
Finished training it 138240/306969 of epoch 1, 14.46 ms/it, loss 0.421022, accuracy 80.805 %
Testing at - 138240/306969 of epoch 0, loss 0.457595, accuracy 78.520 %, best 78.832 %
Finished training it 139264/306969 of epoch 1, 11.49 ms/it, loss 0.418206, accuracy 80.916 %
Testing at - 139264/306969 of epoch 0, loss 0.461979, accuracy 78.203 %, best 78.832 %
Finished training it 140288/306969 of epoch 1, 14.57 ms/it, loss 0.410182, accuracy 81.383 %
Testing at - 140288/306969 of epoch 0, loss 0.466901, accuracy 78.462 %, best 78.832 %
Finished training it 141312/306969 of epoch 1, 14.17 ms/it, loss 0.405909, accuracy 81.707 %
Testing at - 141312/306969 of epoch 0, loss 0.475554, accuracy 78.068 %, best 78.832 %
Finished training it 142336/306969 of epoch 1, 14.15 ms/it, loss 0.402322, accuracy 81.812 %
Testing at - 142336/306969 of epoch 0, loss 0.474068, accuracy 78.108 %, best 78.832 %
Finished training it 143360/306969 of epoch 1, 14.51 ms/it, loss 0.400004, accuracy 81.818 %
Testing at - 143360/306969 of epoch 0, loss 0.511418, accuracy 76.071 %, best 78.832 %
Finished training it 144384/306969 of epoch 1, 14.29 ms/it, loss 0.399456, accuracy 81.805 %
Testing at - 144384/306969 of epoch 0, loss 0.473072, accuracy 78.472 %, best 78.832 %
Finished training it 145408/306969 of epoch 1, 14.14 ms/it, loss 0.410174, accuracy 81.232 %
Testing at - 145408/306969 of epoch 0, loss 0.461723, accuracy 78.665 %, best 78.832 %
Finished training it 146432/306969 of epoch 1, 14.32 ms/it, loss 0.423147, accuracy 80.555 %
Testing at - 146432/306969 of epoch 0, loss 0.479017, accuracy 78.133 %, best 78.832 %
Finished training it 147456/306969 of epoch 1, 14.30 ms/it, loss 0.396787, accuracy 81.948 %
Testing at - 147456/306969 of epoch 0, loss 0.486332, accuracy 77.792 %, best 78.832 %
Finished training it 148480/306969 of epoch 1, 13.56 ms/it, loss 0.396166, accuracy 81.937 %
Testing at - 148480/306969 of epoch 0, loss 0.486524, accuracy 78.098 %, best 78.832 %
Finished training it 149504/306969 of epoch 1, 14.24 ms/it, loss 0.396625, accuracy 81.996 %
Testing at - 149504/306969 of epoch 0, loss 0.478469, accuracy 78.290 %, best 78.832 %
Finished training it 150528/306969 of epoch 1, 14.35 ms/it, loss 0.398471, accuracy 81.848 %
Testing at - 150528/306969 of epoch 0, loss 0.498523, accuracy 78.114 %, best 78.832 %
Finished training it 151552/306969 of epoch 1, 14.23 ms/it, loss 0.392678, accuracy 82.188 %
Testing at - 151552/306969 of epoch 0, loss 0.479560, accuracy 77.830 %, best 78.832 %
Finished training it 152576/306969 of epoch 1, 13.43 ms/it, loss 0.394222, accuracy 82.064 %
Testing at - 152576/306969 of epoch 0, loss 0.476799, accuracy 78.255 %, best 78.832 %
Finished training it 153600/306969 of epoch 1, 14.19 ms/it, loss 0.396753, accuracy 81.999 %
Testing at - 153600/306969 of epoch 0, loss 0.477509, accuracy 78.189 %, best 78.832 %
Finished training it 154624/306969 of epoch 1, 14.31 ms/it, loss 0.395161, accuracy 82.118 %
Testing at - 154624/306969 of epoch 0, loss 0.473462, accuracy 78.468 %, best 78.832 %
Finished training it 155648/306969 of epoch 1, 14.46 ms/it, loss 0.392835, accuracy 82.096 %
Testing at - 155648/306969 of epoch 0, loss 0.486143, accuracy 78.182 %, best 78.832 %
Finished training it 156672/306969 of epoch 1, 14.03 ms/it, loss 0.394269, accuracy 82.099 %
Testing at - 156672/306969 of epoch 0, loss 0.485748, accuracy 78.347 %, best 78.832 %
Finished training it 157696/306969 of epoch 1, 13.25 ms/it, loss 0.394091, accuracy 82.204 %
Testing at - 157696/306969 of epoch 0, loss 0.490635, accuracy 78.103 %, best 78.832 %
Finished training it 158720/306969 of epoch 1, 14.24 ms/it, loss 0.396139, accuracy 82.141 %
Testing at - 158720/306969 of epoch 0, loss 0.477616, accuracy 78.229 %, best 78.832 %
Finished training it 159744/306969 of epoch 1, 13.19 ms/it, loss 0.397009, accuracy 81.963 %
Testing at - 159744/306969 of epoch 0, loss 0.481148, accuracy 78.120 %, best 78.832 %
Finished training it 160768/306969 of epoch 1, 14.31 ms/it, loss 0.394668, accuracy 82.183 %
Testing at - 160768/306969 of epoch 0, loss 0.516848, accuracy 77.890 %, best 78.832 %
Finished training it 161792/306969 of epoch 1, 13.73 ms/it, loss 0.396623, accuracy 81.966 %
Testing at - 161792/306969 of epoch 0, loss 0.481621, accuracy 78.315 %, best 78.832 %
Finished training it 162816/306969 of epoch 1, 14.46 ms/it, loss 0.396011, accuracy 82.062 %
Testing at - 162816/306969 of epoch 0, loss 0.480382, accuracy 77.778 %, best 78.832 %
Finished training it 163840/306969 of epoch 1, 14.40 ms/it, loss 0.394804, accuracy 82.082 %
Testing at - 163840/306969 of epoch 0, loss 0.478241, accuracy 78.157 %, best 78.832 %
Finished training it 164864/306969 of epoch 1, 12.67 ms/it, loss 0.395262, accuracy 82.074 %
Testing at - 164864/306969 of epoch 0, loss 0.480741, accuracy 78.013 %, best 78.832 %
Finished training it 165888/306969 of epoch 1, 12.94 ms/it, loss 0.395382, accuracy 81.991 %
Testing at - 165888/306969 of epoch 0, loss 0.502043, accuracy 77.881 %, best 78.832 %
Finished training it 166912/306969 of epoch 1, 13.93 ms/it, loss 0.395912, accuracy 81.980 %
Testing at - 166912/306969 of epoch 0, loss 0.486358, accuracy 78.205 %, best 78.832 %
Finished training it 167936/306969 of epoch 1, 14.59 ms/it, loss 0.431845, accuracy 80.128 %
Testing at - 167936/306969 of epoch 0, loss 0.454324, accuracy 78.702 %, best 78.832 %
Finished training it 168960/306969 of epoch 1, 14.33 ms/it, loss 0.409169, accuracy 81.345 %
Testing at - 168960/306969 of epoch 0, loss 0.487235, accuracy 78.050 %, best 78.832 %
Finished training it 169984/306969 of epoch 1, 13.92 ms/it, loss 0.396408, accuracy 81.966 %
Testing at - 169984/306969 of epoch 0, loss 0.487302, accuracy 77.795 %, best 78.832 %
Finished training it 171008/306969 of epoch 1, 14.13 ms/it, loss 0.390087, accuracy 82.301 %
Testing at - 171008/306969 of epoch 0, loss 0.486730, accuracy 78.054 %, best 78.832 %
Finished training it 172032/306969 of epoch 1, 14.44 ms/it, loss 0.392546, accuracy 82.252 %
Testing at - 172032/306969 of epoch 0, loss 0.482727, accuracy 78.387 %, best 78.832 %
Finished training it 173056/306969 of epoch 1, 14.55 ms/it, loss 0.395390, accuracy 81.990 %
Testing at - 173056/306969 of epoch 0, loss 0.507943, accuracy 76.652 %, best 78.832 %
Finished training it 174080/306969 of epoch 1, 13.82 ms/it, loss 0.391567, accuracy 82.224 %
Testing at - 174080/306969 of epoch 0, loss 0.514903, accuracy 78.049 %, best 78.832 %
Finished training it 175104/306969 of epoch 1, 14.39 ms/it, loss 0.392804, accuracy 82.166 %
Testing at - 175104/306969 of epoch 0, loss 0.482267, accuracy 78.181 %, best 78.832 %
Finished training it 176128/306969 of epoch 1, 13.75 ms/it, loss 0.392809, accuracy 82.294 %
Testing at - 176128/306969 of epoch 0, loss 0.494382, accuracy 78.293 %, best 78.832 %
Finished training it 177152/306969 of epoch 1, 14.33 ms/it, loss 0.389271, accuracy 82.471 %
Testing at - 177152/306969 of epoch 0, loss 0.483935, accuracy 78.340 %, best 78.832 %
Finished training it 178176/306969 of epoch 1, 13.93 ms/it, loss 0.391033, accuracy 82.384 %
Testing at - 178176/306969 of epoch 0, loss 0.477877, accuracy 78.088 %, best 78.832 %
Finished training it 179200/306969 of epoch 1, 14.33 ms/it, loss 0.391611, accuracy 82.148 %
Testing at - 179200/306969 of epoch 0, loss 0.499721, accuracy 78.279 %, best 78.832 %
Finished training it 180224/306969 of epoch 1, 14.24 ms/it, loss 0.392682, accuracy 82.127 %
Testing at - 180224/306969 of epoch 0, loss 0.486090, accuracy 77.854 %, best 78.832 %
Finished training it 181248/306969 of epoch 1, 14.70 ms/it, loss 0.393620, accuracy 82.056 %
Testing at - 181248/306969 of epoch 0, loss 0.488762, accuracy 78.238 %, best 78.832 %
Finished training it 182272/306969 of epoch 1, 14.23 ms/it, loss 0.394205, accuracy 82.101 %
Testing at - 182272/306969 of epoch 0, loss 0.487145, accuracy 77.866 %, best 78.832 %
Finished training it 183296/306969 of epoch 1, 14.25 ms/it, loss 0.393725, accuracy 82.101 %
Testing at - 183296/306969 of epoch 0, loss 0.479342, accuracy 78.304 %, best 78.832 %
Finished training it 184320/306969 of epoch 1, 13.43 ms/it, loss 0.390539, accuracy 82.273 %
Testing at - 184320/306969 of epoch 0, loss 0.511128, accuracy 76.376 %, best 78.832 %
Finished training it 185344/306969 of epoch 1, 14.37 ms/it, loss 0.392389, accuracy 82.130 %
Testing at - 185344/306969 of epoch 0, loss 0.494191, accuracy 78.088 %, best 78.832 %
Finished training it 186368/306969 of epoch 1, 14.33 ms/it, loss 0.391505, accuracy 82.155 %
Testing at - 186368/306969 of epoch 0, loss 0.490362, accuracy 78.224 %, best 78.832 %
Finished training it 187392/306969 of epoch 1, 14.02 ms/it, loss 0.391433, accuracy 82.206 %
Testing at - 187392/306969 of epoch 0, loss 0.493972, accuracy 78.380 %, best 78.832 %
Finished training it 188416/306969 of epoch 1, 14.17 ms/it, loss 0.389564, accuracy 82.345 %
Testing at - 188416/306969 of epoch 0, loss 0.492274, accuracy 77.402 %, best 78.832 %
Finished training it 189440/306969 of epoch 1, 14.35 ms/it, loss 0.392759, accuracy 82.224 %
Testing at - 189440/306969 of epoch 0, loss 0.499036, accuracy 78.175 %, best 78.832 %
Finished training it 190464/306969 of epoch 1, 12.88 ms/it, loss 0.391306, accuracy 82.256 %
Testing at - 190464/306969 of epoch 0, loss 0.493306, accuracy 78.178 %, best 78.832 %
Finished training it 191488/306969 of epoch 1, 14.48 ms/it, loss 0.388680, accuracy 82.454 %
Testing at - 191488/306969 of epoch 0, loss 0.484191, accuracy 78.315 %, best 78.832 %
Finished training it 192512/306969 of epoch 1, 14.39 ms/it, loss 0.385963, accuracy 82.554 %
Testing at - 192512/306969 of epoch 0, loss 0.482483, accuracy 78.391 %, best 78.832 %
Finished training it 193536/306969 of epoch 1, 13.06 ms/it, loss 0.390315, accuracy 82.296 %
Testing at - 193536/306969 of epoch 0, loss 0.484076, accuracy 78.300 %, best 78.832 %
Finished training it 194560/306969 of epoch 1, 14.46 ms/it, loss 0.389024, accuracy 82.362 %
Testing at - 194560/306969 of epoch 0, loss 0.483069, accuracy 77.939 %, best 78.832 %
Finished training it 195584/306969 of epoch 1, 14.84 ms/it, loss 0.391373, accuracy 82.151 %
Testing at - 195584/306969 of epoch 0, loss 0.488838, accuracy 77.631 %, best 78.832 %
Finished training it 196608/306969 of epoch 1, 14.56 ms/it, loss 0.390853, accuracy 82.352 %
Testing at - 196608/306969 of epoch 0, loss 0.484948, accuracy 77.765 %, best 78.832 %
Finished training it 197632/306969 of epoch 1, 14.45 ms/it, loss 0.391543, accuracy 82.348 %
Testing at - 197632/306969 of epoch 0, loss 0.489087, accuracy 77.994 %, best 78.832 %
Finished training it 198656/306969 of epoch 1, 14.33 ms/it, loss 0.391370, accuracy 82.243 %
Testing at - 198656/306969 of epoch 0, loss 0.483012, accuracy 78.282 %, best 78.832 %
Finished training it 199680/306969 of epoch 1, 14.30 ms/it, loss 0.390347, accuracy 82.317 %
Testing at - 199680/306969 of epoch 0, loss 0.479833, accuracy 78.196 %, best 78.832 %
Finished training it 200704/306969 of epoch 1, 10.24 ms/it, loss 0.387498, accuracy 82.355 %
Testing at - 200704/306969 of epoch 0, loss 0.495336, accuracy 77.250 %, best 78.832 %
Finished training it 201728/306969 of epoch 1, 14.41 ms/it, loss 0.390668, accuracy 82.193 %
Testing at - 201728/306969 of epoch 0, loss 0.486451, accuracy 78.152 %, best 78.832 %
Finished training it 202752/306969 of epoch 1, 14.11 ms/it, loss 0.389095, accuracy 82.315 %
Testing at - 202752/306969 of epoch 0, loss 0.483447, accuracy 78.308 %, best 78.832 %
Finished training it 203776/306969 of epoch 1, 13.98 ms/it, loss 0.389081, accuracy 82.461 %
Testing at - 203776/306969 of epoch 0, loss 0.482572, accuracy 78.407 %, best 78.832 %
Finished training it 204800/306969 of epoch 1, 14.05 ms/it, loss 0.386731, accuracy 82.479 %
Testing at - 204800/306969 of epoch 0, loss 0.490965, accuracy 78.303 %, best 78.832 %
Finished training it 205824/306969 of epoch 1, 14.15 ms/it, loss 0.389601, accuracy 82.316 %
Testing at - 205824/306969 of epoch 0, loss 0.511748, accuracy 78.020 %, best 78.832 %
Finished training it 206848/306969 of epoch 1, 14.37 ms/it, loss 0.387273, accuracy 82.494 %
Testing at - 206848/306969 of epoch 0, loss 0.491175, accuracy 78.363 %, best 78.832 %
Finished training it 207872/306969 of epoch 1, 14.24 ms/it, loss 0.387487, accuracy 82.344 %
Testing at - 207872/306969 of epoch 0, loss 0.485639, accuracy 78.256 %, best 78.832 %
Finished training it 208896/306969 of epoch 1, 13.75 ms/it, loss 0.388853, accuracy 82.375 %
Testing at - 208896/306969 of epoch 0, loss 0.491451, accuracy 78.413 %, best 78.832 %
Finished training it 209920/306969 of epoch 1, 13.92 ms/it, loss 0.388668, accuracy 82.407 %
Testing at - 209920/306969 of epoch 0, loss 0.485210, accuracy 78.282 %, best 78.832 %
Finished training it 210944/306969 of epoch 1, 13.98 ms/it, loss 0.387913, accuracy 82.299 %
Testing at - 210944/306969 of epoch 0, loss 0.490674, accuracy 77.859 %, best 78.832 %
Finished training it 211968/306969 of epoch 1, 13.24 ms/it, loss 0.387727, accuracy 82.465 %
Testing at - 211968/306969 of epoch 0, loss 0.487098, accuracy 77.599 %, best 78.832 %
Finished training it 212992/306969 of epoch 1, 14.08 ms/it, loss 0.386670, accuracy 82.416 %
Testing at - 212992/306969 of epoch 0, loss 0.482126, accuracy 78.200 %, best 78.832 %
Finished training it 214016/306969 of epoch 1, 11.32 ms/it, loss 0.385035, accuracy 82.507 %
Testing at - 214016/306969 of epoch 0, loss 0.483572, accuracy 78.131 %, best 78.832 %
Finished training it 215040/306969 of epoch 1, 13.93 ms/it, loss 0.385710, accuracy 82.523 %
Testing at - 215040/306969 of epoch 0, loss 0.520375, accuracy 77.992 %, best 78.832 %
Finished training it 216064/306969 of epoch 1, 13.67 ms/it, loss 0.384713, accuracy 82.510 %
Testing at - 216064/306969 of epoch 0, loss 0.502809, accuracy 78.259 %, best 78.832 %
Finished training it 217088/306969 of epoch 1, 14.80 ms/it, loss 0.387367, accuracy 82.520 %
Testing at - 217088/306969 of epoch 0, loss 0.508803, accuracy 78.297 %, best 78.832 %
Finished training it 218112/306969 of epoch 1, 13.42 ms/it, loss 0.387645, accuracy 82.468 %
Testing at - 218112/306969 of epoch 0, loss 0.501796, accuracy 78.118 %, best 78.832 %
Finished training it 219136/306969 of epoch 1, 13.71 ms/it, loss 0.386501, accuracy 82.521 %
Testing at - 219136/306969 of epoch 0, loss 0.494212, accuracy 78.167 %, best 78.832 %
Finished training it 220160/306969 of epoch 1, 14.81 ms/it, loss 0.385573, accuracy 82.568 %
Testing at - 220160/306969 of epoch 0, loss 0.484110, accuracy 78.258 %, best 78.832 %
Finished training it 221184/306969 of epoch 1, 14.61 ms/it, loss 0.383000, accuracy 82.612 %
Testing at - 221184/306969 of epoch 0, loss 0.486359, accuracy 78.062 %, best 78.832 %
Finished training it 222208/306969 of epoch 1, 14.53 ms/it, loss 0.387072, accuracy 82.475 %
Testing at - 222208/306969 of epoch 0, loss 0.501475, accuracy 78.398 %, best 78.832 %
Finished training it 223232/306969 of epoch 1, 14.68 ms/it, loss 0.421737, accuracy 80.600 %
Saving model to results/l1/102326_0.3/model.pth
Testing at - 223232/306969 of epoch 0, loss 0.455345, accuracy 78.836 %, best 78.836 %
Finished training it 224256/306969 of epoch 1, 14.77 ms/it, loss 0.434089, accuracy 80.101 %
Testing at - 224256/306969 of epoch 0, loss 0.453708, accuracy 78.735 %, best 78.836 %
Finished training it 225280/306969 of epoch 1, 14.72 ms/it, loss 0.428338, accuracy 80.431 %
Testing at - 225280/306969 of epoch 0, loss 0.456282, accuracy 78.713 %, best 78.836 %
Finished training it 226304/306969 of epoch 1, 14.62 ms/it, loss 0.413913, accuracy 81.430 %
Testing at - 226304/306969 of epoch 0, loss 0.458598, accuracy 78.607 %, best 78.836 %
Finished training it 227328/306969 of epoch 1, 14.15 ms/it, loss 0.410770, accuracy 81.454 %
Testing at - 227328/306969 of epoch 0, loss 0.466833, accuracy 78.557 %, best 78.836 %
Finished training it 228352/306969 of epoch 1, 12.71 ms/it, loss 0.405111, accuracy 81.880 %
Testing at - 228352/306969 of epoch 0, loss 0.464471, accuracy 78.189 %, best 78.836 %
Finished training it 229376/306969 of epoch 1, 13.93 ms/it, loss 0.401362, accuracy 82.086 %
Testing at - 229376/306969 of epoch 0, loss 0.461252, accuracy 78.459 %, best 78.836 %
Finished training it 230400/306969 of epoch 1, 14.04 ms/it, loss 0.396939, accuracy 82.291 %
Testing at - 230400/306969 of epoch 0, loss 0.463454, accuracy 78.300 %, best 78.836 %
Finished training it 231424/306969 of epoch 1, 11.86 ms/it, loss 0.394489, accuracy 82.365 %
Testing at - 231424/306969 of epoch 0, loss 0.470304, accuracy 77.864 %, best 78.836 %
Finished training it 232448/306969 of epoch 1, 14.16 ms/it, loss 0.394797, accuracy 82.255 %
Testing at - 232448/306969 of epoch 0, loss 0.472082, accuracy 78.333 %, best 78.836 %
Finished training it 233472/306969 of epoch 1, 13.60 ms/it, loss 0.396747, accuracy 82.182 %
Testing at - 233472/306969 of epoch 0, loss 0.471369, accuracy 78.393 %, best 78.836 %
Finished training it 234496/306969 of epoch 1, 14.27 ms/it, loss 0.391686, accuracy 82.476 %
Testing at - 234496/306969 of epoch 0, loss 0.499802, accuracy 78.212 %, best 78.836 %
Finished training it 235520/306969 of epoch 1, 14.24 ms/it, loss 0.392788, accuracy 82.381 %
Testing at - 235520/306969 of epoch 0, loss 0.477758, accuracy 77.586 %, best 78.836 %
Finished training it 236544/306969 of epoch 1, 13.96 ms/it, loss 0.393265, accuracy 82.321 %
Testing at - 236544/306969 of epoch 0, loss 0.474091, accuracy 78.260 %, best 78.836 %
Finished training it 237568/306969 of epoch 1, 13.68 ms/it, loss 0.388043, accuracy 82.618 %
Testing at - 237568/306969 of epoch 0, loss 0.476214, accuracy 77.992 %, best 78.836 %
Finished training it 238592/306969 of epoch 1, 14.41 ms/it, loss 0.390441, accuracy 82.462 %
Testing at - 238592/306969 of epoch 0, loss 0.474081, accuracy 78.262 %, best 78.836 %
Finished training it 239616/306969 of epoch 1, 13.98 ms/it, loss 0.391074, accuracy 82.394 %
Testing at - 239616/306969 of epoch 0, loss 0.470957, accuracy 78.138 %, best 78.836 %
Finished training it 240640/306969 of epoch 1, 13.64 ms/it, loss 0.387247, accuracy 82.600 %
Testing at - 240640/306969 of epoch 0, loss 0.472734, accuracy 78.145 %, best 78.836 %
Finished training it 241664/306969 of epoch 1, 14.07 ms/it, loss 0.384953, accuracy 82.677 %
Testing at - 241664/306969 of epoch 0, loss 0.472391, accuracy 78.199 %, best 78.836 %
Finished training it 242688/306969 of epoch 1, 14.32 ms/it, loss 0.387669, accuracy 82.601 %
Testing at - 242688/306969 of epoch 0, loss 0.478614, accuracy 77.727 %, best 78.836 %
Finished training it 243712/306969 of epoch 1, 13.56 ms/it, loss 0.386658, accuracy 82.579 %
Testing at - 243712/306969 of epoch 0, loss 0.482615, accuracy 78.410 %, best 78.836 %
Finished training it 244736/306969 of epoch 1, 14.20 ms/it, loss 0.386418, accuracy 82.595 %
Testing at - 244736/306969 of epoch 0, loss 0.475274, accuracy 77.992 %, best 78.836 %
Finished training it 245760/306969 of epoch 1, 14.73 ms/it, loss 0.384512, accuracy 82.750 %
Testing at - 245760/306969 of epoch 0, loss 0.472822, accuracy 78.330 %, best 78.836 %
Finished training it 246784/306969 of epoch 1, 13.70 ms/it, loss 0.383601, accuracy 82.670 %
Testing at - 246784/306969 of epoch 0, loss 0.476073, accuracy 77.965 %, best 78.836 %
Finished training it 247808/306969 of epoch 1, 14.32 ms/it, loss 0.383967, accuracy 82.798 %
Testing at - 247808/306969 of epoch 0, loss 0.475357, accuracy 78.288 %, best 78.836 %
Finished training it 248832/306969 of epoch 1, 12.84 ms/it, loss 0.385110, accuracy 82.721 %
Testing at - 248832/306969 of epoch 0, loss 0.474473, accuracy 78.347 %, best 78.836 %
Finished training it 249856/306969 of epoch 1, 14.48 ms/it, loss 0.387019, accuracy 82.525 %
Testing at - 249856/306969 of epoch 0, loss 0.471073, accuracy 78.345 %, best 78.836 %
Finished training it 250880/306969 of epoch 1, 14.61 ms/it, loss 0.382673, accuracy 82.734 %
Testing at - 250880/306969 of epoch 0, loss 0.476687, accuracy 78.070 %, best 78.836 %
Finished training it 251904/306969 of epoch 1, 13.78 ms/it, loss 0.384474, accuracy 82.655 %
Testing at - 251904/306969 of epoch 0, loss 0.474707, accuracy 78.362 %, best 78.836 %
Finished training it 252928/306969 of epoch 1, 13.65 ms/it, loss 0.381652, accuracy 82.903 %
Testing at - 252928/306969 of epoch 0, loss 0.480340, accuracy 78.062 %, best 78.836 %
Finished training it 253952/306969 of epoch 1, 14.50 ms/it, loss 0.381113, accuracy 82.934 %
Testing at - 253952/306969 of epoch 0, loss 0.472399, accuracy 78.365 %, best 78.836 %
Finished training it 254976/306969 of epoch 1, 14.74 ms/it, loss 0.383652, accuracy 82.753 %
Testing at - 254976/306969 of epoch 0, loss 0.474899, accuracy 78.279 %, best 78.836 %
Finished training it 256000/306969 of epoch 1, 14.63 ms/it, loss 0.385045, accuracy 82.625 %
Testing at - 256000/306969 of epoch 0, loss 0.479370, accuracy 78.322 %, best 78.836 %
Finished training it 257024/306969 of epoch 1, 12.98 ms/it, loss 0.383196, accuracy 82.742 %
Testing at - 257024/306969 of epoch 0, loss 0.476452, accuracy 78.418 %, best 78.836 %
Finished training it 258048/306969 of epoch 1, 13.79 ms/it, loss 0.379932, accuracy 82.829 %
Testing at - 258048/306969 of epoch 0, loss 0.478643, accuracy 78.280 %, best 78.836 %
Finished training it 259072/306969 of epoch 1, 13.98 ms/it, loss 0.380033, accuracy 82.954 %
Testing at - 259072/306969 of epoch 0, loss 0.475753, accuracy 78.344 %, best 78.836 %
Finished training it 260096/306969 of epoch 1, 14.24 ms/it, loss 0.381320, accuracy 82.883 %
Testing at - 260096/306969 of epoch 0, loss 0.483685, accuracy 77.777 %, best 78.836 %
Finished training it 261120/306969 of epoch 1, 14.46 ms/it, loss 0.382893, accuracy 82.745 %
Testing at - 261120/306969 of epoch 0, loss 0.479676, accuracy 77.911 %, best 78.836 %
Finished training it 262144/306969 of epoch 1, 14.31 ms/it, loss 0.381200, accuracy 82.886 %
Testing at - 262144/306969 of epoch 0, loss 0.482328, accuracy 78.420 %, best 78.836 %
Finished training it 263168/306969 of epoch 1, 14.29 ms/it, loss 0.381953, accuracy 82.796 %
Testing at - 263168/306969 of epoch 0, loss 0.496469, accuracy 78.207 %, best 78.836 %
Finished training it 264192/306969 of epoch 1, 14.23 ms/it, loss 0.383170, accuracy 82.629 %
Testing at - 264192/306969 of epoch 0, loss 0.484875, accuracy 78.424 %, best 78.836 %
Finished training it 265216/306969 of epoch 1, 14.29 ms/it, loss 0.380118, accuracy 82.773 %
Testing at - 265216/306969 of epoch 0, loss 0.485620, accuracy 78.474 %, best 78.836 %
Finished training it 266240/306969 of epoch 1, 12.25 ms/it, loss 0.378870, accuracy 82.862 %
Testing at - 266240/306969 of epoch 0, loss 0.487037, accuracy 78.308 %, best 78.836 %
Finished training it 267264/306969 of epoch 1, 14.28 ms/it, loss 0.383198, accuracy 82.750 %
Testing at - 267264/306969 of epoch 0, loss 0.482352, accuracy 78.007 %, best 78.836 %
Finished training it 268288/306969 of epoch 1, 13.82 ms/it, loss 0.380774, accuracy 82.830 %
Testing at - 268288/306969 of epoch 0, loss 0.477341, accuracy 78.373 %, best 78.836 %
Finished training it 269312/306969 of epoch 1, 13.07 ms/it, loss 0.378978, accuracy 82.951 %
Testing at - 269312/306969 of epoch 0, loss 0.483691, accuracy 77.655 %, best 78.836 %
Finished training it 270336/306969 of epoch 1, 14.45 ms/it, loss 0.381749, accuracy 82.850 %
Testing at - 270336/306969 of epoch 0, loss 0.478673, accuracy 78.454 %, best 78.836 %
Finished training it 271360/306969 of epoch 1, 14.36 ms/it, loss 0.378189, accuracy 82.885 %
Testing at - 271360/306969 of epoch 0, loss 0.482068, accuracy 78.295 %, best 78.836 %
Finished training it 272384/306969 of epoch 1, 14.26 ms/it, loss 0.379344, accuracy 82.806 %
Testing at - 272384/306969 of epoch 0, loss 0.481005, accuracy 78.075 %, best 78.836 %
Finished training it 273408/306969 of epoch 1, 14.23 ms/it, loss 0.380907, accuracy 82.749 %
Testing at - 273408/306969 of epoch 0, loss 0.476777, accuracy 78.291 %, best 78.836 %
Finished training it 274432/306969 of epoch 1, 14.49 ms/it, loss 0.381201, accuracy 82.715 %
Testing at - 274432/306969 of epoch 0, loss 0.489420, accuracy 78.397 %, best 78.836 %
Finished training it 275456/306969 of epoch 1, 14.34 ms/it, loss 0.380450, accuracy 82.800 %
Testing at - 275456/306969 of epoch 0, loss 0.492742, accuracy 77.929 %, best 78.836 %
Finished training it 276480/306969 of epoch 1, 14.37 ms/it, loss 0.380506, accuracy 82.839 %
Testing at - 276480/306969 of epoch 0, loss 0.487229, accuracy 78.441 %, best 78.836 %
Finished training it 277504/306969 of epoch 1, 13.67 ms/it, loss 0.378112, accuracy 82.954 %
Testing at - 277504/306969 of epoch 0, loss 0.479733, accuracy 78.331 %, best 78.836 %
Finished training it 278528/306969 of epoch 1, 10.15 ms/it, loss 0.381651, accuracy 82.610 %
Testing at - 278528/306969 of epoch 0, loss 0.479085, accuracy 77.948 %, best 78.836 %
Finished training it 279552/306969 of epoch 1, 14.26 ms/it, loss 0.382667, accuracy 82.638 %
Testing at - 279552/306969 of epoch 0, loss 0.476666, accuracy 78.355 %, best 78.836 %
Finished training it 280576/306969 of epoch 1, 14.53 ms/it, loss 0.380634, accuracy 82.731 %
Testing at - 280576/306969 of epoch 0, loss 0.478426, accuracy 78.356 %, best 78.836 %
Finished training it 281600/306969 of epoch 1, 14.42 ms/it, loss 0.376925, accuracy 82.969 %
Testing at - 281600/306969 of epoch 0, loss 0.481940, accuracy 78.275 %, best 78.836 %
Finished training it 282624/306969 of epoch 1, 14.38 ms/it, loss 0.378523, accuracy 82.948 %
Testing at - 282624/306969 of epoch 0, loss 0.478436, accuracy 78.442 %, best 78.836 %
Finished training it 283648/306969 of epoch 1, 14.56 ms/it, loss 0.380561, accuracy 82.672 %
Testing at - 283648/306969 of epoch 0, loss 0.479177, accuracy 78.234 %, best 78.836 %
Finished training it 284672/306969 of epoch 1, 14.51 ms/it, loss 0.380405, accuracy 82.693 %
Testing at - 284672/306969 of epoch 0, loss 0.502827, accuracy 78.330 %, best 78.836 %
Finished training it 285696/306969 of epoch 1, 14.52 ms/it, loss 0.380476, accuracy 82.887 %
Testing at - 285696/306969 of epoch 0, loss 0.477852, accuracy 78.134 %, best 78.836 %
Finished training it 286720/306969 of epoch 1, 14.42 ms/it, loss 0.382632, accuracy 82.658 %
Testing at - 286720/306969 of epoch 0, loss 0.479129, accuracy 78.435 %, best 78.836 %
Finished training it 287744/306969 of epoch 1, 14.40 ms/it, loss 0.377250, accuracy 82.997 %
Testing at - 287744/306969 of epoch 0, loss 0.487335, accuracy 78.449 %, best 78.836 %
Finished training it 288768/306969 of epoch 1, 14.46 ms/it, loss 0.378560, accuracy 82.800 %
Testing at - 288768/306969 of epoch 0, loss 0.485362, accuracy 78.255 %, best 78.836 %
Finished training it 289792/306969 of epoch 1, 14.46 ms/it, loss 0.378025, accuracy 82.944 %
Testing at - 289792/306969 of epoch 0, loss 0.485859, accuracy 78.361 %, best 78.836 %
Finished training it 290816/306969 of epoch 1, 14.40 ms/it, loss 0.381036, accuracy 82.661 %
Testing at - 290816/306969 of epoch 0, loss 0.489006, accuracy 78.526 %, best 78.836 %
Finished training it 291840/306969 of epoch 1, 13.58 ms/it, loss 0.379280, accuracy 82.889 %
Testing at - 291840/306969 of epoch 0, loss 0.477480, accuracy 78.446 %, best 78.836 %
Finished training it 292864/306969 of epoch 1, 14.52 ms/it, loss 0.379146, accuracy 82.735 %
Testing at - 292864/306969 of epoch 0, loss 0.478783, accuracy 78.281 %, best 78.836 %
Finished training it 293888/306969 of epoch 1, 14.50 ms/it, loss 0.379731, accuracy 82.910 %
Testing at - 293888/306969 of epoch 0, loss 0.490714, accuracy 77.571 %, best 78.836 %
Finished training it 294912/306969 of epoch 1, 13.30 ms/it, loss 0.377028, accuracy 82.814 %
Testing at - 294912/306969 of epoch 0, loss 0.484638, accuracy 77.900 %, best 78.836 %
Finished training it 295936/306969 of epoch 1, 14.37 ms/it, loss 0.378764, accuracy 82.895 %
Testing at - 295936/306969 of epoch 0, loss 0.504225, accuracy 78.326 %, best 78.836 %
Finished training it 296960/306969 of epoch 1, 12.17 ms/it, loss 0.380390, accuracy 82.684 %
Testing at - 296960/306969 of epoch 0, loss 0.498425, accuracy 78.109 %, best 78.836 %
Finished training it 297984/306969 of epoch 1, 13.90 ms/it, loss 0.380693, accuracy 82.616 %
Testing at - 297984/306969 of epoch 0, loss 0.486377, accuracy 78.427 %, best 78.836 %
Finished training it 299008/306969 of epoch 1, 13.95 ms/it, loss 0.380357, accuracy 82.726 %
Testing at - 299008/306969 of epoch 0, loss 0.495524, accuracy 78.226 %, best 78.836 %
Finished training it 300032/306969 of epoch 1, 11.36 ms/it, loss 0.378445, accuracy 82.885 %
Testing at - 300032/306969 of epoch 0, loss 0.478563, accuracy 78.452 %, best 78.836 %
Finished training it 301056/306969 of epoch 1, 14.31 ms/it, loss 0.376945, accuracy 82.996 %
Testing at - 301056/306969 of epoch 0, loss 0.487820, accuracy 77.878 %, best 78.836 %
Finished training it 302080/306969 of epoch 1, 14.45 ms/it, loss 0.378726, accuracy 82.883 %
Testing at - 302080/306969 of epoch 0, loss 0.481413, accuracy 78.427 %, best 78.836 %
Finished training it 303104/306969 of epoch 1, 14.42 ms/it, loss 0.379841, accuracy 82.714 %
Testing at - 303104/306969 of epoch 0, loss 0.487641, accuracy 77.659 %, best 78.836 %
Finished training it 304128/306969 of epoch 1, 14.51 ms/it, loss 0.380286, accuracy 82.686 %
Testing at - 304128/306969 of epoch 0, loss 0.487074, accuracy 78.107 %, best 78.836 %
Finished training it 305152/306969 of epoch 1, 14.22 ms/it, loss 0.375115, accuracy 82.950 %
Testing at - 305152/306969 of epoch 0, loss 0.495819, accuracy 77.407 %, best 78.836 %
Finished training it 306176/306969 of epoch 1, 13.03 ms/it, loss 0.375984, accuracy 83.057 %
Testing at - 306176/306969 of epoch 0, loss 0.485776, accuracy 78.414 %, best 78.836 %
Finished training it 306969/306969 of epoch 1, 14.39 ms/it, loss 0.398073, accuracy 82.068 %
Testing at - 306969/306969 of epoch 0, loss 0.476840, accuracy 78.424 %, best 78.836 %
